[2026-07-20T10:56:57.099Z] checkpoint preflight skipped=true checkpoints disabled (default; pass --checkpoint to enable)
[2026-07-20T10:56:57.099Z] start status=EXECUTE_BATCH mock=false
[2026-07-20T10:56:57.102Z] iter=1 status=EXECUTE_BATCH
[2026-07-20T11:05:05.175Z] iter=2 status=BATCH_REVIEW
[2026-07-20T11:06:59.722Z] batch review → FIX_BATCH (review fail blocker=0 critical=0)
[2026-07-20T11:06:59.724Z] iter=3 status=FIX_BATCH
[2026-07-20T11:09:05.693Z] iter=4 status=VERIFY_BATCH
[2026-07-20T11:09:12.773Z] checkbox missing: V2-S6-1,V2-S6-2
[2026-07-20T11:09:12.774Z] verify ok=false checks=false → FIX_BATCH (batch verify failed) fingerprint=30507b42e5d3b110360dd8c4e0dfdbd981000945
[2026-07-20T11:09:12.775Z] iter=5 status=FIX_BATCH
[2026-07-20T11:10:11.964Z] iter=6 status=VERIFY_BATCH
[2026-07-20T11:10:22.846Z] checkbox missing: V2-S6-1,V2-S6-2
[2026-07-20T11:10:22.847Z] verify ok=false checks=false → FIX_BATCH (batch verify failed) fingerprint=8d42c897d65ac38f0db5998f0f0fa1ff253f9e13
[2026-07-20T11:10:22.848Z] iter=7 status=FIX_BATCH
[2026-07-20T11:21:58.954Z] iter=8 status=VERIFY_BATCH
[2026-07-20T11:25:11.968Z] checkbox missing: V2-S6-1,V2-S6-2
[2026-07-20T11:25:11.970Z] verify ok=true checks=false → FIX_BATCH (checkbox_missing; tasks not checked: V2-S6-1,V2-S6-2) fingerprint=-
[2026-07-20T11:25:11.994Z] iter=9 status=FIX_BATCH
[2026-07-20T11:27:16.050Z] iter=10 status=VERIFY_BATCH
[2026-07-20T11:28:07.240Z] checkpoint skipped=true sha=null checkpoints disabled
[2026-07-20T11:28:07.241Z] verify ok=true checks=true → EXECUTE_BATCH (batch verify pass; more todos) fingerprint=-
[2026-07-20T11:28:07.248Z] iter=11 status=EXECUTE_BATCH
[2026-07-20T11:31:59.900Z] iter=12 status=BATCH_REVIEW
[2026-07-20T11:33:10.582Z] batch review → FIX_BATCH (review fail blocker=0 critical=0)
[2026-07-20T11:33:10.585Z] iter=13 status=FIX_BATCH
[2026-07-20T11:34:12.437Z] iter=14 status=VERIFY_BATCH
[2026-07-20T11:34:19.107Z] checkbox missing: V2-S6-3,V2-S6-4
[2026-07-20T11:34:19.107Z] verify ok=false checks=false → FIX_BATCH (batch verify failed) fingerprint=94722163b3840bda88d9b70fcec788cf33bce59b
[2026-07-20T11:34:19.108Z] iter=15 status=FIX_BATCH
[2026-07-20T11:35:02.329Z] iter=16 status=VERIFY_BATCH
[2026-07-20T11:35:12.169Z] checkbox missing: V2-S6-3,V2-S6-4
[2026-07-20T11:35:12.169Z] verify ok=true checks=false → FIX_BATCH (checkbox_missing; tasks not checked: V2-S6-3,V2-S6-4) fingerprint=-
[2026-07-20T11:35:12.170Z] iter=17 status=FIX_BATCH
[2026-07-20T11:35:51.583Z] iter=18 status=VERIFY_BATCH
[2026-07-20T11:35:59.015Z] checkpoint skipped=true sha=null checkpoints disabled
[2026-07-20T11:35:59.015Z] verify ok=true checks=true → EXECUTE_BATCH (batch verify pass; more todos) fingerprint=-
[2026-07-20T11:35:59.016Z] iter=19 status=EXECUTE_BATCH
[2026-07-20T11:38:53.753Z] iter=20 status=BATCH_REVIEW
[2026-07-20T11:40:24.311Z] batch review → FIX_BATCH (review fail blocker=0 critical=0)
[2026-07-20T11:40:24.312Z] iter=21 status=FIX_BATCH
[2026-07-20T11:41:22.823Z] iter=22 status=VERIFY_BATCH
[2026-07-20T11:41:28.012Z] checkbox missing: V2-S6-5,V2-S6-6
[2026-07-20T11:41:28.012Z] verify ok=false checks=false → FIX_BATCH (batch verify failed) fingerprint=c6fc6750f4d8b6f899e6f45e5a027bb4a0a35b7a
[2026-07-20T11:41:28.013Z] iter=23 status=FIX_BATCH
[2026-07-20T11:42:27.146Z] iter=24 status=VERIFY_BATCH
[2026-07-20T11:42:39.402Z] checkbox missing: V2-S6-5,V2-S6-6
[2026-07-20T11:42:39.402Z] verify ok=true checks=false → FIX_BATCH (checkbox_missing; tasks not checked: V2-S6-5,V2-S6-6) fingerprint=-
[2026-07-20T11:42:39.402Z] iter=25 status=FIX_BATCH
[2026-07-20T11:43:29.558Z] iter=26 status=VERIFY_BATCH
[2026-07-20T11:43:37.830Z] checkpoint skipped=true sha=null checkpoints disabled
[2026-07-20T11:43:37.830Z] verify ok=true checks=true → FULL_REVIEW (batch verify pass; no todos left) fingerprint=-
[2026-07-20T11:43:37.830Z] iter=27 status=FULL_REVIEW
[2026-07-20T11:45:16.218Z] full review → READY_FOR_MANUAL_QA (full review pass)
[2026-07-20T11:45:16.220Z] iter=28 status=READY_FOR_MANUAL_QA
