[2026-07-23T04:24:23.098Z] checkpoint preflight skipped=true checkpoints disabled (default; pass --checkpoint to enable)
[2026-07-23T04:24:23.098Z] start status=EXECUTE_BATCH mock=false
[2026-07-23T04:24:23.103Z] iter=1 status=EXECUTE_BATCH
[2026-07-23T04:30:30.268Z] iter=2 status=BATCH_REVIEW
[2026-07-23T04:31:54.604Z] batch review → VERIFY_BATCH (batch review pass)
[2026-07-23T04:31:54.605Z] iter=3 status=VERIFY_BATCH
[2026-07-23T04:32:06.192Z] verify ok=false checks=true → FIX_BATCH (batch verify failed) fingerprint=6210af125df5faaa89a47d12dc308ed7a463bc8e
[2026-07-23T04:32:06.194Z] iter=4 status=FIX_BATCH
[2026-07-23T04:33:22.157Z] iter=5 status=VERIFY_BATCH
[2026-07-23T04:33:36.188Z] checkpoint skipped=true sha=null checkpoints disabled
[2026-07-23T04:33:36.188Z] verify ok=true checks=true → EXECUTE_BATCH (batch verify pass; more todos) fingerprint=-
[2026-07-23T04:33:36.189Z] iter=6 status=EXECUTE_BATCH
[2026-07-23T04:37:13.144Z] iter=7 status=BATCH_REVIEW
[2026-07-23T04:39:19.827Z] batch review → VERIFY_BATCH (batch review pass)
[2026-07-23T04:39:19.828Z] iter=8 status=VERIFY_BATCH
[2026-07-23T04:39:33.534Z] checkpoint skipped=true sha=null checkpoints disabled
[2026-07-23T04:39:33.534Z] verify ok=true checks=true → EXECUTE_BATCH (batch verify pass; more todos) fingerprint=-
[2026-07-23T04:39:33.535Z] iter=9 status=EXECUTE_BATCH
[2026-07-23T04:48:48.467Z] iter=10 status=BATCH_REVIEW
[2026-07-23T04:52:03.360Z] batch review → VERIFY_BATCH (batch review pass)
[2026-07-23T04:52:03.361Z] iter=11 status=VERIFY_BATCH
[2026-07-23T04:52:17.401Z] checkpoint skipped=true sha=null checkpoints disabled
[2026-07-23T04:52:17.401Z] verify ok=true checks=true → EXECUTE_BATCH (batch verify pass; more todos) fingerprint=-
[2026-07-23T04:52:17.402Z] iter=12 status=EXECUTE_BATCH
[2026-07-23T04:59:13.652Z] iter=13 status=BATCH_REVIEW
[2026-07-23T05:02:39.738Z] batch review → VERIFY_BATCH (batch review pass)
[2026-07-23T05:02:39.739Z] iter=14 status=VERIFY_BATCH
[2026-07-23T05:02:54.479Z] checkpoint skipped=true sha=null checkpoints disabled
[2026-07-23T05:02:54.479Z] verify ok=true checks=true → EXECUTE_BATCH (batch verify pass; more todos) fingerprint=-
[2026-07-23T05:02:54.480Z] iter=15 status=EXECUTE_BATCH
[2026-07-23T05:11:53.906Z] iter=16 status=BATCH_REVIEW
[2026-07-23T05:13:51.364Z] batch review → VERIFY_BATCH (batch review pass)
[2026-07-23T05:13:51.365Z] iter=17 status=VERIFY_BATCH
[2026-07-23T05:14:05.622Z] checkpoint skipped=true sha=null checkpoints disabled
[2026-07-23T05:14:05.622Z] verify ok=true checks=true → EXECUTE_BATCH (batch verify pass; more todos) fingerprint=-
[2026-07-23T05:14:05.623Z] iter=18 status=EXECUTE_BATCH
[2026-07-23T05:17:35.437Z] iter=19 status=BATCH_REVIEW
[2026-07-23T05:20:03.458Z] batch review → VERIFY_BATCH (batch review pass)
[2026-07-23T05:20:03.459Z] iter=20 status=VERIFY_BATCH
[2026-07-23T05:20:17.327Z] verify ok=false checks=true → FIX_BATCH (batch verify failed) fingerprint=353e281985ce6872ff48ea130e6bfee4a1cbc59d
[2026-07-23T05:20:17.328Z] iter=21 status=FIX_BATCH
[2026-07-23T05:21:48.932Z] iter=22 status=VERIFY_BATCH
[2026-07-23T05:22:03.370Z] checkpoint skipped=true sha=null checkpoints disabled
[2026-07-23T05:22:03.370Z] verify ok=true checks=true → EXECUTE_BATCH (batch verify pass; more todos) fingerprint=-
[2026-07-23T05:22:03.370Z] iter=23 status=EXECUTE_BATCH
[2026-07-23T05:29:25.502Z] iter=24 status=BATCH_REVIEW
[2026-07-23T05:31:34.713Z] batch review → VERIFY_BATCH (batch review pass)
[2026-07-23T05:31:34.714Z] iter=25 status=VERIFY_BATCH
[2026-07-23T05:31:49.131Z] checkpoint skipped=true sha=null checkpoints disabled
[2026-07-23T05:31:49.131Z] verify ok=true checks=true → EXECUTE_BATCH (batch verify pass; more todos) fingerprint=-
[2026-07-23T05:31:49.131Z] iter=26 status=EXECUTE_BATCH
[2026-07-23T05:35:12.157Z] iter=27 status=BATCH_REVIEW
[2026-07-23T05:37:26.929Z] batch review → VERIFY_BATCH (batch review pass)
[2026-07-23T05:37:26.930Z] iter=28 status=VERIFY_BATCH
[2026-07-23T05:37:41.146Z] checkpoint skipped=true sha=null checkpoints disabled
[2026-07-23T05:37:41.146Z] verify ok=true checks=true → EXECUTE_BATCH (batch verify pass; more todos) fingerprint=-
[2026-07-23T05:37:41.146Z] iter=29 status=EXECUTE_BATCH
[2026-07-23T05:39:34.704Z] iter=30 status=BATCH_REVIEW
[2026-07-23T05:43:00.271Z] batch review → VERIFY_BATCH (batch review pass)
[2026-07-23T05:43:00.328Z] iter=31 status=VERIFY_BATCH
[2026-07-23T05:43:25.766Z] checkpoint skipped=true sha=null checkpoints disabled
[2026-07-23T05:43:25.766Z] verify ok=true checks=true → EXECUTE_BATCH (batch verify pass; more todos) fingerprint=-
[2026-07-23T05:43:25.767Z] iter=32 status=EXECUTE_BATCH
[2026-07-23T05:57:17.949Z] checkpoint preflight skipped=true checkpoints disabled (default; pass --checkpoint to enable)
[2026-07-23T05:57:17.950Z] start status=EXECUTE_BATCH mock=false
[2026-07-23T05:57:17.951Z] iter=1 status=EXECUTE_BATCH
[2026-07-23T06:01:49.622Z] iter=2 status=BATCH_REVIEW
[2026-07-23T06:03:55.218Z] batch review → VERIFY_BATCH (batch review pass)
[2026-07-23T06:03:55.219Z] iter=3 status=VERIFY_BATCH
[2026-07-23T06:04:11.951Z] checkpoint skipped=true sha=null checkpoints disabled
[2026-07-23T06:04:11.951Z] verify ok=true checks=true → EXECUTE_BATCH (batch verify pass; more todos) fingerprint=-
[2026-07-23T06:04:11.951Z] iter=4 status=EXECUTE_BATCH
[2026-07-23T06:07:28.865Z] iter=5 status=BATCH_REVIEW
[2026-07-23T06:10:56.085Z] batch review → VERIFY_BATCH (batch review pass)
[2026-07-23T06:10:56.086Z] iter=6 status=VERIFY_BATCH
[2026-07-23T06:11:17.074Z] checkpoint skipped=true sha=null checkpoints disabled
[2026-07-23T06:11:17.075Z] verify ok=true checks=true → FULL_REVIEW (batch verify pass; no todos left) fingerprint=-
[2026-07-23T06:11:17.076Z] iter=7 status=FULL_REVIEW
[2026-07-23T06:13:21.849Z] full review → READY_FOR_MANUAL_QA (full review pass)
[2026-07-23T06:13:21.850Z] iter=8 status=READY_FOR_MANUAL_QA
