[gbx] ▶ verify:npm run quality:studio start cmd=/bin/sh cwd=/Users/bolbiao/workspace/airpc-engine

> quality:studio
> node scripts/studio-quality/quality-studio.mjs


==> ensure-modal-layout (pre-typecheck)
ensure-modal-layout: nothing to remove

==> ensure-migrated-layout (pre-typecheck)
ensure-migrated-layout: nothing to remove

==> lint (@airpc/studio-v2)

> @airpc/studio-v2@0.0.1 lint
> node ./scripts/run-eslint.mjs . --max-warnings 0


==> typecheck (@airpc/studio-v2)

> @airpc/studio-v2@0.0.1 typecheck
> tsc -p tsconfig.json --noEmit


==> check:comments
check:comments ok (154 files)

==> check:studio-structure
WARN STUDIO-STRUCT-002  apps/studioV2/src/commonUiComponents/modal/form/FormModal/index.tsx:72:1  函数 FormModalFrame 有效行数 65 超过告警线 60  考虑拆分以保持可测性
WARN STUDIO-STRUCT-002  apps/studioV2/src/pageComponents/assets/hooks/useAssetLibraryPage.ts:19:1  函数 useAssetLibraryPage 有效行数 78 超过告警线 60  考虑拆分以保持可测性
WARN STUDIO-STRUCT-003  apps/studioV2/src/pageComponents/assets/hooks/useAssetLibraryPage.ts:19:1  函数 useAssetLibraryPage 圈复杂度 11 超过告警线 10  重构条件分支，避免继续堆叠
WARN STUDIO-STRUCT-002  apps/studioV2/src/pageComponents/characters/com/CharacterDetailEditForm.tsx:42:3  函数 CharacterDetailEditForm 有效行数 84 超过告警线 60  考虑拆分以保持可测性
WARN STUDIO-STRUCT-002  apps/studioV2/src/pageComponents/characters/hooks/useCharacterLibraryPage.ts:18:1  函数 useCharacterLibraryPage 有效行数 71 超过告警线 60  考虑拆分以保持可测性
WARN STUDIO-STRUCT-002  apps/studioV2/src/pageComponents/debugger/com/CallRunPanel.tsx:43:52  函数 CallRunPanel 有效行数 72 超过告警线 60  考虑拆分以保持可测性
WARN STUDIO-STRUCT-002  apps/studioV2/src/pageComponents/home/WorkbenchSideCol.tsx:21:37  函数 WorkbenchSideCol 有效行数 78 超过告警线 60  考虑拆分以保持可测性
WARN STUDIO-STRUCT-002  apps/studioV2/src/pageComponents/packages/create/CreatePackageView.tsx:22:38  函数 CreatePackageView 有效行数 63 超过告警线 60  考虑拆分以保持可测性
WARN STUDIO-STRUCT-002  apps/studioV2/src/pageComponents/packages/export/ExportPackageForm.tsx:33:45  函数 ExportPackageForm 有效行数 65 超过告警线 60  考虑拆分以保持可测性
WARN STUDIO-STRUCT-002  apps/studioV2/src/pageComponents/packages/list/PackageListView.tsx:30:36  函数 PackageListView 有效行数 84 超过告警线 60  考虑拆分以保持可测性
WARN STUDIO-STRUCT-002  apps/studioV2/src/pageComponents/settings/com/SettingsEnginePanels.tsx:92:62  函数 SchemaEnginePanel 有效行数 65 超过告警线 60  考虑拆分以保持可测性
WARN STUDIO-STRUCT-002  apps/studioV2/src/pageComponents/storyEditor/StoryEditorShell.tsx:36:60  函数 StoryEditorShell 有效行数 95 超过告警线 60  考虑拆分以保持可测性
WARN STUDIO-STRUCT-002  apps/studioV2/src/pageComponents/storyEditor/canvas/useStoryCanvasGraph.ts:54:1  函数 useStoryCanvasGraph 有效行数 98 超过告警线 60  考虑拆分以保持可测性
WARN STUDIO-STRUCT-002  apps/studioV2/src/pageComponents/storyEditor/com/panel/NodePropertyForm.tsx:39:60  函数 NodePropertyForm 有效行数 77 超过告警线 60  考虑拆分以保持可测性
WARN STUDIO-STRUCT-002  apps/studioV2/src/pageComponents/users/hooks/useUserLibraryPage.ts:18:1  函数 useUserLibraryPage 有效行数 69 超过告警线 60  考虑拆分以保持可测性
WARN STUDIO-STRUCT-001  apps/studioV2/src/utils/ajaxProxy/library/mockLibraryData.ts:1:1  other 有效行数 358 超过告警线 350  尽快拆分，避免逼近硬上限
STUDIO-STRUCT-017  apps/studioV2/src/bis/pageBis/assets/createAssetForm.ts:2:1  新增或修改的代码文件缩进只能使用 tab，禁止用空格缩进  把行首缩进空格替换为 tab；对齐需求也优先通过换行和结构解决
check:studio-structure failed (1 errors, 16 warnings, 154 files)
check:studio-structure failed (exit 1)

quality:studio FAILED
[gbx] ■ verify:npm run quality:studio done exit=1 elapsed=5s
