[gbx] ▶ verify:npm run quality:studio start cmd=/bin/sh cwd=/Users/bolbiao/workspace/airpc-engine

> quality:studio
> node scripts/studio-quality/quality-studio.mjs


==> ensure-modal-layout (pre-typecheck)
ensure-modal-layout: nothing to remove

==> ensure-migrated-layout (pre-typecheck)
ensure-migrated-layout: nothing to remove

==> lint (@airpc/studio-v2)

> @airpc/studio-v2@0.0.1 lint
> node ./scripts/run-eslint.mjs . --max-warnings 0


==> typecheck (@airpc/studio-v2)

> @airpc/studio-v2@0.0.1 typecheck
> tsc -p tsconfig.json --noEmit


==> check:comments
check:comments ok (172 files)

==> check:studio-structure
WARN STUDIO-STRUCT-002  apps/studioV2/src/bis/pageBis/characters/detail/characterDetailForm.ts:93:1  函数 applyCharacterDetailForm 有效行数 67 超过告警线 60  考虑拆分以保持可测性
WARN STUDIO-STRUCT-003  apps/studioV2/src/bis/pageBis/characters/detail/characterDetailFormValidate.ts:125:1  函数 validateScenes 圈复杂度 13 超过告警线 10  重构条件分支，避免继续堆叠
WARN STUDIO-STRUCT-002  apps/studioV2/src/commonUiComponents/form/blocks/AvatarUpload/index.tsx:19:5  函数 FormAvatarUpload 有效行数 72 超过告警线 60  考虑拆分以保持可测性
WARN STUDIO-STRUCT-002  apps/studioV2/src/commonUiComponents/form/blocks/LocalHourRangeField/index.tsx:38:5  函数 FormLocalHourRangeField 有效行数 72 超过告警线 60  考虑拆分以保持可测性
WARN STUDIO-STRUCT-002  apps/studioV2/src/commonUiComponents/form/blocks/PromptSceneListEditor/com/PromptSceneCardBody/index.tsx:34:2  函数 PromptSceneCardBody 有效行数 72 超过告警线 60  考虑拆分以保持可测性
WARN STUDIO-STRUCT-002  apps/studioV2/src/commonUiComponents/form/blocks/PromptSceneListEditor/index.tsx:26:5  函数 FormPromptSceneListEditor 有效行数 65 超过告警线 60  考虑拆分以保持可测性
WARN STUDIO-STRUCT-003  apps/studioV2/src/commonUiComponents/form/blocks/PromptSceneListEditor/promptSceneListHelpers.ts:26:1  函数 asPromptSceneList 圈复杂度 11 超过告警线 10  重构条件分支，避免继续堆叠
WARN STUDIO-STRUCT-002  apps/studioV2/src/commonUiComponents/form/blocks/PromptVariantListEditor/index.tsx:36:5  函数 FormPromptVariantListEditor 有效行数 96 超过告警线 60  考虑拆分以保持可测性
WARN STUDIO-STRUCT-002  apps/studioV2/src/commonUiComponents/form/blocks/StringListEditor/index.tsx:24:5  函数 FormStringListEditor 有效行数 72 超过告警线 60  考虑拆分以保持可测性
WARN STUDIO-STRUCT-002  apps/studioV2/src/pageComponents/assets/hooks/useAssetLibraryPage.ts:19:1  函数 useAssetLibraryPage 有效行数 78 超过告警线 60  考虑拆分以保持可测性
WARN STUDIO-STRUCT-003  apps/studioV2/src/pageComponents/assets/hooks/useAssetLibraryPage.ts:19:1  函数 useAssetLibraryPage 圈复杂度 11 超过告警线 10  重构条件分支，避免继续堆叠
WARN STUDIO-STRUCT-002  apps/studioV2/src/pageComponents/characters/com/CharacterDetailEditForm.tsx:39:2  函数 CharacterDetailEditForm 有效行数 67 超过告警线 60  考虑拆分以保持可测性
WARN STUDIO-STRUCT-002  apps/studioV2/src/pageComponents/characters/hooks/useCharacterLibraryPage.ts:18:1  函数 useCharacterLibraryPage 有效行数 71 超过告警线 60  考虑拆分以保持可测性
WARN STUDIO-STRUCT-002  apps/studioV2/src/pageComponents/debugger/com/CallRunPanel.tsx:43:52  函数 CallRunPanel 有效行数 72 超过告警线 60  考虑拆分以保持可测性
WARN STUDIO-STRUCT-002  apps/studioV2/src/pageComponents/home/WorkbenchSideCol.tsx:21:37  函数 WorkbenchSideCol 有效行数 78 超过告警线 60  考虑拆分以保持可测性
WARN STUDIO-STRUCT-002  apps/studioV2/src/pageComponents/packages/create/CreatePackageView.tsx:22:38  函数 CreatePackageView 有效行数 63 超过告警线 60  考虑拆分以保持可测性
WARN STUDIO-STRUCT-002  apps/studioV2/src/pageComponents/packages/export/ExportPackageForm.tsx:33:45  函数 ExportPackageForm 有效行数 65 超过告警线 60  考虑拆分以保持可测性
WARN STUDIO-STRUCT-002  apps/studioV2/src/pageComponents/packages/list/PackageListView.tsx:30:36  函数 PackageListView 有效行数 84 超过告警线 60  考虑拆分以保持可测性
WARN STUDIO-STRUCT-002  apps/studioV2/src/pageComponents/settings/com/SettingsEnginePanels.tsx:92:62  函数 SchemaEnginePanel 有效行数 65 超过告警线 60  考虑拆分以保持可测性
WARN STUDIO-STRUCT-002  apps/studioV2/src/pageComponents/storyEditor/StoryEditorShell.tsx:36:60  函数 StoryEditorShell 有效行数 95 超过告警线 60  考虑拆分以保持可测性
WARN STUDIO-STRUCT-002  apps/studioV2/src/pageComponents/storyEditor/canvas/useStoryCanvasGraph.ts:54:1  函数 useStoryCanvasGraph 有效行数 98 超过告警线 60  考虑拆分以保持可测性
WARN STUDIO-STRUCT-002  apps/studioV2/src/pageComponents/storyEditor/com/panel/NodePropertyForm.tsx:39:60  函数 NodePropertyForm 有效行数 77 超过告警线 60  考虑拆分以保持可测性
WARN STUDIO-STRUCT-002  apps/studioV2/src/pageComponents/users/hooks/useUserLibraryPage.ts:18:1  函数 useUserLibraryPage 有效行数 69 超过告警线 60  考虑拆分以保持可测性
check:studio-structure ok (172 files, 23 warnings)

==> test:studio

> test:studio
> npm run test -w @airpc/studio-v2


> @airpc/studio-v2@0.0.1 test
> vitest run


 RUN  v3.2.7 /Users/bolbiao/workspace/airpc-engine/apps/studioV2

 ✓ tests/commonUi/modalContract.test.ts (4 tests) 2ms
 ✓ tests/storyEditor/nodePropertyAndRole.test.ts (4 tests) 3ms
 ✓ tests/storyEditor/mockEditorCharacters.test.ts (5 tests) 3ms
 ✓ tests/users/userForm.test.ts (7 tests) 7ms
 ✓ tests/characters/characterForm.test.ts (5 tests) 5ms
 ✓ tests/assets/assetForm.test.ts (8 tests) 3ms
 ✓ tests/commonUi/paginationSlice.test.ts (5 tests) 4ms
 ✓ tests/commonUi/formFieldConfig.test.ts (5 tests) 2ms
 ✓ tests/packages/createPackageForm.test.ts (2 tests) 3ms
 ✓ tests/domain/createStudioId.test.ts (2 tests) 3ms
 ↓ tests/tmp-remove-flat-prompt-scene.test.ts (1 test | 1 skipped)
 ✓ tests/commonUi/autoFormContract.test.ts (9 tests) 4ms

 Test Files  11 passed | 1 skipped (12)
      Tests  56 passed | 1 skipped (57)
   Start at  16:48:30
   Duration  904ms (transform 595ms, setup 0ms, collect 1.40s, tests 40ms, environment 2ms, prepare 686ms)


==> gate self-tests (comments + structure)
▶ check:comments
  ✔ 合格契约通过 (9.778208ms)
  ✔ 缺失导出意图注释失败 (1.915417ms)
  ✔ 缺失字段说明失败 (1.362208ms)
  ✔ 复述占位注释失败 (1.25625ms)
  ✔ 无原因抑制失败（含裸 eslint-disable） (2.760541ms)
  ✔ 带原因抑制通过 (1.937666ms)
  ✔ 输出格式含规则编号与位置 (0.998875ms)
✔ check:comments (20.735333ms)
▶ check:studio-structure
  ✔ 有效行数忽略空行但不忽略注释 (0.531875ms)
  ✔ page.tsx 分类正确 (0.158041ms)
  ✔ 圈复杂度统计分支 (3.465667ms)
  ✔ 合格基线通过，且排除 generated (9.8455ms)
  ✔ page 行数硬上限失败 (4.29325ms)
  ✔ 函数复杂度硬上限失败 (3.165792ms)
  ✔ client 引擎写口失败 (3.510875ms)
  ✔ 业务旁平放测试失败 (4.268458ms)
  ✔ 深挖引擎内部路径失败 (1.630208ms)
  ✔ 目录异责平铺失败 (3.191458ms)
  ✔ 业务 barrel index 失败 (1.299917ms)
  ✔ 旧式顶层业务目录失败 (1.616666ms)
  ✔ 兼容转发壳失败 (2.465875ms)
  ✔ 同一语义区重复入口失败 (2.556916ms)
  ✔ commonUiComponents 平铺组件失败 (3.237208ms)
  ✔ 新增或修改代码使用空格缩进失败 (3.57875ms)
  ✔ 自定义组件引用缺少用途注释失败 (1.997875ms)
  ✔ 组件 props 未在入口显式解构失败 (1.798375ms)
  ✔ 入口格式合格通过 (2.254542ms)
  ✔ UI 组件裸 fetch 失败 (1.645875ms)
  ✔ 大范围豁免被拒绝 (1.364959ms)
  ✔ 精确豁免生效 (2.056208ms)
  ✔ validateAllowlist 拒绝 apps/** (0.086ms)
  ✔ 输出格式含规则编号与位置（路径可定位） (1.770959ms)
✔ check:studio-structure (62.918875ms)
ℹ tests 31
ℹ suites 2
ℹ pass 31
ℹ fail 0
ℹ cancelled 0
ℹ skipped 0
ℹ todo 0
ℹ duration_ms 206.772416

quality:studio ok
[gbx] ■ verify:npm run quality:studio done exit=0 elapsed=6s
