[gbx] ▶ verify:npm run quality:studio start cmd=/bin/sh cwd=/Users/bolbiao/workspace/airpc-engine

> quality:studio
> node scripts/studio-quality/quality-studio.mjs


==> ensure-modal-layout (pre-typecheck)
ensure-modal-layout: nothing to remove

==> ensure-migrated-layout (pre-typecheck)
ensure-migrated-layout: nothing to remove

==> lint (@airpc/studio-v2)

> @airpc/studio-v2@0.0.1 lint
> node ./scripts/run-eslint.mjs . --max-warnings 0


==> typecheck (@airpc/studio-v2)

> @airpc/studio-v2@0.0.1 typecheck
> tsc -p tsconfig.json --noEmit


==> check:comments
check:comments ok (167 files)

==> check:studio-structure
WARN STUDIO-STRUCT-002  apps/studioV2/src/bis/pageBis/characters/detail/characterDetailForm.ts:93:1  函数 applyCharacterDetailForm 有效行数 67 超过告警线 60  考虑拆分以保持可测性
WARN STUDIO-STRUCT-003  apps/studioV2/src/bis/pageBis/characters/detail/characterDetailFormValidate.ts:125:1  函数 validateScenes 圈复杂度 13 超过告警线 10  重构条件分支，避免继续堆叠
WARN STUDIO-STRUCT-002  apps/studioV2/src/commonUiComponents/form/blocks/AvatarUpload/index.tsx:19:5  函数 FormAvatarUpload 有效行数 72 超过告警线 60  考虑拆分以保持可测性
WARN STUDIO-STRUCT-002  apps/studioV2/src/commonUiComponents/form/blocks/LocalHourRangeField/index.tsx:38:5  函数 FormLocalHourRangeField 有效行数 72 超过告警线 60  考虑拆分以保持可测性
WARN STUDIO-STRUCT-003  apps/studioV2/src/commonUiComponents/form/blocks/PromptSceneListEditor/index.tsx:51:5  函数 FormPromptSceneListEditor 圈复杂度 14 超过告警线 10  重构条件分支，避免继续堆叠
WARN STUDIO-STRUCT-003  apps/studioV2/src/commonUiComponents/form/blocks/PromptSceneListEditor/promptSceneListHelpers.ts:26:1  函数 asPromptSceneList 圈复杂度 11 超过告警线 10  重构条件分支，避免继续堆叠
WARN STUDIO-STRUCT-002  apps/studioV2/src/commonUiComponents/form/blocks/PromptVariantListEditor/index.tsx:36:5  函数 FormPromptVariantListEditor 有效行数 96 超过告警线 60  考虑拆分以保持可测性
WARN STUDIO-STRUCT-002  apps/studioV2/src/commonUiComponents/form/blocks/StringListEditor/index.tsx:24:5  函数 FormStringListEditor 有效行数 72 超过告警线 60  考虑拆分以保持可测性
WARN STUDIO-STRUCT-002  apps/studioV2/src/pageComponents/assets/hooks/useAssetLibraryPage.ts:19:1  函数 useAssetLibraryPage 有效行数 78 超过告警线 60  考虑拆分以保持可测性
WARN STUDIO-STRUCT-003  apps/studioV2/src/pageComponents/assets/hooks/useAssetLibraryPage.ts:19:1  函数 useAssetLibraryPage 圈复杂度 11 超过告警线 10  重构条件分支，避免继续堆叠
WARN STUDIO-STRUCT-002  apps/studioV2/src/pageComponents/characters/com/CharacterDetailEditForm.tsx:39:2  函数 CharacterDetailEditForm 有效行数 67 超过告警线 60  考虑拆分以保持可测性
WARN STUDIO-STRUCT-002  apps/studioV2/src/pageComponents/characters/hooks/useCharacterLibraryPage.ts:18:1  函数 useCharacterLibraryPage 有效行数 71 超过告警线 60  考虑拆分以保持可测性
WARN STUDIO-STRUCT-002  apps/studioV2/src/pageComponents/debugger/com/CallRunPanel.tsx:43:52  函数 CallRunPanel 有效行数 72 超过告警线 60  考虑拆分以保持可测性
WARN STUDIO-STRUCT-002  apps/studioV2/src/pageComponents/home/WorkbenchSideCol.tsx:21:37  函数 WorkbenchSideCol 有效行数 78 超过告警线 60  考虑拆分以保持可测性
WARN STUDIO-STRUCT-002  apps/studioV2/src/pageComponents/packages/create/CreatePackageView.tsx:22:38  函数 CreatePackageView 有效行数 63 超过告警线 60  考虑拆分以保持可测性
WARN STUDIO-STRUCT-002  apps/studioV2/src/pageComponents/packages/export/ExportPackageForm.tsx:33:45  函数 ExportPackageForm 有效行数 65 超过告警线 60  考虑拆分以保持可测性
WARN STUDIO-STRUCT-002  apps/studioV2/src/pageComponents/packages/list/PackageListView.tsx:30:36  函数 PackageListView 有效行数 84 超过告警线 60  考虑拆分以保持可测性
WARN STUDIO-STRUCT-002  apps/studioV2/src/pageComponents/settings/com/SettingsEnginePanels.tsx:92:62  函数 SchemaEnginePanel 有效行数 65 超过告警线 60  考虑拆分以保持可测性
WARN STUDIO-STRUCT-002  apps/studioV2/src/pageComponents/storyEditor/StoryEditorShell.tsx:36:60  函数 StoryEditorShell 有效行数 95 超过告警线 60  考虑拆分以保持可测性
WARN STUDIO-STRUCT-002  apps/studioV2/src/pageComponents/storyEditor/canvas/useStoryCanvasGraph.ts:54:1  函数 useStoryCanvasGraph 有效行数 98 超过告警线 60  考虑拆分以保持可测性
WARN STUDIO-STRUCT-002  apps/studioV2/src/pageComponents/storyEditor/com/panel/NodePropertyForm.tsx:39:60  函数 NodePropertyForm 有效行数 77 超过告警线 60  考虑拆分以保持可测性
WARN STUDIO-STRUCT-002  apps/studioV2/src/pageComponents/users/hooks/useUserLibraryPage.ts:18:1  函数 useUserLibraryPage 有效行数 69 超过告警线 60  考虑拆分以保持可测性
STUDIO-STRUCT-002  apps/studioV2/src/commonUiComponents/form/blocks/PromptSceneListEditor/index.tsx:51:5  函数 FormPromptSceneListEditor 有效行数 219 超过硬上限 100  拆出步骤函数、命令对象或纯计算
STUDIO-STRUCT-002  apps/studioV2/src/commonUiComponents/form/blocks/PromptSceneListEditor/index.tsx:129:15  函数 <anonymous> 有效行数 151 超过硬上限 100  拆出步骤函数、命令对象或纯计算
STUDIO-STRUCT-018  apps/studioV2/src/commonUiComponents/form/blocks/PromptSceneListEditor/index.tsx:232:10  自定义组件 <FormLocalHourRangeField> 引用上方缺少用途注释  在组件引用上方增加一行：// 引用了FormLocalHourRangeField组件，用于XXX
STUDIO-STRUCT-019  apps/studioV2/src/commonUiComponents/modal/form/FormModal/index.tsx:94:2  组件 FormModalFrame 的 props 解构字段缺少入口说明注释  在每个解构字段上方写一行 // 说明这是什么，用于什么
STUDIO-STRUCT-019  apps/studioV2/src/commonUiComponents/modal/form/FormModal/index.tsx:96:2  组件 FormModalFrame 的 props 解构字段缺少入口说明注释  在每个解构字段上方写一行 // 说明这是什么，用于什么
STUDIO-STRUCT-019  apps/studioV2/src/commonUiComponents/modal/form/FormModal/index.tsx:98:2  组件 FormModalFrame 的 props 解构字段缺少入口说明注释  在每个解构字段上方写一行 // 说明这是什么，用于什么
STUDIO-STRUCT-019  apps/studioV2/src/commonUiComponents/modal/form/FormModal/index.tsx:100:2  组件 FormModalFrame 的 props 解构字段缺少入口说明注释  在每个解构字段上方写一行 // 说明这是什么，用于什么
STUDIO-STRUCT-019  apps/studioV2/src/commonUiComponents/modal/form/FormModal/index.tsx:102:2  组件 FormModalFrame 的 props 解构字段缺少入口说明注释  在每个解构字段上方写一行 // 说明这是什么，用于什么
STUDIO-STRUCT-019  apps/studioV2/src/commonUiComponents/modal/form/FormModal/index.tsx:104:2  组件 FormModalFrame 的 props 解构字段缺少入口说明注释  在每个解构字段上方写一行 // 说明这是什么，用于什么
STUDIO-STRUCT-019  apps/studioV2/src/commonUiComponents/modal/form/FormModal/index.tsx:106:2  组件 FormModalFrame 的 props 解构字段缺少入口说明注释  在每个解构字段上方写一行 // 说明这是什么，用于什么
STUDIO-STRUCT-019  apps/studioV2/src/commonUiComponents/modal/form/FormModal/index.tsx:108:2  组件 FormModalFrame 的 props 解构字段缺少入口说明注释  在每个解构字段上方写一行 // 说明这是什么，用于什么
STUDIO-STRUCT-019  apps/studioV2/src/commonUiComponents/modal/form/FormModal/index.tsx:110:2  组件 FormModalFrame 的 props 解构字段缺少入口说明注释  在每个解构字段上方写一行 // 说明这是什么，用于什么
STUDIO-STRUCT-019  apps/studioV2/src/commonUiComponents/modal/form/FormModal/index.tsx:112:2  组件 FormModalFrame 的 props 解构字段缺少入口说明注释  在每个解构字段上方写一行 // 说明这是什么，用于什么
STUDIO-STRUCT-019  apps/studioV2/src/commonUiComponents/modal/form/FormModal/index.tsx:114:2  组件 FormModalFrame 的 props 解构字段缺少入口说明注释  在每个解构字段上方写一行 // 说明这是什么，用于什么
STUDIO-STRUCT-019  apps/studioV2/src/commonUiComponents/modal/form/FormModal/index.tsx:116:2  组件 FormModalFrame 的 props 解构字段缺少入口说明注释  在每个解构字段上方写一行 // 说明这是什么，用于什么
STUDIO-STRUCT-019  apps/studioV2/src/commonUiComponents/modal/form/FormModal/index.tsx:178:2  组件 FormModal 的 props 解构字段缺少入口说明注释  在每个解构字段上方写一行 // 说明这是什么，用于什么
STUDIO-STRUCT-019  apps/studioV2/src/commonUiComponents/modal/form/FormModal/index.tsx:180:2  组件 FormModal 的 props 解构字段缺少入口说明注释  在每个解构字段上方写一行 // 说明这是什么，用于什么
STUDIO-STRUCT-019  apps/studioV2/src/commonUiComponents/modal/form/FormModal/index.tsx:182:2  组件 FormModal 的 props 解构字段缺少入口说明注释  在每个解构字段上方写一行 // 说明这是什么，用于什么
STUDIO-STRUCT-019  apps/studioV2/src/commonUiComponents/modal/form/FormModal/index.tsx:184:2  组件 FormModal 的 props 解构字段缺少入口说明注释  在每个解构字段上方写一行 // 说明这是什么，用于什么
STUDIO-STRUCT-019  apps/studioV2/src/commonUiComponents/modal/form/FormModal/index.tsx:186:2  组件 FormModal 的 props 解构字段缺少入口说明注释  在每个解构字段上方写一行 // 说明这是什么，用于什么
STUDIO-STRUCT-019  apps/studioV2/src/commonUiComponents/modal/form/FormModal/index.tsx:188:2  组件 FormModal 的 props 解构字段缺少入口说明注释  在每个解构字段上方写一行 // 说明这是什么，用于什么
STUDIO-STRUCT-019  apps/studioV2/src/commonUiComponents/modal/form/FormModal/index.tsx:190:2  组件 FormModal 的 props 解构字段缺少入口说明注释  在每个解构字段上方写一行 // 说明这是什么，用于什么
STUDIO-STRUCT-019  apps/studioV2/src/commonUiComponents/modal/form/FormModal/index.tsx:192:2  组件 FormModal 的 props 解构字段缺少入口说明注释  在每个解构字段上方写一行 // 说明这是什么，用于什么
STUDIO-STRUCT-019  apps/studioV2/src/commonUiComponents/modal/form/FormModal/index.tsx:194:2  组件 FormModal 的 props 解构字段缺少入口说明注释  在每个解构字段上方写一行 // 说明这是什么，用于什么
STUDIO-STRUCT-019  apps/studioV2/src/commonUiComponents/modal/form/FormModal/index.tsx:196:2  组件 FormModal 的 props 解构字段缺少入口说明注释  在每个解构字段上方写一行 // 说明这是什么，用于什么
STUDIO-STRUCT-019  apps/studioV2/src/commonUiComponents/modal/form/FormModal/index.tsx:198:2  组件 FormModal 的 props 解构字段缺少入口说明注释  在每个解构字段上方写一行 // 说明这是什么，用于什么
STUDIO-STRUCT-019  apps/studioV2/src/commonUiComponents/modal/form/FormModal/index.tsx:200:2  组件 FormModal 的 props 解构字段缺少入口说明注释  在每个解构字段上方写一行 // 说明这是什么，用于什么
STUDIO-STRUCT-019  apps/studioV2/src/commonUiComponents/modal/form/FormModal/index.tsx:202:2  组件 FormModal 的 props 解构字段缺少入口说明注释  在每个解构字段上方写一行 // 说明这是什么，用于什么
STUDIO-STRUCT-019  apps/studioV2/src/commonUiComponents/modal/form/FormModal/index.tsx:204:2  组件 FormModal 的 props 解构字段缺少入口说明注释  在每个解构字段上方写一行 // 说明这是什么，用于什么
STUDIO-STRUCT-019  apps/studioV2/src/commonUiComponents/modal/form/FormModal/index.tsx:206:2  组件 FormModal 的 props 解构字段缺少入口说明注释  在每个解构字段上方写一行 // 说明这是什么，用于什么
STUDIO-STRUCT-019  apps/studioV2/src/pageComponents/characters/com/CharacterDetailEditForm.tsx:41:3  组件 CharacterDetailEditForm 的 props 解构字段缺少入口说明注释  在每个解构字段上方写一行 // 说明这是什么，用于什么
STUDIO-STRUCT-019  apps/studioV2/src/pageComponents/characters/com/CharacterDetailEditForm.tsx:43:3  组件 CharacterDetailEditForm 的 props 解构字段缺少入口说明注释  在每个解构字段上方写一行 // 说明这是什么，用于什么
check:studio-structure failed (32 errors, 22 warnings, 167 files)
check:studio-structure failed (exit 1)

quality:studio FAILED
[gbx] ■ verify:npm run quality:studio done exit=1 elapsed=4s
