[gbx] ▶ verify:npm run quality:engine start cmd=/bin/sh cwd=/Users/bolbiao/workspace/airpc-engine

> quality:engine
> node scripts/engine-quality/quality-engine.mjs


==> check:engine-imports
check:engine-imports ok (51 files)

==> typecheck (@airpc/rpg-engine)

> @airpc/rpg-engine@0.0.1 typecheck
> tsc -p tsconfig.json --noEmit


==> check:engine-structure
ENGINE-STRUCT-002  packages/rpg-engine/src/host/createScheduleClockApi.ts:18:1  当前=95  允许=60  函数 createScheduleClockApi 有效行数 95 超过告警线 60  考虑拆分以保持可测性
ENGINE-STRUCT-003  packages/rpg-engine/src/host/createScheduleClockApi.ts:18:1  当前=11  允许=10  函数 createScheduleClockApi 圈复杂度 11 超过告警线 10  重构条件分支
ENGINE-STRUCT-003  packages/rpg-engine/src/host/wet.ts:140:1  当前=13  允许=10  函数 validateWetAppend 圈复杂度 13 超过告警线 10  重构条件分支
ENGINE-STRUCT-002  packages/rpg-engine/src/host/wet.ts:196:1  当前=62  允许=60  函数 buildWetReplayView 有效行数 62 超过告警线 60  考虑拆分以保持可测性
ENGINE-STRUCT-003  packages/rpg-engine/src/host/wet.ts:196:1  当前=12  允许=10  函数 buildWetReplayView 圈复杂度 12 超过告警线 10  重构条件分支
ENGINE-STRUCT-003  packages/rpg-engine/src/runtime/activeStoryLock.ts:28:1  当前=12  允许=10  函数 asStorySave 圈复杂度 12 超过告警线 10  重构条件分支
ENGINE-STRUCT-003  packages/rpg-engine/src/runtime/activeStoryLock.ts:62:1  当前=11  允许=10  函数 findActiveStoryLock 圈复杂度 11 超过告警线 10  重构条件分支
ENGINE-STRUCT-003  packages/rpg-engine/src/runtime/activeStoryLock.ts:153:1  当前=14  允许=10  函数 activateStoryOnBegin 圈复杂度 14 超过告警线 10  重构条件分支
ENGINE-STRUCT-003  packages/rpg-engine/src/runtime/classifyCall.ts:28:1  当前=14  允许=10  函数 classifyCall 圈复杂度 14 超过告警线 10  重构条件分支
ENGINE-STRUCT-003  packages/rpg-engine/src/runtime/evaluateCondition.ts:7:1  当前=11  允许=10  函数 evaluateExitCondition 圈复杂度 11 超过告警线 10  重构条件分支
ENGINE-STRUCT-002  packages/rpg-engine/src/runtime/exitSelector.ts:20:1  当前=69  允许=60  函数 selectExit 有效行数 69 超过告警线 60  考虑拆分以保持可测性
ENGINE-STRUCT-003  packages/rpg-engine/src/runtime/exitSelector.ts:20:1  当前=12  允许=10  函数 selectExit 圈复杂度 12 超过告警线 10  重构条件分支
ENGINE-STRUCT-002  packages/rpg-engine/src/runtime/freeCallPostPipeline.ts:37:1  当前=88  允许=60  函数 runFreeCallPostPipeline 有效行数 88 超过告警线 60  考虑拆分以保持可测性
ENGINE-STRUCT-003  packages/rpg-engine/src/runtime/freeCallPostPipeline.ts:37:1  当前=11  允许=10  函数 runFreeCallPostPipeline 圈复杂度 11 超过告警线 10  重构条件分支
ENGINE-STRUCT-003  packages/rpg-engine/src/runtime/pickPendingForUserDial.ts:56:1  当前=14  允许=10  函数 pickPendingForIntent 圈复杂度 14 超过告警线 10  重构条件分支
ENGINE-STRUCT-003  packages/rpg-engine/src/schedule/reconcileRecurringIntents.ts:41:1  当前=11  允许=10  函数 reconcileRecurringIntents 圈复杂度 11 超过告警线 10  重构条件分支
ENGINE-STRUCT-003  packages/rpg-engine/src/schedule/writeRecurringIntentFromEffect.ts:47:1  当前=11  允许=10  函数 writeRecurringIntentFromEffect 圈复杂度 11 超过告警线 10  重构条件分支
ENGINE-STRUCT-003  packages/rpg-engine/src/schema/promptScene.ts:63:1  当前=15  允许=10  函数 validatePromptScenePatches 圈复杂度 15 超过告警线 10  重构条件分支
ENGINE-STRUCT-003  packages/rpg-engine/src/tools/resolveToolPolicy.ts:8:1  当前=13  允许=10  函数 resolveToolPolicy 圈复杂度 13 超过告警线 10  重构条件分支
ENGINE-STRUCT-002  packages/rpg-engine/tests/host/a-to-b-memory-e2e.test.ts:17:38  当前=80  允许=60  函数 <anonymous> 有效行数 80 超过告警线 60  考虑拆分以保持可测性
ENGINE-STRUCT-002  packages/rpg-engine/tests/host/a-to-b-memory-e2e.test.ts:27:70  当前=71  允许=60  函数 <anonymous> 有效行数 71 超过告警线 60  考虑拆分以保持可测性
ENGINE-STRUCT-002  packages/rpg-engine/tests/host/chat-turns-e2e.test.ts:17:37  当前=91  允许=60  函数 <anonymous> 有效行数 91 超过告警线 60  考虑拆分以保持可测性
ENGINE-STRUCT-003  packages/rpg-engine/tests/host/chat-turns-e2e.test.ts:17:37  当前=13  允许=10  函数 <anonymous> 圈复杂度 13 超过告警线 10  重构条件分支
ENGINE-STRUCT-002  packages/rpg-engine/tests/host/manual-story-loop.test.ts:21:31  当前=86  允许=60  函数 <anonymous> 有效行数 86 超过告警线 60  考虑拆分以保持可测性
ENGINE-STRUCT-002  packages/rpg-engine/tests/host/night-layer-e2e.test.ts:17:40  当前=75  允许=60  函数 <anonymous> 有效行数 75 超过告警线 60  考虑拆分以保持可测性
ENGINE-STRUCT-002  packages/rpg-engine/tests/host/playback-phase.test.ts:20:40  当前=94  允许=60  函数 <anonymous> 有效行数 94 超过告警线 60  考虑拆分以保持可测性
ENGINE-STRUCT-002  packages/rpg-engine/tests/host/playback-phase.test.ts:30:79  当前=85  允许=60  函数 <anonymous> 有效行数 85 超过告警线 60  考虑拆分以保持可测性
ENGINE-STRUCT-002  packages/rpg-engine/tests/runtime/pick-pending-entry-mode.test.ts:38:41  当前=86  允许=60  函数 <anonymous> 有效行数 86 超过告警线 60  考虑拆分以保持可测性
ENGINE-STRUCT-002  packages/rpg-engine/tests/schedule/card-reference-and-classify.test.ts:28:43  当前=81  允许=60  函数 <anonymous> 有效行数 81 超过告警线 60  考虑拆分以保持可测性
ENGINE-STRUCT-003  packages/rpg-engine/tests/schedule/card-reference-and-classify.test.ts:28:43  当前=14  允许=10  函数 <anonymous> 圈复杂度 14 超过告警线 10  重构条件分支
ENGINE-STRUCT-009  packages/rpg-engine/src/host:1:1  当前=8  允许=clustered-dirs  目录含 8 个源文件且职责组≥2（card,host,schedule,enginelogfile,errors,types,wet），应分子目录  按职责拆分子目录，禁止长前缀代目录；新增文件勿继续恶化平铺
ENGINE-STRUCT-009  packages/rpg-engine/src/runtime:1:1  当前=12  允许=clustered-dirs  目录含 12 个源文件且职责组≥2（activestorylock,card,composescene,composer,effect,evaluatecondition,exitselector,pickpendingforuserdial,schedule），应分子目录  按职责拆分子目录，禁止长前缀代目录；新增文件勿继续恶化平铺
ENGINE-STRUCT-009  packages/rpg-engine/src/schema:1:1  当前=10  允许=clustered-dirs  目录含 10 个源文件且职责组≥2（asset,card,character,host,outcome,persist,promptscene,schedule,worldfact,worldlore），应分子目录  按职责拆分子目录，禁止长前缀代目录；新增文件勿继续恶化平铺
ENGINE-STRUCT-009  packages/rpg-engine/src/tools:1:1  当前=5  允许=clustered-dirs  目录含 5 个源文件且职责组≥2（builtinregistry,effect,host,resolvetoolpolicy,types），应分子目录  按职责拆分子目录，禁止长前缀代目录；新增文件勿继续恶化平铺
ENGINE-STRUCT-002  packages/rpg-engine/tests/runtime/composer.localHourRange.test.ts:74:50  当前=139  允许=100  函数 <anonymous> 有效行数 139 超过硬上限 100  拆出步骤函数或领域服务
ENGINE-STRUCT-003  packages/rpg-engine/tests/runtime/composer.localHourRange.test.ts:74:50  当前=19  允许=15  函数 <anonymous> 圈复杂度 19 超过硬上限 15  用查表、状态机或早返回降低分支
check:engine-structure checked=88 errors=2 warnings=34
check:engine-structure failed (exit 1)

quality:engine FAILED
[gbx] ■ verify:npm run quality:engine done exit=1 elapsed=2s
