[gbx] ▶ verify:npm run quality:studio start cmd=/bin/sh cwd=/Users/bolbiao/workspace/airpc-engine

> quality:studio
> node scripts/studio-quality/quality-studio.mjs


==> ensure-modal-layout (pre-typecheck)
ensure-modal-layout: nothing to remove

==> ensure-migrated-layout (pre-typecheck)
ensure-migrated-layout: nothing to remove

==> lint (@airpc/studio-v2)

> @airpc/studio-v2@0.0.1 lint
> node ./scripts/run-eslint.mjs . --max-warnings 0


/Users/bolbiao/workspace/airpc-engine/apps/studioV2/src/commonUiComponents/form/autoFormTypes.ts
  57:10  error  `import()` type annotations are forbidden  @typescript-eslint/consistent-type-imports

✖ 1 problem (1 error, 0 warnings)

npm error Lifecycle script `lint` failed with error:
npm error code 1
npm error path /Users/bolbiao/workspace/airpc-engine/apps/studioV2
npm error workspace @airpc/studio-v2@0.0.1
npm error location /Users/bolbiao/workspace/airpc-engine/apps/studioV2
npm error command failed
npm error command sh -c node ./scripts/run-eslint.mjs . --max-warnings 0
lint (@airpc/studio-v2) failed (exit 1)

quality:studio FAILED
[gbx] ■ verify:npm run quality:studio done exit=1 elapsed=1s
