[gbx] ▶ verify:npm run quality:studio start cmd=/bin/sh cwd=/Users/bolbiao/workspace/airpc-engine

> quality:studio
> node scripts/studio-quality/quality-studio.mjs


==> ensure-modal-layout (pre-typecheck)
ensure-modal-layout: nothing to remove

==> ensure-migrated-layout (pre-typecheck)
ensure-migrated-layout: nothing to remove

==> lint (@airpc/studio-v2)

> @airpc/studio-v2@0.0.1 lint
> node ./scripts/run-eslint.mjs . --max-warnings 0


==> typecheck (@airpc/studio-v2)

> @airpc/studio-v2@0.0.1 typecheck
> tsc -p tsconfig.json --noEmit


==> check:comments
check:comments ok (154 files)

==> check:studio-structure
WARN STUDIO-STRUCT-002  apps/studioV2/src/commonUiComponents/modal/form/FormModal/index.tsx:72:1  函数 FormModalFrame 有效行数 65 超过告警线 60  考虑拆分以保持可测性
WARN STUDIO-STRUCT-002  apps/studioV2/src/pageComponents/assets/hooks/useAssetLibraryPage.ts:19:1  函数 useAssetLibraryPage 有效行数 78 超过告警线 60  考虑拆分以保持可测性
WARN STUDIO-STRUCT-003  apps/studioV2/src/pageComponents/assets/hooks/useAssetLibraryPage.ts:19:1  函数 useAssetLibraryPage 圈复杂度 11 超过告警线 10  重构条件分支，避免继续堆叠
WARN STUDIO-STRUCT-002  apps/studioV2/src/pageComponents/characters/com/CharacterDetailEditForm.tsx:42:3  函数 CharacterDetailEditForm 有效行数 84 超过告警线 60  考虑拆分以保持可测性
WARN STUDIO-STRUCT-002  apps/studioV2/src/pageComponents/characters/hooks/useCharacterLibraryPage.ts:18:1  函数 useCharacterLibraryPage 有效行数 71 超过告警线 60  考虑拆分以保持可测性
WARN STUDIO-STRUCT-002  apps/studioV2/src/pageComponents/debugger/com/CallRunPanel.tsx:43:52  函数 CallRunPanel 有效行数 72 超过告警线 60  考虑拆分以保持可测性
WARN STUDIO-STRUCT-002  apps/studioV2/src/pageComponents/home/WorkbenchSideCol.tsx:21:37  函数 WorkbenchSideCol 有效行数 78 超过告警线 60  考虑拆分以保持可测性
WARN STUDIO-STRUCT-002  apps/studioV2/src/pageComponents/packages/create/CreatePackageView.tsx:22:38  函数 CreatePackageView 有效行数 63 超过告警线 60  考虑拆分以保持可测性
WARN STUDIO-STRUCT-002  apps/studioV2/src/pageComponents/packages/export/ExportPackageForm.tsx:33:45  函数 ExportPackageForm 有效行数 65 超过告警线 60  考虑拆分以保持可测性
WARN STUDIO-STRUCT-002  apps/studioV2/src/pageComponents/packages/list/PackageListView.tsx:30:36  函数 PackageListView 有效行数 84 超过告警线 60  考虑拆分以保持可测性
WARN STUDIO-STRUCT-002  apps/studioV2/src/pageComponents/settings/com/SettingsEnginePanels.tsx:92:62  函数 SchemaEnginePanel 有效行数 65 超过告警线 60  考虑拆分以保持可测性
WARN STUDIO-STRUCT-002  apps/studioV2/src/pageComponents/storyEditor/StoryEditorShell.tsx:36:60  函数 StoryEditorShell 有效行数 95 超过告警线 60  考虑拆分以保持可测性
WARN STUDIO-STRUCT-002  apps/studioV2/src/pageComponents/storyEditor/canvas/useStoryCanvasGraph.ts:54:1  函数 useStoryCanvasGraph 有效行数 98 超过告警线 60  考虑拆分以保持可测性
WARN STUDIO-STRUCT-002  apps/studioV2/src/pageComponents/storyEditor/com/panel/NodePropertyForm.tsx:39:60  函数 NodePropertyForm 有效行数 77 超过告警线 60  考虑拆分以保持可测性
WARN STUDIO-STRUCT-002  apps/studioV2/src/pageComponents/users/hooks/useUserLibraryPage.ts:18:1  函数 useUserLibraryPage 有效行数 69 超过告警线 60  考虑拆分以保持可测性
WARN STUDIO-STRUCT-001  apps/studioV2/src/utils/ajaxProxy/library/mockLibraryData.ts:1:1  other 有效行数 358 超过告警线 350  尽快拆分，避免逼近硬上限
check:studio-structure ok (154 files, 16 warnings)

==> test:studio

> test:studio
> npm run test -w @airpc/studio-v2


> @airpc/studio-v2@0.0.1 test
> vitest run


 RUN  v3.2.7 /Users/bolbiao/workspace/airpc-engine/apps/studioV2

 ✓ tests/storyEditor/mockEditorCharacters.test.ts (5 tests) 5ms
 ✓ tests/characters/characterForm.test.ts (4 tests) 6ms
 ✓ tests/storyEditor/nodePropertyAndRole.test.ts (4 tests) 11ms
 ✓ tests/users/userForm.test.ts (7 tests) 4ms
 ✓ tests/commonUi/formFieldConfig.test.ts (5 tests) 3ms
 ✓ tests/assets/assetForm.test.ts (8 tests) 5ms
 ✓ tests/commonUi/modalContract.test.ts (3 tests) 3ms
 ✓ tests/commonUi/paginationSlice.test.ts (5 tests) 2ms
 ✓ tests/packages/createPackageForm.test.ts (2 tests) 2ms
 ✓ tests/domain/createStudioId.test.ts (2 tests) 5ms
 ✓ tests/commonUi/autoFormContract.test.ts (7 tests) 4ms

 Test Files  11 passed (11)
      Tests  52 passed (52)
   Start at  15:34:02
   Duration  1.35s (transform 779ms, setup 0ms, collect 1.77s, tests 51ms, environment 1ms, prepare 752ms)


==> gate self-tests (comments + structure)
▶ check:comments
  ✔ 合格契约通过 (11.374584ms)
  ✔ 缺失导出意图注释失败 (2.657041ms)
  ✔ 缺失字段说明失败 (1.757666ms)
  ✔ 复述占位注释失败 (1.785ms)
  ✔ 无原因抑制失败（含裸 eslint-disable） (3.346417ms)
  ✔ 带原因抑制通过 (2.826125ms)
  ✔ 输出格式含规则编号与位置 (3.068708ms)
✔ check:comments (27.638917ms)
▶ check:studio-structure
  ✔ 有效行数忽略空行但不忽略注释 (0.583292ms)
  ✔ page.tsx 分类正确 (0.151667ms)
  ✔ 圈复杂度统计分支 (5.037625ms)
  ✔ 合格基线通过，且排除 generated (13.230375ms)
  ✔ page 行数硬上限失败 (5.285167ms)
  ✔ 函数复杂度硬上限失败 (3.308375ms)
  ✔ client 引擎写口失败 (3.192709ms)
  ✔ 业务旁平放测试失败 (3.114791ms)
  ✔ 深挖引擎内部路径失败 (4.072833ms)
  ✔ 目录异责平铺失败 (3.584625ms)
  ✔ 业务 barrel index 失败 (1.626875ms)
  ✔ 旧式顶层业务目录失败 (1.951042ms)
  ✔ 兼容转发壳失败 (2.870542ms)
  ✔ 同一语义区重复入口失败 (2.459542ms)
  ✔ commonUiComponents 平铺组件失败 (4.421375ms)
  ✔ 新增或修改代码使用空格缩进失败 (3.540875ms)
  ✔ 自定义组件引用缺少用途注释失败 (2.123208ms)
  ✔ 组件 props 未在入口显式解构失败 (1.896791ms)
  ✔ 入口格式合格通过 (2.851917ms)
  ✔ UI 组件裸 fetch 失败 (2.66575ms)
  ✔ 大范围豁免被拒绝 (1.897625ms)
  ✔ 精确豁免生效 (2.391333ms)
  ✔ validateAllowlist 拒绝 apps/** (0.106333ms)
  ✔ 输出格式含规则编号与位置（路径可定位） (1.732791ms)
✔ check:studio-structure (75.498083ms)
ℹ tests 31
ℹ suites 2
ℹ pass 31
ℹ fail 0
ℹ cancelled 0
ℹ skipped 0
ℹ todo 0
ℹ duration_ms 268.514291

quality:studio ok
[gbx] ■ verify:npm run quality:studio done exit=0 elapsed=7s
