[2026-07-22T06:01:01.126Z] checkpoint preflight skipped=true checkpoints disabled (default; pass --checkpoint to enable)
[2026-07-22T06:01:01.126Z] start status=EXECUTE_BATCH mock=false
[2026-07-22T06:01:01.129Z] iter=1 status=EXECUTE_BATCH
[2026-07-22T06:05:24.341Z] iter=2 status=BATCH_REVIEW
[2026-07-22T06:07:22.695Z] batch review → FIX_BATCH (review fail blocker=0 critical=0)
[2026-07-22T06:07:22.696Z] iter=3 status=FIX_BATCH
[2026-07-22T06:08:45.498Z] iter=4 status=VERIFY_BATCH
[2026-07-22T06:08:53.028Z] checkbox missing: V2-T3-1
[2026-07-22T06:08:53.028Z] verify ok=true checks=false → FIX_BATCH (checkbox_missing; tasks not checked: V2-T3-1) fingerprint=-
[2026-07-22T06:08:53.029Z] iter=5 status=FIX_BATCH
[2026-07-22T06:09:28.367Z] iter=6 status=VERIFY_BATCH
[2026-07-22T06:09:35.967Z] checkpoint skipped=true sha=null checkpoints disabled
[2026-07-22T06:09:35.968Z] verify ok=true checks=true → EXECUTE_BATCH (batch verify pass; more todos) fingerprint=-
[2026-07-22T06:09:35.968Z] iter=7 status=EXECUTE_BATCH
[2026-07-22T06:14:05.692Z] iter=8 status=BATCH_REVIEW
[2026-07-22T06:15:45.147Z] batch review → FIX_BATCH (review fail blocker=0 critical=0)
[2026-07-22T06:15:45.147Z] iter=9 status=FIX_BATCH
[2026-07-22T06:16:26.054Z] iter=10 status=VERIFY_BATCH
[2026-07-22T06:16:33.542Z] checkbox missing: V2-T3-2
[2026-07-22T06:16:33.542Z] verify ok=true checks=false → FIX_BATCH (checkbox_missing; tasks not checked: V2-T3-2) fingerprint=-
[2026-07-22T06:16:33.543Z] iter=11 status=FIX_BATCH
[2026-07-22T06:17:28.407Z] iter=12 status=VERIFY_BATCH
[2026-07-22T06:17:36.104Z] checkpoint skipped=true sha=null checkpoints disabled
[2026-07-22T06:17:36.104Z] verify ok=true checks=true → EXECUTE_BATCH (batch verify pass; more todos) fingerprint=-
[2026-07-22T06:17:36.104Z] iter=13 status=EXECUTE_BATCH
[2026-07-22T06:26:34.647Z] iter=14 status=BATCH_REVIEW
[2026-07-22T06:28:30.061Z] batch review → FIX_BATCH (review fail blocker=0 critical=2)
[2026-07-22T06:28:30.065Z] iter=15 status=FIX_BATCH
[2026-07-22T06:32:39.005Z] iter=16 status=VERIFY_BATCH
[2026-07-22T06:32:46.962Z] checkbox missing: V2-T3-3
[2026-07-22T06:32:46.963Z] verify ok=true checks=false → FIX_BATCH (checkbox_missing; tasks not checked: V2-T3-3) fingerprint=-
[2026-07-22T06:32:46.963Z] iter=17 status=FIX_BATCH
[2026-07-22T06:33:28.908Z] iter=18 status=VERIFY_BATCH
[2026-07-22T06:33:36.809Z] checkpoint skipped=true sha=null checkpoints disabled
[2026-07-22T06:33:36.809Z] verify ok=true checks=true → EXECUTE_BATCH (batch verify pass; more todos) fingerprint=-
[2026-07-22T06:33:36.810Z] iter=19 status=EXECUTE_BATCH
[2026-07-22T06:36:18.173Z] iter=20 status=BATCH_REVIEW
[2026-07-22T06:38:59.579Z] batch review → FIX_BATCH (review fail blocker=0 critical=0)
[2026-07-22T06:38:59.580Z] iter=21 status=FIX_BATCH
[2026-07-22T06:40:45.326Z] iter=22 status=VERIFY_BATCH
[2026-07-22T06:40:53.301Z] checkbox missing: V2-T3-4
[2026-07-22T06:40:53.301Z] verify ok=true checks=false → FIX_BATCH (checkbox_missing; tasks not checked: V2-T3-4) fingerprint=-
[2026-07-22T06:40:53.302Z] iter=23 status=FIX_BATCH
[2026-07-22T06:41:33.215Z] iter=24 status=VERIFY_BATCH
[2026-07-22T06:41:40.734Z] checkpoint skipped=true sha=null checkpoints disabled
[2026-07-22T06:41:40.734Z] verify ok=true checks=true → EXECUTE_BATCH (batch verify pass; more todos) fingerprint=-
[2026-07-22T06:41:40.735Z] iter=25 status=EXECUTE_BATCH
[2026-07-22T06:50:05.692Z] iter=26 status=BATCH_REVIEW
[2026-07-22T06:51:19.508Z] batch review → FIX_BATCH (review fail blocker=0 critical=0)
[2026-07-22T06:51:19.509Z] iter=27 status=FIX_BATCH
[2026-07-22T06:54:14.560Z] iter=28 status=VERIFY_BATCH
[2026-07-22T06:54:16.728Z] checkbox missing: V2-T3-5
[2026-07-22T06:54:16.728Z] verify ok=false checks=false → FIX_BATCH (batch verify failed) fingerprint=95764b18420f5dcae835fbd90ae1ded0056fcb9c
[2026-07-22T06:54:16.729Z] iter=29 status=FIX_BATCH
[2026-07-22T06:55:09.026Z] iter=30 status=VERIFY_BATCH
[2026-07-22T06:55:14.013Z] checkbox missing: V2-T3-5
[2026-07-22T06:55:14.013Z] verify ok=false checks=false → FIX_BATCH (batch verify failed) fingerprint=c95996fef8269691f73202636723d999f181b2df
[2026-07-22T06:55:14.013Z] iter=31 status=FIX_BATCH
[2026-07-22T06:55:52.765Z] iter=32 status=VERIFY_BATCH
[2026-07-22T06:55:57.322Z] checkbox missing: V2-T3-5
[2026-07-22T06:55:57.322Z] verify ok=false checks=false → FIX_BATCH (batch verify failed) fingerprint=c95996fef8269691f73202636723d999f181b2df
[2026-07-22T06:55:57.322Z] iter=33 status=FIX_BATCH
[2026-07-22T06:57:01.280Z] iter=34 status=VERIFY_BATCH
[2026-07-22T06:57:06.343Z] checkbox missing: V2-T3-5
[2026-07-22T06:57:06.344Z] verify ok=false checks=false → FIX_BATCH (batch verify failed) fingerprint=f5c1c60626f82e1c20afa9bb37270804b4486c87
[2026-07-22T06:57:06.344Z] iter=35 status=FIX_BATCH
[2026-07-22T06:57:58.216Z] iter=36 status=VERIFY_BATCH
[2026-07-22T06:58:03.768Z] checkbox missing: V2-T3-5
[2026-07-22T06:58:03.768Z] verify ok=false checks=false → BLOCKED (batch verify failed; fix budget exhausted) fingerprint=680bbedcd751a10b1ff0905f5d1b9a1e416e74e2
[2026-07-22T06:58:03.769Z] [gbx] ========== BLOCKED ========== | [gbx] reason: batch verify failed; fix budget exhausted | [gbx] activeTaskIds: V2-T3-5 | [gbx] failedCommand: npm run quality:studio (exit 1) | [gbx] errorLocations: (none hard; see verify report tails) | [gbx]   |   apps/studioV2/src/pageComponents/users/com/UserDetailEditForm.tsx:41:2  函数 UserDetailEditForm 有效行数 68 超过告警线 60  考虑拆分以保持可测性 | [gbx]   | WARN STUDIO-STRUCT-002  apps/studioV2/src/pageComponents/users/hooks/useUserLibraryPage.ts:18:1  函数 useUserLibraryPage 有效行数 96 超过告警线 60  考虑拆分以保持可测性 | [gbx]   | WARN STUDIO-STRUCT-003  apps/studioV2/src/pageComponents/users/hooks/useUserLibraryPage.ts:18:1  函数 useUserLibraryPage 圈复杂度 15 超过告警线 10  重构条件分支，避免继续堆叠 | [gbx]   | WARN STUDIO-STRUCT-003  apps/studioV2/src/utils/server/http/apiResponse.server.ts:23:1  函数 httpStatusForCode 圈复杂度 12 超过告警线 10  重构条件分支，避免继续堆叠 | [gbx]   | WARN STUDIO-STRUCT-003  apps/studioV2/src/utils/server/packages/packagesFs.server.ts:208:1  函数 writeDiskStoryPackage 圈复杂度 11 超过告警线 10  重构条件分支，避免继续堆叠 | [gbx]   | WARN STUDIO-STRUCT-003  apps/studioV2/src/utils/server/packages/packagesList.server.ts:33:1  函数 tryReadPackageSummary 圈复杂度 12 超过告警线 10  重构条件分支，避免继续堆叠 | [gbx]   | STUDIO-STRUCT-008  apps/studioV2/src/utils/server/packages:1:1  目录含 4 个源文件且职责组≥2（shell,packag），应分子目录  按 domain/commands/features 等职责拆分子目录，禁止长前缀代目录 | [gbx]   | check:studio-structure failed (1 errors, 65 warnings, 298 files) | [gbx]   | check:studio-structure failed (exit 1) | [gbx]   | quality:studio FAILED | [gbx]   | [gbx] ■ verify:npm run quality:studio done exit=1 elapsed=5s | [gbx] warnLocations omitted from primary list (count=40) | [gbx] verify report: /Users/bolbiao/workspace/airpc-engine/.ai-workflow-v2-step3/reports/latest-verify.json | [gbx] review report: /Users/bolbiao/workspace/airpc-engine/.ai-workflow-v2-step3/reviews/latest.json | [gbx] hint: fix the hard locations above, then re-run gbx (often with --reset-state if status stuck BLOCKED) | [gbx] =============================
[2026-07-22T06:58:03.769Z] iter=37 status=BLOCKED
[2026-07-22T06:58:03.770Z] [gbx] ========== BLOCKED ========== | [gbx] reason: batch verify failed; fix budget exhausted | [gbx] activeTaskIds: V2-T3-5 | [gbx] failedCommand: npm run quality:studio (exit 1) | [gbx] errorLocations: (none hard; see verify report tails) | [gbx]   |   apps/studioV2/src/pageComponents/users/com/UserDetailEditForm.tsx:41:2  函数 UserDetailEditForm 有效行数 68 超过告警线 60  考虑拆分以保持可测性 | [gbx]   | WARN STUDIO-STRUCT-002  apps/studioV2/src/pageComponents/users/hooks/useUserLibraryPage.ts:18:1  函数 useUserLibraryPage 有效行数 96 超过告警线 60  考虑拆分以保持可测性 | [gbx]   | WARN STUDIO-STRUCT-003  apps/studioV2/src/pageComponents/users/hooks/useUserLibraryPage.ts:18:1  函数 useUserLibraryPage 圈复杂度 15 超过告警线 10  重构条件分支，避免继续堆叠 | [gbx]   | WARN STUDIO-STRUCT-003  apps/studioV2/src/utils/server/http/apiResponse.server.ts:23:1  函数 httpStatusForCode 圈复杂度 12 超过告警线 10  重构条件分支，避免继续堆叠 | [gbx]   | WARN STUDIO-STRUCT-003  apps/studioV2/src/utils/server/packages/packagesFs.server.ts:208:1  函数 writeDiskStoryPackage 圈复杂度 11 超过告警线 10  重构条件分支，避免继续堆叠 | [gbx]   | WARN STUDIO-STRUCT-003  apps/studioV2/src/utils/server/packages/packagesList.server.ts:33:1  函数 tryReadPackageSummary 圈复杂度 12 超过告警线 10  重构条件分支，避免继续堆叠 | [gbx]   | STUDIO-STRUCT-008  apps/studioV2/src/utils/server/packages:1:1  目录含 4 个源文件且职责组≥2（shell,packag），应分子目录  按 domain/commands/features 等职责拆分子目录，禁止长前缀代目录 | [gbx]   | check:studio-structure failed (1 errors, 65 warnings, 298 files) | [gbx]   | check:studio-structure failed (exit 1) | [gbx]   | quality:studio FAILED | [gbx]   | [gbx] ■ verify:npm run quality:studio done exit=1 elapsed=5s | [gbx] warnLocations omitted from primary list (count=40) | [gbx] verify report: /Users/bolbiao/workspace/airpc-engine/.ai-workflow-v2-step3/reports/latest-verify.json | [gbx] review report: /Users/bolbiao/workspace/airpc-engine/.ai-workflow-v2-step3/reviews/latest.json | [gbx] hint: fix the hard locations above, then re-run gbx (often with --reset-state if status stuck BLOCKED) | [gbx] =============================
[2026-07-22T07:32:29.132Z] block recovery scheduled origin=BLOCKED resume=VERIFY_BATCH attempts=0/2: batch verify failed; fix budget exhausted
[2026-07-22T07:32:29.138Z] checkpoint preflight skipped=true checkpoints disabled (default; pass --checkpoint to enable)
[2026-07-22T07:32:29.138Z] start status=BLOCK_ANALYZE mock=false
[2026-07-22T07:32:29.139Z] iter=1 status=BLOCK_ANALYZE
[2026-07-22T07:33:43.339Z] block analysis kind=IN_SCOPE_VERIFY policy=allow reason=-
[2026-07-22T07:33:43.358Z] iter=2 status=BLOCK_REPAIR
[2026-07-22T07:38:05.424Z] block repair completed attempt=2; changed=apps/studioV2/app/api/stories/[packageId]/route.ts,apps/studioV2/app/api/stories/route.ts,apps/studioV2/src/utils/server/packages/fs/packagesFs.server.ts,apps/studioV2/src/utils/server/packages/layout/defaultCanvasLayout.server.ts,apps/studioV2/src/utils/server/packages/list/packagesList.server.ts,apps/studioV2/src/utils/server/packages/paths/packagesPaths.server.ts,apps/studioV2/tests/packages/storiesFs.test.ts,scripts/studio-quality/ensure-migrated-layout.mjs
[2026-07-22T07:38:05.424Z] iter=3 status=BLOCK_VERIFY
[2026-07-22T07:38:05.425Z] block verify handoff → VERIFY_BATCH
[2026-07-22T07:38:05.425Z] iter=4 status=VERIFY_BATCH
[2026-07-22T07:38:13.346Z] checkbox missing: V2-T3-5
[2026-07-22T07:38:13.347Z] verify ok=true checks=false → FIX_BATCH (checkbox_missing; tasks not checked: V2-T3-5) fingerprint=-
[2026-07-22T07:38:13.348Z] iter=5 status=FIX_BATCH
[2026-07-22T07:38:40.420Z] iter=6 status=VERIFY_BATCH
[2026-07-22T07:38:47.869Z] checkpoint skipped=true sha=null checkpoints disabled
[2026-07-22T07:38:47.870Z] verify ok=true checks=true → EXECUTE_BATCH (batch verify pass; more todos) fingerprint=-
[2026-07-22T07:38:47.870Z] iter=7 status=EXECUTE_BATCH
[2026-07-22T07:47:11.431Z] iter=8 status=BATCH_REVIEW
[2026-07-22T07:48:51.849Z] batch review → FIX_BATCH (review fail blocker=0 critical=2)
[2026-07-22T07:48:51.850Z] iter=9 status=FIX_BATCH
[2026-07-22T07:48:51.860Z] block recovery scheduled origin=FIX_BATCH resume=FIX_BATCH attempts=0/2: hard_stop matched 留下 @deprecated 已迁至|兼容转发壳|无引用 mock 文件不删: 无引用 mock 文件不删
[2026-07-22T07:48:51.860Z] iter=10 status=BLOCK_ANALYZE
[2026-07-22T07:49:18.576Z] checkpoint preflight skipped=true checkpoints disabled (default; pass --checkpoint to enable)
[2026-07-22T07:49:18.577Z] start status=BLOCK_ANALYZE mock=false
[2026-07-22T07:49:18.578Z] iter=1 status=BLOCK_ANALYZE
[2026-07-22T07:49:18.582Z] block recovery scheduled origin=BLOCK_ANALYZE resume=BLOCK_ANALYZE attempts=0/2: hard_stop matched 留下 @deprecated 已迁至|兼容转发壳|无引用 mock 文件不删: 无引用 mock 文件不删
[2026-07-22T07:49:18.582Z] iter=2 status=BLOCK_ANALYZE
[2026-07-22T07:50:55.449Z] block analysis kind=IN_SCOPE_VERIFY policy=allow reason=-
[2026-07-22T07:50:55.452Z] iter=3 status=BLOCK_REPAIR
[2026-07-22T07:50:55.456Z] block recovery scheduled origin=BLOCK_REPAIR resume=BLOCK_REPAIR attempts=0/2: hard_stop matched 留下 @deprecated 已迁至|兼容转发壳|无引用 mock 文件不删: 留下 @deprecated 已迁至
[2026-07-22T07:50:55.456Z] iter=4 status=BLOCK_ANALYZE
[2026-07-22T07:52:47.762Z] block analysis kind=IN_SCOPE_VERIFY policy=allow reason=-
[2026-07-22T07:52:47.765Z] iter=5 status=BLOCK_REPAIR
[2026-07-22T07:52:47.767Z] block recovery scheduled origin=BLOCK_REPAIR resume=BLOCK_REPAIR attempts=0/2: hard_stop matched 留下 @deprecated 已迁至|兼容转发壳|无引用 mock 文件不删: 留下 @deprecated 已迁至
[2026-07-22T07:52:47.768Z] iter=6 status=BLOCK_ANALYZE
[2026-07-22T07:54:18.251Z] block analysis kind=IN_SCOPE_VERIFY policy=allow reason=-
[2026-07-22T07:54:18.255Z] iter=7 status=BLOCK_REPAIR
[2026-07-22T07:54:18.258Z] block recovery scheduled origin=BLOCK_REPAIR resume=BLOCK_REPAIR attempts=0/2: hard_stop matched 留下 @deprecated 已迁至|兼容转发壳|无引用 mock 文件不删: 留下 @deprecated 已迁至
[2026-07-22T07:54:18.259Z] iter=8 status=BLOCK_ANALYZE
[2026-07-22T08:01:42.417Z] checkpoint preflight skipped=true checkpoints disabled (default; pass --checkpoint to enable)
[2026-07-22T08:01:42.419Z] start status=BLOCK_ANALYZE mock=false
[2026-07-22T08:01:42.420Z] iter=1 status=BLOCK_ANALYZE
[2026-07-22T08:01:42.421Z] repaired recursive recovery resume BLOCK_REPAIR → VERIFY_BATCH
[2026-07-22T08:01:42.421Z] hard_stop scan bypassed during BLOCK_ANALYZE
[2026-07-22T08:02:51.703Z] block analysis kind=IN_SCOPE_VERIFY policy=allow reason=-
[2026-07-22T08:02:51.705Z] block analysis accepted; consumed stale latest review
[2026-07-22T08:02:51.706Z] iter=2 status=BLOCK_REPAIR
[2026-07-22T08:02:51.707Z] hard_stop scan bypassed during BLOCK_REPAIR
[2026-07-22T08:04:25.253Z] iter=3 status=BLOCKED
[2026-07-22T08:04:25.256Z] [gbx] ========== BLOCKED ========== | [gbx] reason: 无法解决block,阻断解决器判断批准范围不足：V2-T3-6 阻塞根因已确认为 CanvasMockGraph.ts 与 CanvasMockGraph.edges.ts 以 @deprecated export {} 空壳残留，应物理删除。已确认业务代码无 import 引用（仅注释提及）。BLOCK_REPAIR 尝试 Delete/rm/git rm 均被环境拒绝，无法完成物理删除；npm run quality:studio 未执行。需人工删除两文件后由 gbx 重跑 VERIFY_BATCH，通过后再将执行索引 V2-T3-6 勾选为 ✅。，请人类评审 | [gbx] activeTaskIds: V2-T3-6 | [gbx] failedCommand: (unknown) (exit 0) | [gbx] errorLocations: (none hard; see verify report tails) | [gbx] warnLocations omitted from primary list (count=40) | [gbx] verify report: /Users/bolbiao/workspace/airpc-engine/.ai-workflow-v2-step3/reports/latest-verify.json | [gbx] review report: /Users/bolbiao/workspace/airpc-engine/.ai-workflow-v2-step3/reviews/latest.json | [gbx] hint: fix the hard locations above, then re-run gbx (often with --reset-state if status stuck BLOCKED) | [gbx] =============================
[2026-07-22T08:22:21.059Z] checkpoint preflight skipped=true checkpoints disabled (default; pass --checkpoint to enable)
[2026-07-22T08:22:21.060Z] start status=BLOCKED mock=false
[2026-07-22T08:22:21.063Z] iter=1 status=BLOCKED
[2026-07-22T08:22:21.077Z] [gbx] ========== BLOCKED ========== | [gbx] reason: 无法解决block,阻断解决器判断批准范围不足：V2-T3-6 阻塞根因已确认为 CanvasMockGraph.ts 与 CanvasMockGraph.edges.ts 以 @deprecated export {} 空壳残留，应物理删除。已确认业务代码无 import 引用（仅注释提及）。BLOCK_REPAIR 尝试 Delete/rm/git rm 均被环境拒绝，无法完成物理删除；npm run quality:studio 未执行。需人工删除两文件后由 gbx 重跑 VERIFY_BATCH，通过后再将执行索引 V2-T3-6 勾选为 ✅。，请人类评审 | [gbx] activeTaskIds: V2-T3-6 | [gbx] failedCommand: (unknown) (exit 0) | [gbx] errorLocations: (none hard; see verify report tails) | [gbx] warnLocations omitted from primary list (count=40) | [gbx] verify report: /Users/bolbiao/workspace/airpc-engine/.ai-workflow-v2-step3/reports/latest-verify.json | [gbx] review report: /Users/bolbiao/workspace/airpc-engine/.ai-workflow-v2-step3/reviews/latest.json | [gbx] hint: fix the hard locations above, then re-run gbx (often with --reset-state if status stuck BLOCKED) | [gbx] =============================
[2026-07-22T08:35:10.514Z] clear-blocked afterManual=false → EXECUTE_BATCH (remaining todos=3 → EXECUTE_BATCH)
[2026-07-22T08:35:10.515Z] checkpoint preflight skipped=true checkpoints disabled (default; pass --checkpoint to enable)
[2026-07-22T08:35:10.515Z] start status=EXECUTE_BATCH mock=false
[2026-07-22T08:35:10.515Z] iter=1 status=EXECUTE_BATCH
[2026-07-22T08:36:38.010Z] checkpoint preflight skipped=true checkpoints disabled (default; pass --checkpoint to enable)
[2026-07-22T08:36:38.015Z] start status=EXECUTE_BATCH mock=false
[2026-07-22T08:36:38.017Z] iter=1 status=EXECUTE_BATCH
[2026-07-22T08:38:32.734Z] checkpoint preflight skipped=true checkpoints disabled (default; pass --checkpoint to enable)
[2026-07-22T08:38:32.735Z] start status=EXECUTE_BATCH mock=false
[2026-07-22T08:38:32.737Z] iter=1 status=EXECUTE_BATCH
[2026-07-22T08:39:42.002Z] checkpoint preflight skipped=true checkpoints disabled (default; pass --checkpoint to enable)
[2026-07-22T08:39:42.003Z] start status=EXECUTE_BATCH mock=false
[2026-07-22T08:39:42.005Z] iter=1 status=EXECUTE_BATCH
[2026-07-22T08:50:45.427Z] checkpoint preflight skipped=true checkpoints disabled (default; pass --checkpoint to enable)
[2026-07-22T08:50:45.433Z] start status=EXECUTE_BATCH mock=false
[2026-07-22T08:50:45.433Z] iter=1 status=EXECUTE_BATCH
[2026-07-22T08:56:07.876Z] checkpoint preflight skipped=true checkpoints disabled (default; pass --checkpoint to enable)
[2026-07-22T08:56:07.877Z] start status=EXECUTE_BATCH mock=false
[2026-07-22T08:56:07.878Z] iter=1 status=EXECUTE_BATCH
[2026-07-22T09:02:03.875Z] checkpoint preflight skipped=true checkpoints disabled (default; pass --checkpoint to enable)
[2026-07-22T09:02:03.876Z] start status=EXECUTE_BATCH mock=false
[2026-07-22T09:02:03.877Z] iter=1 status=EXECUTE_BATCH
[2026-07-22T09:17:59.417Z] checkpoint preflight skipped=true checkpoints disabled (default; pass --checkpoint to enable)
[2026-07-22T09:17:59.422Z] start status=EXECUTE_BATCH mock=false
[2026-07-22T09:17:59.422Z] iter=1 status=EXECUTE_BATCH
[2026-07-22T09:18:08.907Z] checkpoint preflight skipped=true checkpoints disabled (default; pass --checkpoint to enable)
[2026-07-22T09:18:08.908Z] start status=EXECUTE_BATCH mock=false
[2026-07-22T09:18:08.908Z] iter=1 status=EXECUTE_BATCH
[2026-07-22T09:19:36.945Z] checkpoint preflight skipped=true checkpoints disabled (default; pass --checkpoint to enable)
[2026-07-22T09:19:36.945Z] start status=EXECUTE_BATCH mock=false
[2026-07-22T09:19:36.946Z] iter=1 status=EXECUTE_BATCH
[2026-07-22T09:25:18.994Z] iter=2 status=BATCH_REVIEW
[2026-07-22T09:27:40.840Z] batch review → VERIFY_BATCH (batch review pass)
[2026-07-22T09:27:40.841Z] iter=3 status=VERIFY_BATCH
[2026-07-22T09:27:56.992Z] checkpoint skipped=true sha=null checkpoints disabled
[2026-07-22T09:27:56.992Z] verify ok=true checks=true → EXECUTE_BATCH (batch verify pass; more todos) fingerprint=-
[2026-07-22T09:27:56.993Z] iter=4 status=EXECUTE_BATCH
[2026-07-22T09:32:24.745Z] iter=5 status=BATCH_REVIEW
[2026-07-22T09:34:11.850Z] batch review → VERIFY_BATCH (batch review pass)
[2026-07-22T09:34:11.850Z] iter=6 status=VERIFY_BATCH
[2026-07-22T09:34:19.754Z] checkpoint skipped=true sha=null checkpoints disabled
[2026-07-22T09:34:19.755Z] verify ok=true checks=true → EXECUTE_BATCH (batch verify pass; more todos) fingerprint=-
[2026-07-22T09:34:19.755Z] iter=7 status=EXECUTE_BATCH
[2026-07-22T09:36:46.391Z] iter=8 status=BATCH_REVIEW
[2026-07-22T09:38:27.327Z] batch review → VERIFY_BATCH (batch review pass)
[2026-07-22T09:38:27.327Z] iter=9 status=VERIFY_BATCH
[2026-07-22T09:38:36.693Z] checkpoint skipped=true sha=null checkpoints disabled
[2026-07-22T09:38:36.694Z] verify ok=true checks=true → FULL_REVIEW (batch verify pass; no todos left) fingerprint=-
[2026-07-22T09:38:36.694Z] iter=10 status=FULL_REVIEW
[2026-07-22T09:39:59.846Z] full review → READY_FOR_MANUAL_QA (full review pass)
[2026-07-22T09:39:59.850Z] iter=11 status=READY_FOR_MANUAL_QA
