[gbx] ▶ verify:npm run quality:studio start cmd=/bin/sh cwd=/Users/bolbiao/workspace/airpc-engine

> quality:studio
> node scripts/studio-quality/quality-studio.mjs


==> ensure-modal-layout (pre-typecheck)
ensure-modal-layout: nothing to remove

==> ensure-migrated-layout (pre-typecheck)
ensure-migrated-layout: nothing to remove

==> lint (@airpc/studio-v2)

> @airpc/studio-v2@0.0.1 lint
> node ./scripts/run-eslint.mjs . --max-warnings 0


==> typecheck (@airpc/studio-v2)

> @airpc/studio-v2@0.0.1 typecheck
> tsc -p tsconfig.json --noEmit


==> check:comments
check:comments ok (204 files)

==> check:studio-structure
WARN STUDIO-STRUCT-003  apps/studioV2/app/api/characters/route.ts:54:1  函数 POST 圈复杂度 12 超过告警线 10  重构条件分支，避免继续堆叠
WARN STUDIO-STRUCT-003  apps/studioV2/app/api/memory/route.ts:10:1  函数 GET 圈复杂度 11 超过告警线 10  重构条件分支，避免继续堆叠
WARN STUDIO-STRUCT-003  apps/studioV2/app/api/users/[userId]/route.ts:41:1  函数 PUT 圈复杂度 12 超过告警线 10  重构条件分支，避免继续堆叠
WARN STUDIO-STRUCT-003  apps/studioV2/app/api/users/route.ts:33:1  函数 POST 圈复杂度 13 超过告警线 10  重构条件分支，避免继续堆叠
WARN STUDIO-STRUCT-001  apps/studioV2/src/bis/pageBis/characters/detail/form/characterDefMapper.ts:1:1  other 有效行数 377 超过告警线 350  尽快拆分，避免逼近硬上限
WARN STUDIO-STRUCT-002  apps/studioV2/src/bis/pageBis/characters/detail/form/characterDefMapper.ts:150:1  函数 characterDefToSummary 有效行数 61 超过告警线 60  考虑拆分以保持可测性
WARN STUDIO-STRUCT-002  apps/studioV2/src/bis/pageBis/characters/detail/form/characterDefMapper.ts:217:1  函数 mergeDetailFormIntoCharacterDef 有效行数 94 超过告警线 60  考虑拆分以保持可测性
WARN STUDIO-STRUCT-002  apps/studioV2/src/bis/pageBis/characters/detail/form/characterDetailForm.ts:93:1  函数 applyCharacterDetailForm 有效行数 67 超过告警线 60  考虑拆分以保持可测性
WARN STUDIO-STRUCT-003  apps/studioV2/src/bis/pageBis/characters/detail/form/characterDetailFormValidate.ts:125:1  函数 validateScenes 圈复杂度 13 超过告警线 10  重构条件分支，避免继续堆叠
WARN STUDIO-STRUCT-003  apps/studioV2/src/bis/pageBis/users/form/userFormValidate.ts:18:1  函数 validateUserForm 圈复杂度 13 超过告警线 10  重构条件分支，避免继续堆叠
WARN STUDIO-STRUCT-002  apps/studioV2/src/commonUiComponents/form/blocks/AvatarUpload/index.tsx:19:5  函数 FormAvatarUpload 有效行数 72 超过告警线 60  考虑拆分以保持可测性
WARN STUDIO-STRUCT-002  apps/studioV2/src/commonUiComponents/form/blocks/LocalHourRangeField/index.tsx:38:5  函数 FormLocalHourRangeField 有效行数 72 超过告警线 60  考虑拆分以保持可测性
WARN STUDIO-STRUCT-002  apps/studioV2/src/commonUiComponents/form/blocks/PromptSceneListEditor/com/PromptSceneCardBody/index.tsx:34:2  函数 PromptSceneCardBody 有效行数 72 超过告警线 60  考虑拆分以保持可测性
WARN STUDIO-STRUCT-002  apps/studioV2/src/commonUiComponents/form/blocks/PromptSceneListEditor/index.tsx:26:5  函数 FormPromptSceneListEditor 有效行数 65 超过告警线 60  考虑拆分以保持可测性
WARN STUDIO-STRUCT-003  apps/studioV2/src/commonUiComponents/form/blocks/PromptSceneListEditor/promptSceneListHelpers.ts:26:1  函数 asPromptSceneList 圈复杂度 11 超过告警线 10  重构条件分支，避免继续堆叠
WARN STUDIO-STRUCT-002  apps/studioV2/src/commonUiComponents/form/blocks/PromptVariantListEditor/index.tsx:36:5  函数 FormPromptVariantListEditor 有效行数 96 超过告警线 60  考虑拆分以保持可测性
WARN STUDIO-STRUCT-002  apps/studioV2/src/commonUiComponents/form/blocks/StringListEditor/index.tsx:24:5  函数 FormStringListEditor 有效行数 72 超过告警线 60  考虑拆分以保持可测性
WARN STUDIO-STRUCT-002  apps/studioV2/src/pageComponents/assets/com/AssetDetailEditForm.tsx:40:2  函数 AssetDetailEditForm 有效行数 68 超过告警线 60  考虑拆分以保持可测性
WARN STUDIO-STRUCT-002  apps/studioV2/src/pageComponents/assets/hooks/useAssetLibraryPage.ts:19:1  函数 useAssetLibraryPage 有效行数 78 超过告警线 60  考虑拆分以保持可测性
WARN STUDIO-STRUCT-003  apps/studioV2/src/pageComponents/assets/hooks/useAssetLibraryPage.ts:19:1  函数 useAssetLibraryPage 圈复杂度 11 超过告警线 10  重构条件分支，避免继续堆叠
WARN STUDIO-STRUCT-002  apps/studioV2/src/pageComponents/characters/CharacterLibraryView.tsx:22:41  函数 CharacterLibraryView 有效行数 82 超过告警线 60  考虑拆分以保持可测性
WARN STUDIO-STRUCT-002  apps/studioV2/src/pageComponents/characters/com/CharacterDetailEditForm.tsx:39:2  函数 CharacterDetailEditForm 有效行数 67 超过告警线 60  考虑拆分以保持可测性
WARN STUDIO-STRUCT-002  apps/studioV2/src/pageComponents/characters/com/memory/CharacterMemoryMainBody.tsx:48:5  函数 CharacterMemoryMainBody 有效行数 62 超过告警线 60  考虑拆分以保持可测性
WARN STUDIO-STRUCT-002  apps/studioV2/src/pageComponents/characters/hooks/useCharacterLibraryPage.ts:18:1  函数 useCharacterLibraryPage 有效行数 98 超过告警线 60  考虑拆分以保持可测性
WARN STUDIO-STRUCT-003  apps/studioV2/src/pageComponents/characters/hooks/useCharacterLibraryPage.ts:18:1  函数 useCharacterLibraryPage 圈复杂度 15 超过告警线 10  重构条件分支，避免继续堆叠
WARN STUDIO-STRUCT-002  apps/studioV2/src/pageComponents/debugger/com/CallRunPanel.tsx:43:52  函数 CallRunPanel 有效行数 72 超过告警线 60  考虑拆分以保持可测性
WARN STUDIO-STRUCT-002  apps/studioV2/src/pageComponents/home/WorkbenchSideCol.tsx:21:37  函数 WorkbenchSideCol 有效行数 78 超过告警线 60  考虑拆分以保持可测性
WARN STUDIO-STRUCT-002  apps/studioV2/src/pageComponents/packages/create/CreatePackageView.tsx:23:38  函数 CreatePackageView 有效行数 71 超过告警线 60  考虑拆分以保持可测性
WARN STUDIO-STRUCT-002  apps/studioV2/src/pageComponents/packages/export/ExportPackageForm.tsx:33:45  函数 ExportPackageForm 有效行数 65 超过告警线 60  考虑拆分以保持可测性
WARN STUDIO-STRUCT-002  apps/studioV2/src/pageComponents/packages/list/PackageListView.tsx:34:36  函数 PackageListView 有效行数 93 超过告警线 60  考虑拆分以保持可测性
WARN STUDIO-STRUCT-002  apps/studioV2/src/pageComponents/settings/com/SettingsEnginePanels.tsx:92:62  函数 SchemaEnginePanel 有效行数 65 超过告警线 60  考虑拆分以保持可测性
WARN STUDIO-STRUCT-002  apps/studioV2/src/pageComponents/storyEditor/StoryEditorShell.tsx:36:60  函数 StoryEditorShell 有效行数 95 超过告警线 60  考虑拆分以保持可测性
WARN STUDIO-STRUCT-002  apps/studioV2/src/pageComponents/storyEditor/canvas/useStoryCanvasGraph.ts:54:1  函数 useStoryCanvasGraph 有效行数 98 超过告警线 60  考虑拆分以保持可测性
WARN STUDIO-STRUCT-002  apps/studioV2/src/pageComponents/storyEditor/com/panel/NodePropertyForm.tsx:41:2  函数 NodePropertyForm 有效行数 91 超过告警线 60  考虑拆分以保持可测性
WARN STUDIO-STRUCT-002  apps/studioV2/src/pageComponents/users/UserLibraryList.tsx:32:58  函数 UserLibraryList 有效行数 61 超过告警线 60  考虑拆分以保持可测性
WARN STUDIO-STRUCT-002  apps/studioV2/src/pageComponents/users/UserLibraryView.tsx:59:36  函数 UserLibraryView 有效行数 80 超过告警线 60  考虑拆分以保持可测性
WARN STUDIO-STRUCT-002  apps/studioV2/src/pageComponents/users/hooks/useUserLibraryPage.ts:18:1  函数 useUserLibraryPage 有效行数 96 超过告警线 60  考虑拆分以保持可测性
WARN STUDIO-STRUCT-003  apps/studioV2/src/pageComponents/users/hooks/useUserLibraryPage.ts:18:1  函数 useUserLibraryPage 圈复杂度 15 超过告警线 10  重构条件分支，避免继续堆叠
WARN STUDIO-STRUCT-003  apps/studioV2/src/utils/server/http/apiResponse.server.ts:23:1  函数 httpStatusForCode 圈复杂度 12 超过告警线 10  重构条件分支，避免继续堆叠
STUDIO-STRUCT-008  apps/studioV2/src/bis/pageBis/users/form:1:1  目录含 4 个源文件且职责组≥2（userfo,userpr），应分子目录  按 domain/commands/features 等职责拆分子目录，禁止长前缀代目录
check:studio-structure failed (1 errors, 39 warnings, 204 files)
check:studio-structure failed (exit 1)

quality:studio FAILED
[gbx] ■ verify:npm run quality:studio done exit=1 elapsed=5s
