[gbx] ▶ verify:npm run quality:engine start cmd=/bin/sh cwd=/Users/bolbiao/workspace/airpc-engine

> quality:engine
> node scripts/engine-quality/quality-engine.mjs


==> check:engine-imports
check:engine-imports ok (56 files)

==> typecheck (@airpc/rpg-engine)

> @airpc/rpg-engine@0.0.1 typecheck
> tsc -p tsconfig.json --noEmit


==> check:engine-structure
ENGINE-STRUCT-002  packages/rpg-engine/src/host/createScheduleClockApi.ts:18:1  当前=95  允许=60  函数 createScheduleClockApi 有效行数 95 超过告警线 60  考虑拆分以保持可测性
ENGINE-STRUCT-003  packages/rpg-engine/src/host/createScheduleClockApi.ts:18:1  当前=11  允许=10  函数 createScheduleClockApi 圈复杂度 11 超过告警线 10  重构条件分支
ENGINE-STRUCT-003  packages/rpg-engine/src/host/wet.ts:140:1  当前=13  允许=10  函数 validateWetAppend 圈复杂度 13 超过告警线 10  重构条件分支
ENGINE-STRUCT-002  packages/rpg-engine/src/host/wet.ts:196:1  当前=62  允许=60  函数 buildWetReplayView 有效行数 62 超过告警线 60  考虑拆分以保持可测性
ENGINE-STRUCT-003  packages/rpg-engine/src/host/wet.ts:196:1  当前=12  允许=10  函数 buildWetReplayView 圈复杂度 12 超过告警线 10  重构条件分支
ENGINE-STRUCT-003  packages/rpg-engine/src/runtime/activeStoryLock.ts:28:1  当前=12  允许=10  函数 asStorySave 圈复杂度 12 超过告警线 10  重构条件分支
ENGINE-STRUCT-003  packages/rpg-engine/src/runtime/activeStoryLock.ts:62:1  当前=11  允许=10  函数 findActiveStoryLock 圈复杂度 11 超过告警线 10  重构条件分支
ENGINE-STRUCT-003  packages/rpg-engine/src/runtime/activeStoryLock.ts:153:1  当前=14  允许=10  函数 activateStoryOnBegin 圈复杂度 14 超过告警线 10  重构条件分支
ENGINE-STRUCT-003  packages/rpg-engine/src/runtime/classifyCall.ts:28:1  当前=14  允许=10  函数 classifyCall 圈复杂度 14 超过告警线 10  重构条件分支
ENGINE-STRUCT-003  packages/rpg-engine/src/runtime/evaluateCondition.ts:7:1  当前=11  允许=10  函数 evaluateExitCondition 圈复杂度 11 超过告警线 10  重构条件分支
ENGINE-STRUCT-002  packages/rpg-engine/src/runtime/exitSelector.ts:20:1  当前=69  允许=60  函数 selectExit 有效行数 69 超过告警线 60  考虑拆分以保持可测性
ENGINE-STRUCT-003  packages/rpg-engine/src/runtime/exitSelector.ts:20:1  当前=12  允许=10  函数 selectExit 圈复杂度 12 超过告警线 10  重构条件分支
ENGINE-STRUCT-002  packages/rpg-engine/src/runtime/freeCallPostPipeline.ts:37:1  当前=88  允许=60  函数 runFreeCallPostPipeline 有效行数 88 超过告警线 60  考虑拆分以保持可测性
ENGINE-STRUCT-003  packages/rpg-engine/src/runtime/freeCallPostPipeline.ts:37:1  当前=11  允许=10  函数 runFreeCallPostPipeline 圈复杂度 11 超过告警线 10  重构条件分支
ENGINE-STRUCT-003  packages/rpg-engine/src/runtime/pickPendingForUserDial.ts:56:1  当前=14  允许=10  函数 pickPendingForIntent 圈复杂度 14 超过告警线 10  重构条件分支
ENGINE-STRUCT-003  packages/rpg-engine/src/schedule/reconcileRecurringIntents.ts:41:1  当前=11  允许=10  函数 reconcileRecurringIntents 圈复杂度 11 超过告警线 10  重构条件分支
ENGINE-STRUCT-003  packages/rpg-engine/src/schedule/writeRecurringIntentFromEffect.ts:47:1  当前=11  允许=10  函数 writeRecurringIntentFromEffect 圈复杂度 11 超过告警线 10  重构条件分支
ENGINE-STRUCT-003  packages/rpg-engine/src/schema/promptScene.ts:63:1  当前=15  允许=10  函数 validatePromptScenePatches 圈复杂度 15 超过告警线 10  重构条件分支
ENGINE-STRUCT-003  packages/rpg-engine/src/tools/resolveToolPolicy.ts:8:1  当前=13  允许=10  函数 resolveToolPolicy 圈复杂度 13 超过告警线 10  重构条件分支
ENGINE-STRUCT-002  packages/rpg-engine/tests/host/a-to-b-memory-e2e.test.ts:17:38  当前=80  允许=60  函数 <anonymous> 有效行数 80 超过告警线 60  考虑拆分以保持可测性
ENGINE-STRUCT-002  packages/rpg-engine/tests/host/a-to-b-memory-e2e.test.ts:27:70  当前=71  允许=60  函数 <anonymous> 有效行数 71 超过告警线 60  考虑拆分以保持可测性
ENGINE-STRUCT-002  packages/rpg-engine/tests/host/chat-turns-e2e.test.ts:17:37  当前=91  允许=60  函数 <anonymous> 有效行数 91 超过告警线 60  考虑拆分以保持可测性
ENGINE-STRUCT-003  packages/rpg-engine/tests/host/chat-turns-e2e.test.ts:17:37  当前=13  允许=10  函数 <anonymous> 圈复杂度 13 超过告警线 10  重构条件分支
ENGINE-STRUCT-002  packages/rpg-engine/tests/host/manual-story-loop.test.ts:21:31  当前=86  允许=60  函数 <anonymous> 有效行数 86 超过告警线 60  考虑拆分以保持可测性
ENGINE-STRUCT-002  packages/rpg-engine/tests/host/night-layer-e2e.test.ts:17:40  当前=75  允许=60  函数 <anonymous> 有效行数 75 超过告警线 60  考虑拆分以保持可测性
ENGINE-STRUCT-002  packages/rpg-engine/tests/host/playback-phase.test.ts:20:40  当前=94  允许=60  函数 <anonymous> 有效行数 94 超过告警线 60  考虑拆分以保持可测性
ENGINE-STRUCT-002  packages/rpg-engine/tests/host/playback-phase.test.ts:30:79  当前=85  允许=60  函数 <anonymous> 有效行数 85 超过告警线 60  考虑拆分以保持可测性
ENGINE-STRUCT-002  packages/rpg-engine/tests/runtime/composer.localHourRange.test.ts:145:56  当前=80  允许=60  函数 <anonymous> 有效行数 80 超过告警线 60  考虑拆分以保持可测性
ENGINE-STRUCT-002  packages/rpg-engine/tests/runtime/pick-pending-entry-mode.test.ts:38:41  当前=86  允许=60  函数 <anonymous> 有效行数 86 超过告警线 60  考虑拆分以保持可测性
ENGINE-STRUCT-002  packages/rpg-engine/tests/schedule/card-reference-and-classify.test.ts:28:43  当前=81  允许=60  函数 <anonymous> 有效行数 81 超过告警线 60  考虑拆分以保持可测性
ENGINE-STRUCT-003  packages/rpg-engine/tests/schedule/card-reference-and-classify.test.ts:28:43  当前=14  允许=10  函数 <anonymous> 圈复杂度 14 超过告警线 10  重构条件分支
ENGINE-STRUCT-002  packages/rpg-engine/tests/validation/collectReferencedAgentIds.test.ts:37:54  当前=83  允许=60  函数 <anonymous> 有效行数 83 超过告警线 60  考虑拆分以保持可测性
ENGINE-STRUCT-009  packages/rpg-engine/src/host:1:1  当前=8  允许=clustered-dirs  目录含 8 个源文件且职责组≥2（card,host,schedule,enginelogfile,errors,types,wet），应分子目录  按职责拆分子目录，禁止长前缀代目录；新增文件勿继续恶化平铺
ENGINE-STRUCT-009  packages/rpg-engine/src/runtime:1:1  当前=15  允许=clustered-dirs  目录含 15 个源文件且职责组≥2（activestorylock,card,composescene,composer,effect,evaluatecondition,exitselector,outboundwindow,personalityprompt,pickpendingforuserdial,schedule），应分子目录  按职责拆分子目录，禁止长前缀代目录；新增文件勿继续恶化平铺
ENGINE-STRUCT-009  packages/rpg-engine/src/schema:1:1  当前=10  允许=clustered-dirs  目录含 10 个源文件且职责组≥2（asset,card,character,host,outcome,persist,promptscene,schedule,worldfact,worldlore），应分子目录  按职责拆分子目录，禁止长前缀代目录；新增文件勿继续恶化平铺
ENGINE-STRUCT-009  packages/rpg-engine/src/tools:1:1  当前=5  允许=clustered-dirs  目录含 5 个源文件且职责组≥2（builtinregistry,effect,host,resolvetoolpolicy,types），应分子目录  按职责拆分子目录，禁止长前缀代目录；新增文件勿继续恶化平铺
ENGINE-STRUCT-009  packages/rpg-engine/src/validation:1:1  当前=5  允许=clustered-dirs  目录含 5 个源文件且职责组≥2（collectreferencedagentids,errorcoverage,types,validate），应分子目录  按职责拆分子目录，禁止长前缀代目录；新增文件勿继续恶化平铺
check:engine-structure checked=99 errors=0 warnings=37

==> vitest (@airpc/rpg-engine)

> @airpc/rpg-engine@0.0.1 test
> vitest run


 RUN  v3.2.7 /Users/bolbiao/workspace/airpc-engine/packages/rpg-engine

 ✓ tests/host/content-reload-preserves-session.test.ts (2 tests) 214ms
 ✓ tests/host/chat-turns-e2e.test.ts (2 tests) 241ms
 ✓ tests/host/schedule-once-early-dial.test.ts (3 tests) 293ms
 ✓ tests/host/clock-tick-e2e.test.ts (4 tests) 332ms
 ✓ tests/validation/validatePackage.referencedAgents.test.ts (5 tests) 359ms
 ✓ tests/host/engine-plan-7.4-7.5.test.ts (8 tests) 405ms
 ✓ tests/validation/golden-handoff.validate.test.ts (10 tests) 725ms
 ✓ tests/host/night-layer-e2e.test.ts (2 tests) 218ms
 ✓ tests/host/manual-story-loop.test.ts (2 tests) 377ms
 ✓ tests/host/active-story-lock.test.ts (3 tests) 416ms
 ✓ tests/host/isolation-recurring-e2e.test.ts (3 tests) 539ms
 ✓ tests/host/schedule-card-recurring.test.ts (4 tests) 724ms
 ✓ tests/host/engine-plan-7.1-7.3.test.ts (6 tests) 821ms
 ✓ tests/host/golden-handoff.test.ts (2 tests) 177ms
 ✓ tests/host/end-story-next-e2e.test.ts (1 test) 123ms
 ✓ tests/validation/validatePackage.timeBuckets.test.ts (1 test) 235ms
 ✓ tests/host/free-call-pipeline.test.ts (4 tests) 465ms
 ✓ tests/host/refer-to-expert-e2e.test.ts (1 test) 347ms
   ✓ E4a refer_to_expert E2E > invokeTool(refer_to_expert) → endCall → unlock + schedule → advanceClock pending  345ms
 ✓ tests/host/schedule-no-story-save.test.ts (1 test) 256ms
 ✓ tests/host/end-story-free-e2e.test.ts (1 test) 421ms
   ✓ end_story no-next → Free (V1-E6 host) > 清场后任意角色 resolve(user_dial) source===free，旧 story pending 不再命中  419ms
 ✓ tests/host/playback-phase.test.ts (1 test) 283ms
 ✓ tests/host/schedule-outbound.test.ts (2 tests) 374ms
   ✓ schedule → outbound (S3) > Free 挂机写入 schedule → advanceClock → agent_outbound begin Manual  372ms
 ✓ tests/lore/bootstrap-fallback.test.ts (6 tests) 32ms
 ✓ tests/validation/wrong-number-act1.validate.test.ts (1 test) 87ms
 ✓ tests/host/a-to-b-memory-e2e.test.ts (1 test) 174ms
 ✓ tests/runtime/effect-sink-plan-status.test.ts (7 tests) 77ms
 ✓ tests/runtime/end-story-cleanup.test.ts (5 tests) 13ms
 ✓ tests/memory/sqlite-memory.test.ts (8 tests) 58ms
 ✓ tests/host/wet.test.ts (8 tests) 75ms
 ✓ tests/schema/callcard-schema-tighten.test.ts (4 tests) 3ms
 ✓ tests/schedule/card-reference-and-classify.test.ts (9 tests) 4ms
 ✓ tests/runtime/composer.localHourRange.test.ts (7 tests) 5ms
 ✓ tests/runtime/effect-s11.test.ts (5 tests) 7ms
 ✓ tests/validation/collectReferencedAgentIds.test.ts (5 tests) 7ms
 ✓ tests/runtime/outbound-window.test.ts (7 tests) 6ms
 ✓ tests/runtime/composer.test.ts (6 tests) 5ms
 ✓ tests/runtime/pick-pending-entry-mode.test.ts (4 tests) 2ms
 ✓ tests/host/log-redact.test.ts (1 test) 12ms
 ✓ tests/runtime/select-call-flow-prompt.test.ts (2 tests) 2ms
 ✓ tests/schema/user-schema.test.ts (4 tests) 3ms
 ✓ tests/runtime/composer.personality.test.ts (4 tests) 2ms
 ✓ tests/runtime/exit-selector.test.ts (3 tests) 2ms
 ✓ tests/index.smoke.test.ts (1 test) 1ms

 Test Files  43 passed (43)
      Tests  166 passed (166)
   Start at  18:46:06
   Duration  4.28s (transform 748ms, setup 0ms, collect 9.28s, tests 8.92s, environment 5ms, prepare 2.80s)


==> gate self-tests (engine-structure)
▶ check:engine-structure
  ✔ 有效行数忽略空行 (0.505ms)
  ✔ host 文件分类 (0.127ms)
  ✔ 圈复杂度统计分支 (3.831ms)
  ✔ 新文件超过文件硬上限失败 (15.532375ms)
  ✔ 新函数超过函数硬上限失败 (2.987833ms)
  ✔ 圈复杂度超过硬上限失败 (1.379916ms)
  ✔ 历史超限文件保持基线通过 (5.401416ms)
  ✔ 历史文件增加一行失败 (5.008292ms)
  ✔ 大目录基线通配被拒绝 (3.209583ms)
  ✔ src 平放测试失败 (5.377542ms)
  ✔ 无理由 suppress 失败 (1.231667ms)
  ✔ 合格小文件通过 (0.67525ms)
  ✔ validateBaselineDoc 拒绝通配 (0.072041ms)
  ✔ 输出格式可被 path:line:col 解析 (3.79025ms)
  ✔ 真实引擎包在基线下可过结构门禁 (129.906583ms)
✔ check:engine-structure (180.158791ms)
ℹ tests 15
ℹ suites 1
ℹ pass 15
ℹ fail 0
ℹ cancelled 0
ℹ skipped 0
ℹ todo 0
ℹ duration_ms 322.003

quality:engine ok
[gbx] ■ verify:npm run quality:engine done exit=0 elapsed=7s
