[gbx] ▶ verify:npm run quality:studio start cmd=/bin/sh cwd=/Users/bolbiao/workspace/airpc-engine

> quality:studio
> node scripts/studio-quality/quality-studio.mjs


==> ensure-modal-layout (pre-typecheck)
ensure-modal-layout: nothing to remove

==> ensure-migrated-layout (pre-typecheck)
ensure-migrated-layout: nothing to remove

==> lint (@airpc/studio-v2)

> @airpc/studio-v2@0.0.1 lint
> node ./scripts/run-eslint.mjs . --max-warnings 0


==> typecheck (@airpc/studio-v2)

> @airpc/studio-v2@0.0.1 typecheck
> tsc -p tsconfig.json --noEmit


==> check:comments
check:comments ok (306 files)

==> check:studio-structure
WARN STUDIO-STRUCT-003  apps/studioV2/app/api/characters/route.ts:54:1  函数 POST 圈复杂度 12 超过告警线 10  重构条件分支，避免继续堆叠
WARN STUDIO-STRUCT-003  apps/studioV2/app/api/memory/route.ts:10:1  函数 GET 圈复杂度 11 超过告警线 10  重构条件分支，避免继续堆叠
WARN STUDIO-STRUCT-003  apps/studioV2/app/api/users/[userId]/route.ts:41:1  函数 PUT 圈复杂度 12 超过告警线 10  重构条件分支，避免继续堆叠
WARN STUDIO-STRUCT-003  apps/studioV2/app/api/users/route.ts:33:1  函数 POST 圈复杂度 13 超过告警线 10  重构条件分支，避免继续堆叠
WARN STUDIO-STRUCT-001  apps/studioV2/src/bis/pageBis/characters/detail/form/characterDefMapper.ts:1:1  other 有效行数 381 超过告警线 350  尽快拆分，避免逼近硬上限
WARN STUDIO-STRUCT-002  apps/studioV2/src/bis/pageBis/characters/detail/form/characterDefMapper.ts:151:1  函数 characterDefToSummary 有效行数 62 超过告警线 60  考虑拆分以保持可测性
WARN STUDIO-STRUCT-002  apps/studioV2/src/bis/pageBis/characters/detail/form/characterDefMapper.ts:219:1  函数 mergeDetailFormIntoCharacterDef 有效行数 95 超过告警线 60  考虑拆分以保持可测性
WARN STUDIO-STRUCT-002  apps/studioV2/src/bis/pageBis/characters/detail/form/characterDetailForm.ts:94:1  函数 applyCharacterDetailForm 有效行数 68 超过告警线 60  考虑拆分以保持可测性
WARN STUDIO-STRUCT-003  apps/studioV2/src/bis/pageBis/characters/detail/form/characterDetailFormValidate.ts:128:1  函数 validateScenes 圈复杂度 13 超过告警线 10  重构条件分支，避免继续堆叠
WARN STUDIO-STRUCT-001  apps/studioV2/src/bis/pageBis/storyEditor/package/graph/diskBundleGraph.ts:1:1  other 有效行数 358 超过告警线 350  尽快拆分，避免逼近硬上限
WARN STUDIO-STRUCT-003  apps/studioV2/src/bis/pageBis/storyEditor/package/graph/diskBundleGraph.ts:174:1  函数 layoutEdgeToRfEdge 圈复杂度 13 超过告警线 10  重构条件分支，避免继续堆叠
WARN STUDIO-STRUCT-003  apps/studioV2/src/bis/pageBis/storyEditor/package/graph/diskBundleGraph.ts:324:1  函数 editorGraphToBundle 圈复杂度 11 超过告警线 10  重构条件分支，避免继续堆叠
WARN STUDIO-STRUCT-003  apps/studioV2/src/bis/pageBis/users/form/mapper/mapUserProfile.ts:14:1  函数 userToSummary 圈复杂度 12 超过告警线 10  重构条件分支，避免继续堆叠
WARN STUDIO-STRUCT-002  apps/studioV2/src/commonUiComponents/form/blocks/AvatarUpload/index.tsx:19:5  函数 FormAvatarUpload 有效行数 72 超过告警线 60  考虑拆分以保持可测性
WARN STUDIO-STRUCT-002  apps/studioV2/src/commonUiComponents/form/blocks/LocalHourRangeField/index.tsx:38:5  函数 FormLocalHourRangeField 有效行数 74 超过告警线 60  考虑拆分以保持可测性
WARN STUDIO-STRUCT-002  apps/studioV2/src/commonUiComponents/form/blocks/OptionMultiSelect/index.tsx:28:49  函数 FormOptionMultiSelect 有效行数 70 超过告警线 60  考虑拆分以保持可测性
WARN STUDIO-STRUCT-002  apps/studioV2/src/commonUiComponents/form/blocks/PromptSceneListEditor/com/PromptSceneCardBody/index.tsx:34:2  函数 PromptSceneCardBody 有效行数 72 超过告警线 60  考虑拆分以保持可测性
WARN STUDIO-STRUCT-002  apps/studioV2/src/commonUiComponents/form/blocks/PromptSceneListEditor/index.tsx:26:5  函数 FormPromptSceneListEditor 有效行数 65 超过告警线 60  考虑拆分以保持可测性
WARN STUDIO-STRUCT-003  apps/studioV2/src/commonUiComponents/form/blocks/PromptSceneListEditor/promptSceneListHelpers.ts:26:1  函数 asPromptSceneList 圈复杂度 11 超过告警线 10  重构条件分支，避免继续堆叠
WARN STUDIO-STRUCT-002  apps/studioV2/src/commonUiComponents/form/blocks/PromptVariantListEditor/index.tsx:36:5  函数 FormPromptVariantListEditor 有效行数 96 超过告警线 60  考虑拆分以保持可测性
WARN STUDIO-STRUCT-002  apps/studioV2/src/commonUiComponents/form/blocks/StringListEditor/index.tsx:24:5  函数 FormStringListEditor 有效行数 72 超过告警线 60  考虑拆分以保持可测性
WARN STUDIO-STRUCT-002  apps/studioV2/src/pageComponents/assets/com/AssetDetailEditForm.tsx:40:2  函数 AssetDetailEditForm 有效行数 68 超过告警线 60  考虑拆分以保持可测性
WARN STUDIO-STRUCT-002  apps/studioV2/src/pageComponents/assets/hooks/useAssetLibraryPage.ts:19:1  函数 useAssetLibraryPage 有效行数 78 超过告警线 60  考虑拆分以保持可测性
WARN STUDIO-STRUCT-003  apps/studioV2/src/pageComponents/assets/hooks/useAssetLibraryPage.ts:19:1  函数 useAssetLibraryPage 圈复杂度 11 超过告警线 10  重构条件分支，避免继续堆叠
WARN STUDIO-STRUCT-002  apps/studioV2/src/pageComponents/characters/CharacterLibraryView.tsx:23:41  函数 CharacterLibraryView 有效行数 82 超过告警线 60  考虑拆分以保持可测性
WARN STUDIO-STRUCT-002  apps/studioV2/src/pageComponents/characters/com/CharacterDetailEditForm.tsx:41:2  函数 CharacterDetailEditForm 有效行数 69 超过告警线 60  考虑拆分以保持可测性
WARN STUDIO-STRUCT-002  apps/studioV2/src/pageComponents/characters/com/memory/CharacterMemoryMainBody.tsx:48:5  函数 CharacterMemoryMainBody 有效行数 62 超过告警线 60  考虑拆分以保持可测性
WARN STUDIO-STRUCT-002  apps/studioV2/src/pageComponents/characters/com/schedule/CharacterSchedulePanel.tsx:25:2  函数 CharacterSchedulePanel 有效行数 82 超过告警线 60  考虑拆分以保持可测性
WARN STUDIO-STRUCT-002  apps/studioV2/src/pageComponents/characters/com/schedule/hooks/useCharacterSchedulePanel.ts:43:1  函数 useCharacterSchedulePanel 有效行数 82 超过告警线 60  考虑拆分以保持可测性
WARN STUDIO-STRUCT-002  apps/studioV2/src/pageComponents/characters/hooks/useCharacterLibraryPage.ts:37:1  函数 useCharacterLibraryPage 有效行数 86 超过告警线 60  考虑拆分以保持可测性
WARN STUDIO-STRUCT-002  apps/studioV2/src/pageComponents/debugger/com/CallRunPanel.tsx:43:52  函数 CallRunPanel 有效行数 72 超过告警线 60  考虑拆分以保持可测性
WARN STUDIO-STRUCT-002  apps/studioV2/src/pageComponents/home/WorkbenchSideCol.tsx:21:37  函数 WorkbenchSideCol 有效行数 78 超过告警线 60  考虑拆分以保持可测性
WARN STUDIO-STRUCT-002  apps/studioV2/src/pageComponents/packages/create/CreatePackageView.tsx:23:38  函数 CreatePackageView 有效行数 71 超过告警线 60  考虑拆分以保持可测性
WARN STUDIO-STRUCT-002  apps/studioV2/src/pageComponents/packages/export/ExportPackageForm.tsx:35:45  函数 ExportPackageForm 有效行数 68 超过告警线 60  考虑拆分以保持可测性
WARN STUDIO-STRUCT-002  apps/studioV2/src/pageComponents/packages/export/ExportPackageView.tsx:24:38  函数 ExportPackageView 有效行数 74 超过告警线 60  考虑拆分以保持可测性
WARN STUDIO-STRUCT-002  apps/studioV2/src/pageComponents/packages/list/PackageListView.tsx:20:36  函数 PackageListView 有效行数 70 超过告警线 60  考虑拆分以保持可测性
WARN STUDIO-STRUCT-002  apps/studioV2/src/pageComponents/settings/com/SettingsEnginePanels.tsx:92:62  函数 SchemaEnginePanel 有效行数 65 超过告警线 60  考虑拆分以保持可测性
WARN STUDIO-STRUCT-002  apps/studioV2/src/pageComponents/storyEditor/BottomToolBar.tsx:34:54  函数 BottomToolBar 有效行数 70 超过告警线 60  考虑拆分以保持可测性
WARN STUDIO-STRUCT-002  apps/studioV2/src/pageComponents/storyEditor/FloatingPanelShell.tsx:72:64  函数 FloatingPanelShell 有效行数 97 超过告警线 60  考虑拆分以保持可测性
WARN STUDIO-STRUCT-002  apps/studioV2/src/pageComponents/storyEditor/StoryEditorShell.tsx:23:60  函数 StoryEditorShell 有效行数 92 超过告警线 60  考虑拆分以保持可测性
WARN STUDIO-STRUCT-002  apps/studioV2/src/pageComponents/storyEditor/canvas/StoryCanvasStage.tsx:72:53  函数 StoryCanvasInner 有效行数 86 超过告警线 60  考虑拆分以保持可测性
WARN STUDIO-STRUCT-003  apps/studioV2/src/pageComponents/storyEditor/canvas/canvasConnectHandlers.ts:95:1  函数 applyEffectDragConnection 圈复杂度 11 超过告警线 10  重构条件分支，避免继续堆叠
WARN STUDIO-STRUCT-002  apps/studioV2/src/pageComponents/storyEditor/canvas/createStoryCanvasNodeCommands.ts:44:1  函数 createStoryCanvasNodeCommands 有效行数 66 超过告警线 60  考虑拆分以保持可测性
WARN STUDIO-STRUCT-002  apps/studioV2/src/pageComponents/storyEditor/canvas/nodes/CallCardFlowNode.tsx:27:48  函数 CallCardFlowNode 有效行数 77 超过告警线 60  考虑拆分以保持可测性
WARN STUDIO-STRUCT-002  apps/studioV2/src/pageComponents/storyEditor/canvas/useStoryCanvasGraph.ts:99:1  函数 useStoryCanvasGraph 有效行数 91 超过告警线 60  考虑拆分以保持可测性
WARN STUDIO-STRUCT-002  apps/studioV2/src/pageComponents/storyEditor/com/panel/ChapterEndNextFields.tsx:30:2  函数 ChapterEndNextFields 有效行数 66 超过告警线 60  考虑拆分以保持可测性
WARN STUDIO-STRUCT-002  apps/studioV2/src/pageComponents/storyEditor/com/panel/ChapterPropertyForm.tsx:44:2  函数 ChapterPropertyForm 有效行数 71 超过告警线 60  考虑拆分以保持可测性
WARN STUDIO-STRUCT-002  apps/studioV2/src/pageComponents/storyEditor/com/panel/ExitListEditor/com/ExitEffectsList.tsx:32:2  函数 ExitEffectsList 有效行数 73 超过告警线 60  考虑拆分以保持可测性
WARN STUDIO-STRUCT-002  apps/studioV2/src/pageComponents/storyEditor/com/panel/ExitListEditor/com/ExitListRow.tsx:25:50  函数 ExitListRow 有效行数 95 超过告警线 60  考虑拆分以保持可测性
WARN STUDIO-STRUCT-002  apps/studioV2/src/pageComponents/storyEditor/com/panel/ExitListEditor/com/effects/EndStoryEffectPanel.tsx:31:2  函数 EndStoryEffectPanel 有效行数 75 超过告警线 60  考虑拆分以保持可测性
WARN STUDIO-STRUCT-002  apps/studioV2/src/pageComponents/storyEditor/com/panel/ExitListEditor/com/effects/EndStoryNextActivationPanel.tsx:25:2  函数 EndStoryNextActivationPanel 有效行数 85 超过告警线 60  考虑拆分以保持可测性
WARN STUDIO-STRUCT-002  apps/studioV2/src/pageComponents/storyEditor/com/panel/ExitListEditor/com/effects/PatchMemoryEffectPanel.tsx:20:2  函数 PatchMemoryEffectPanel 有效行数 63 超过告警线 60  考虑拆分以保持可测性
WARN STUDIO-STRUCT-002  apps/studioV2/src/pageComponents/storyEditor/com/panel/ExitListEditor/com/effects/ScheduleCallCardEffectPanel.tsx:20:2  函数 ScheduleCallCardEffectPanel 有效行数 73 超过告警线 60  考虑拆分以保持可测性
WARN STUDIO-STRUCT-003  apps/studioV2/src/pageComponents/storyEditor/com/panel/ExitListEditor/com/effects/ScheduleCallCardEffectPanel.tsx:20:2  函数 ScheduleCallCardEffectPanel 圈复杂度 12 超过告警线 10  重构条件分支，避免继续堆叠
WARN STUDIO-STRUCT-002  apps/studioV2/src/pageComponents/storyEditor/com/panel/ExitListEditor/com/effects/ScheduleRecurringCallEffectPanel.tsx:41:2  函数 ScheduleRecurringCallEffectPanel 有效行数 96 超过告警线 60  考虑拆分以保持可测性
WARN STUDIO-STRUCT-003  apps/studioV2/src/pageComponents/storyEditor/com/panel/ExitListEditor/com/effects/ScheduleRecurringCallEffectPanel.tsx:41:2  函数 ScheduleRecurringCallEffectPanel 圈复杂度 11 超过告警线 10  重构条件分支，避免继续堆叠
WARN STUDIO-STRUCT-002  apps/studioV2/src/pageComponents/storyEditor/com/panel/NodePropertyForm.tsx:58:2  函数 NodePropertyForm 有效行数 93 超过告警线 60  考虑拆分以保持可测性
WARN STUDIO-STRUCT-002  apps/studioV2/src/pageComponents/storyEditor/hooks/forms/useStoryEditorAssetForms.ts:23:1  函数 useStoryEditorAssetForms 有效行数 88 超过告警线 60  考虑拆分以保持可测性
WARN STUDIO-STRUCT-002  apps/studioV2/src/pageComponents/storyEditor/hooks/forms/useStoryEditorCharacterForms.ts:33:1  函数 useStoryEditorCharacterForms 有效行数 86 超过告警线 60  考虑拆分以保持可测性
WARN STUDIO-STRUCT-002  apps/studioV2/src/pageComponents/storyEditor/hooks/package/useStoryEditorPackageSession.ts:51:1  函数 useStoryEditorPackageSession 有效行数 98 超过告警线 60  考虑拆分以保持可测性
WARN STUDIO-STRUCT-002  apps/studioV2/src/pageComponents/storyEditor/hooks/shell/useStoryEditorShellController.ts:25:1  函数 useStoryEditorShellController 有效行数 83 超过告警线 60  考虑拆分以保持可测性
WARN STUDIO-STRUCT-002  apps/studioV2/src/pageComponents/storyEditor/library/AssetPickerFloat.tsx:30:2  函数 AssetPickerFloat 有效行数 74 超过告警线 60  考虑拆分以保持可测性
WARN STUDIO-STRUCT-002  apps/studioV2/src/pageComponents/storyEditor/library/PackageConfigFloat.tsx:25:2  函数 PackageConfigFloat 有效行数 64 超过告警线 60  考虑拆分以保持可测性
WARN STUDIO-STRUCT-002  apps/studioV2/src/pageComponents/users/UserLibraryList.tsx:32:58  函数 UserLibraryList 有效行数 61 超过告警线 60  考虑拆分以保持可测性
WARN STUDIO-STRUCT-002  apps/studioV2/src/pageComponents/users/UserLibraryView.tsx:59:36  函数 UserLibraryView 有效行数 80 超过告警线 60  考虑拆分以保持可测性
WARN STUDIO-STRUCT-002  apps/studioV2/src/pageComponents/users/com/UserDetailEditForm.tsx:41:2  函数 UserDetailEditForm 有效行数 68 超过告警线 60  考虑拆分以保持可测性
WARN STUDIO-STRUCT-002  apps/studioV2/src/pageComponents/users/hooks/useUserLibraryPage.ts:18:1  函数 useUserLibraryPage 有效行数 96 超过告警线 60  考虑拆分以保持可测性
WARN STUDIO-STRUCT-003  apps/studioV2/src/pageComponents/users/hooks/useUserLibraryPage.ts:18:1  函数 useUserLibraryPage 圈复杂度 15 超过告警线 10  重构条件分支，避免继续堆叠
WARN STUDIO-STRUCT-003  apps/studioV2/src/utils/server/http/apiResponse.server.ts:23:1  函数 httpStatusForCode 圈复杂度 12 超过告警线 10  重构条件分支，避免继续堆叠
WARN STUDIO-STRUCT-003  apps/studioV2/src/utils/server/packages/fs/packagesFs.server.ts:208:1  函数 writeDiskStoryPackage 圈复杂度 11 超过告警线 10  重构条件分支，避免继续堆叠
WARN STUDIO-STRUCT-003  apps/studioV2/src/utils/server/packages/list/packagesList.server.ts:33:1  函数 tryReadPackageSummary 圈复杂度 12 超过告警线 10  重构条件分支，避免继续堆叠
check:studio-structure ok (306 files, 71 warnings)

==> test:studio

> test:studio
> npm run test -w @airpc/studio-v2


> @airpc/studio-v2@0.0.1 test
> vitest run


 RUN  v3.2.7 /Users/bolbiao/workspace/airpc-engine/apps/studioV2

 ✓ tests/packages/createPackageForm.test.ts (2 tests) 3ms
 ✓ tests/storyEditor/dockNodeFactory.test.ts (7 tests) 8ms
 ✓ tests/storyEditor/effectEdgeSync.test.ts (10 tests) 13ms
 ✓ tests/users/userForm.test.ts (7 tests) 6ms
 ✓ tests/characters/characterForm.test.ts (6 tests) 5ms
 ✓ tests/storyEditor/nodePropertyAndRole.test.ts (17 tests) 6ms
 ✓ tests/assets/assetForm.test.ts (6 tests) 3ms
 ✓ tests/storyEditor/mockEditorCharacters.test.ts (4 tests) 3ms
 ✓ tests/characters/characterDefMapper.test.ts (3 tests) 6ms
 ✓ tests/commonUi/paginationSlice.test.ts (5 tests) 3ms
 ✓ tests/storyEditor/dockToolMode.test.ts (7 tests) 6ms
 ❯ tests/storyEditor/packageAndAssetFloat.test.ts (4 tests | 1 failed) 59ms
   × projectEditorPackageConfFromBundle > projects StoryPackageConf-aligned readonly fields from wrong_number_act1 disk 37ms
     → expected 0 to be greater than 0
   ✓ projectEditorPackageConfFromBundle > lists chapter next-package and entry-card Select options from disk index 17ms
   ✓ storyEditor asset form reuse > create form items come from assets bis (no duplicate field set) 1ms
   ✓ storyEditor asset form reuse > edit form items reuse asset detail basic + file segments 3ms
 ✓ tests/packages/storiesFs.test.ts (6 tests) 82ms
 ✓ tests/storyEditor/diskBundleGraph.test.ts (4 tests) 78ms
 ✓ tests/commonUi/formFieldConfig.test.ts (5 tests) 3ms
 ✓ tests/commonUi/modalContract.test.ts (3 tests) 2ms
 ✓ tests/storyEditor/summarizeEffect.test.ts (6 tests) 3ms
 ✓ tests/domain/createStudioId.test.ts (2 tests) 13ms
 ↓ tests/tmp-remove-flat-prompt-scene.test.ts (1 test | 1 skipped)
 ✓ tests/characters/createFormItems.test.ts (3 tests) 4ms
 ✓ tests/commonUi/autoFormContract.test.ts (8 tests) 11ms

⎯⎯⎯⎯⎯⎯⎯ Failed Tests 1 ⎯⎯⎯⎯⎯⎯⎯

 FAIL  tests/storyEditor/packageAndAssetFloat.test.ts > projectEditorPackageConfFromBundle > projects StoryPackageConf-aligned readonly fields from wrong_number_act1 disk
AssertionError: expected 0 to be greater than 0
 ❯ tests/storyEditor/packageAndAssetFloat.test.ts:31:36
     29|   expect(conf.packageId).toBe("wrong_number_act1");
     30|   expect(conf.title).toContain("打错电话");
     31|   expect(conf.participants.length).toBeGreaterThan(0);
       |                                    ^
     32|   expect(conf.entryCardId).toBe("lanxing_wrong_number");
     33|   expect(conf.cards.map((c) => c.cardId)).toContain(

⎯⎯⎯⎯⎯⎯⎯⎯⎯⎯⎯⎯⎯⎯⎯⎯⎯⎯⎯⎯⎯⎯⎯⎯[1/1]⎯


 Test Files  1 failed | 19 passed | 1 skipped (21)
      Tests  1 failed | 114 passed | 1 skipped (116)
   Start at  18:38:33
   Duration  2.23s (transform 1.97s, setup 0ms, collect 5.20s, tests 317ms, environment 3ms, prepare 2.83s)

npm error Lifecycle script `test` failed with error:
npm error code 1
npm error path /Users/bolbiao/workspace/airpc-engine/apps/studioV2
npm error workspace @airpc/studio-v2@0.0.1
npm error location /Users/bolbiao/workspace/airpc-engine/apps/studioV2
npm error command failed
npm error command sh -c vitest run
test:studio failed (exit 1)

quality:studio FAILED
[gbx] ■ verify:npm run quality:studio done exit=1 elapsed=9s
