[gbx] ▶ verify:npm run quality:engine · npm run quality:studio start cmd=/bin/sh cwd=/Users/bolbiao/workspace/airpc-engine

> quality:engine
> node scripts/engine-quality/quality-engine.mjs · npm run quality:studio


==> check:engine-imports
check:engine-imports ok (79 files)

==> typecheck (@airpc/rpg-engine)

> @airpc/rpg-engine@0.0.1 typecheck
> tsc -p tsconfig.json --noEmit


==> check:engine-structure
ENGINE-STRUCT-002  packages/rpg-engine/src/host/createScheduleClockApi.ts:18:1  当前=95  允许=60  函数 createScheduleClockApi 有效行数 95 超过告警线 60  考虑拆分以保持可测性
ENGINE-STRUCT-003  packages/rpg-engine/src/host/createScheduleClockApi.ts:18:1  当前=11  允许=10  函数 createScheduleClockApi 圈复杂度 11 超过告警线 10  重构条件分支
ENGINE-STRUCT-003  packages/rpg-engine/src/host/wet.ts:140:1  当前=13  允许=10  函数 validateWetAppend 圈复杂度 13 超过告警线 10  重构条件分支
ENGINE-STRUCT-002  packages/rpg-engine/src/host/wet.ts:196:1  当前=62  允许=60  函数 buildWetReplayView 有效行数 62 超过告警线 60  考虑拆分以保持可测性
ENGINE-STRUCT-003  packages/rpg-engine/src/host/wet.ts:196:1  当前=12  允许=10  函数 buildWetReplayView 圈复杂度 12 超过告警线 10  重构条件分支
ENGINE-STRUCT-003  packages/rpg-engine/src/runtime/activeStoryLock.ts:28:1  当前=12  允许=10  函数 asStorySave 圈复杂度 12 超过告警线 10  重构条件分支
ENGINE-STRUCT-003  packages/rpg-engine/src/runtime/activeStoryLock.ts:62:1  当前=11  允许=10  函数 findActiveStoryLock 圈复杂度 11 超过告警线 10  重构条件分支
ENGINE-STRUCT-003  packages/rpg-engine/src/runtime/activeStoryLock.ts:153:1  当前=14  允许=10  函数 activateStoryOnBegin 圈复杂度 14 超过告警线 10  重构条件分支
ENGINE-STRUCT-003  packages/rpg-engine/src/runtime/classifyCall.ts:28:1  当前=14  允许=10  函数 classifyCall 圈复杂度 14 超过告警线 10  重构条件分支
ENGINE-STRUCT-003  packages/rpg-engine/src/runtime/evaluateCondition.ts:7:1  当前=11  允许=10  函数 evaluateExitCondition 圈复杂度 11 超过告警线 10  重构条件分支
ENGINE-STRUCT-002  packages/rpg-engine/src/runtime/exitSelector.ts:20:1  当前=69  允许=60  函数 selectExit 有效行数 69 超过告警线 60  考虑拆分以保持可测性
ENGINE-STRUCT-003  packages/rpg-engine/src/runtime/exitSelector.ts:20:1  当前=12  允许=10  函数 selectExit 圈复杂度 12 超过告警线 10  重构条件分支
ENGINE-STRUCT-002  packages/rpg-engine/src/runtime/freeCallPostPipeline.ts:37:1  当前=88  允许=60  函数 runFreeCallPostPipeline 有效行数 88 超过告警线 60  考虑拆分以保持可测性
ENGINE-STRUCT-003  packages/rpg-engine/src/runtime/freeCallPostPipeline.ts:37:1  当前=11  允许=10  函数 runFreeCallPostPipeline 圈复杂度 11 超过告警线 10  重构条件分支
ENGINE-STRUCT-003  packages/rpg-engine/src/runtime/pickPendingForUserDial.ts:56:1  当前=14  允许=10  函数 pickPendingForIntent 圈复杂度 14 超过告警线 10  重构条件分支
ENGINE-STRUCT-003  packages/rpg-engine/src/runtime/scheduleCallCardEffect.ts:67:1  当前=13  允许=10  函数 applyScheduleCallCardToBoard 圈复杂度 13 超过告警线 10  重构条件分支
ENGINE-STRUCT-003  packages/rpg-engine/src/runtime/scheduleOnceIntent.ts:34:1  当前=13  允许=10  函数 parseModernOnce 圈复杂度 13 超过告警线 10  重构条件分支
ENGINE-STRUCT-003  packages/rpg-engine/src/runtime/scheduleOnceIntent.ts:71:1  当前=11  允许=10  函数 parseLegacyScheduleCallCard 圈复杂度 11 超过告警线 10  重构条件分支
ENGINE-STRUCT-003  packages/rpg-engine/src/runtime/voicemailDivert.ts:93:1  当前=11  允许=10  函数 tryScheduleVoicemailCallCard 圈复杂度 11 超过告警线 10  重构条件分支
ENGINE-STRUCT-003  packages/rpg-engine/src/schedule/reconcileRecurringIntents.ts:41:1  当前=11  允许=10  函数 reconcileRecurringIntents 圈复杂度 11 超过告警线 10  重构条件分支
ENGINE-STRUCT-003  packages/rpg-engine/src/schedule/writeRecurringIntentFromEffect.ts:47:1  当前=11  允许=10  函数 writeRecurringIntentFromEffect 圈复杂度 11 超过告警线 10  重构条件分支
ENGINE-STRUCT-003  packages/rpg-engine/src/schema/promptScene.ts:63:1  当前=15  允许=10  函数 validatePromptScenePatches 圈复杂度 15 超过告警线 10  重构条件分支
ENGINE-STRUCT-003  packages/rpg-engine/src/tools/resolveToolPolicy.ts:8:1  当前=13  允许=10  函数 resolveToolPolicy 圈复杂度 13 超过告警线 10  重构条件分支
ENGINE-STRUCT-002  packages/rpg-engine/src/validation/package/assets.ts:17:1  当前=62  允许=60  函数 validateAssetRef 有效行数 62 超过告警线 60  考虑拆分以保持可测性
ENGINE-STRUCT-002  packages/rpg-engine/src/validation/package/cards.ts:42:1  当前=73  允许=60  函数 validatePackageCards 有效行数 73 超过告警线 60  考虑拆分以保持可测性
ENGINE-STRUCT-002  packages/rpg-engine/src/validation/package/schedule.ts:39:1  当前=66  允许=60  函数 validateScheduleRecurringEffect 有效行数 66 超过告警线 60  考虑拆分以保持可测性
ENGINE-STRUCT-003  packages/rpg-engine/src/validation/package/schedule.ts:39:1  当前=11  允许=10  函数 validateScheduleRecurringEffect 圈复杂度 11 超过告警线 10  重构条件分支
ENGINE-STRUCT-003  packages/rpg-engine/src/validation/package/voicemail.ts:84:1  当前=14  允许=10  函数 validateDeprecatedCreateVoicemailInRaw 圈复杂度 14 超过告警线 10  重构条件分支
ENGINE-STRUCT-002  packages/rpg-engine/src/validation/validatePackage.ts:46:1  当前=78  允许=60  函数 validatePackage 有效行数 78 超过告警线 60  考虑拆分以保持可测性
ENGINE-STRUCT-002  packages/rpg-engine/tests/host/a-to-b-memory-e2e.test.ts:18:38  当前=80  允许=60  函数 <anonymous> 有效行数 80 超过告警线 60  考虑拆分以保持可测性
ENGINE-STRUCT-002  packages/rpg-engine/tests/host/a-to-b-memory-e2e.test.ts:28:64  当前=71  允许=60  函数 <anonymous> 有效行数 71 超过告警线 60  考虑拆分以保持可测性
ENGINE-STRUCT-002  packages/rpg-engine/tests/host/chat-turns-e2e.test.ts:19:37  当前=91  允许=60  函数 <anonymous> 有效行数 91 超过告警线 60  考虑拆分以保持可测性
ENGINE-STRUCT-003  packages/rpg-engine/tests/host/chat-turns-e2e.test.ts:19:37  当前=13  允许=10  函数 <anonymous> 圈复杂度 13 超过告警线 10  重构条件分支
ENGINE-STRUCT-002  packages/rpg-engine/tests/host/manual-story-loop.test.ts:21:31  当前=86  允许=60  函数 <anonymous> 有效行数 86 超过告警线 60  考虑拆分以保持可测性
ENGINE-STRUCT-002  packages/rpg-engine/tests/host/night-layer-e2e.test.ts:19:40  当前=75  允许=60  函数 <anonymous> 有效行数 75 超过告警线 60  考虑拆分以保持可测性
ENGINE-STRUCT-002  packages/rpg-engine/tests/host/playback-phase.test.ts:20:40  当前=94  允许=60  函数 <anonymous> 有效行数 94 超过告警线 60  考虑拆分以保持可测性
ENGINE-STRUCT-002  packages/rpg-engine/tests/host/playback-phase.test.ts:30:79  当前=85  允许=60  函数 <anonymous> 有效行数 85 超过告警线 60  考虑拆分以保持可测性
ENGINE-STRUCT-002  packages/rpg-engine/tests/host/voicemail-mailbox-listen.test.ts:50:48  当前=95  允许=60  函数 <anonymous> 有效行数 95 超过告警线 60  考虑拆分以保持可测性
ENGINE-STRUCT-002  packages/rpg-engine/tests/runtime/composer.localHourRange.test.ts:145:56  当前=80  允许=60  函数 <anonymous> 有效行数 80 超过告警线 60  考虑拆分以保持可测性
ENGINE-STRUCT-002  packages/rpg-engine/tests/runtime/pick-pending-entry-mode.test.ts:38:41  当前=86  允许=60  函数 <anonymous> 有效行数 86 超过告警线 60  考虑拆分以保持可测性
ENGINE-STRUCT-002  packages/rpg-engine/tests/runtime/voicemail-attach-divert.test.ts:84:57  当前=82  允许=60  函数 <anonymous> 有效行数 82 超过告警线 60  考虑拆分以保持可测性
ENGINE-STRUCT-002  packages/rpg-engine/tests/runtime/voicemail-materialize.test.ts:21:54  当前=96  允许=60  函数 <anonymous> 有效行数 96 超过告警线 60  考虑拆分以保持可测性
ENGINE-STRUCT-002  packages/rpg-engine/tests/runtime/voicemail-schedule-divert.test.ts:85:59  当前=87  允许=60  函数 <anonymous> 有效行数 87 超过告警线 60  考虑拆分以保持可测性
ENGINE-STRUCT-002  packages/rpg-engine/tests/schedule/card-reference-and-classify.test.ts:28:43  当前=81  允许=60  函数 <anonymous> 有效行数 81 超过告警线 60  考虑拆分以保持可测性
ENGINE-STRUCT-003  packages/rpg-engine/tests/schedule/card-reference-and-classify.test.ts:28:43  当前=14  允许=10  函数 <anonymous> 圈复杂度 14 超过告警线 10  重构条件分支
ENGINE-STRUCT-002  packages/rpg-engine/tests/schema/voicemail-schema.test.ts:16:40  当前=91  允许=60  函数 <anonymous> 有效行数 91 超过告警线 60  考虑拆分以保持可测性
ENGINE-STRUCT-002  packages/rpg-engine/tests/validation/collectReferencedAgentIds.test.ts:37:54  当前=83  允许=60  函数 <anonymous> 有效行数 83 超过告警线 60  考虑拆分以保持可测性
ENGINE-STRUCT-002  packages/rpg-engine/tests/validation/voicemail-validate.modes.test.ts:13:55  当前=78  允许=60  函数 <anonymous> 有效行数 78 超过告警线 60  考虑拆分以保持可测性
ENGINE-STRUCT-009  packages/rpg-engine/src/host:1:1  当前=11  允许=clustered-dirs  目录含 11 个源文件且职责组≥2（card,contentviaport,host,schedule,enginelogviaport,errors,materializevoicemailsafterplan,persist,types,wet），应分子目录  按职责拆分子目录，禁止长前缀代目录；新增文件勿继续恶化平铺
ENGINE-STRUCT-009  packages/rpg-engine/src/ports:1:1  当前=4  允许=clustered-dirs  目录含 4 个源文件且职责组≥2（contentport,host,enginelogport,persist），应分子目录  按职责拆分子目录，禁止长前缀代目录；新增文件勿继续恶化平铺
ENGINE-STRUCT-009  packages/rpg-engine/src/runtime:1:1  当前=27  允许=clustered-dirs  目录含 27 个源文件且职责组≥2（activestorylock,effect,card,composescene,composer,evaluatecondition,exitselector,markvoicemaillistened,outboundwindow,personalityprompt,pickpendingforuserdial,resolvemailboxopen,schedule,voicemaildivert,voicemailgenstack,voicemailmaterialize,voicemailports），应分子目录  按职责拆分子目录，禁止长前缀代目录；新增文件勿继续恶化平铺
ENGINE-STRUCT-009  packages/rpg-engine/src/schema:1:1  当前=10  允许=clustered-dirs  目录含 10 个源文件且职责组≥2（asset,card,character,host,outcome,persist,promptscene,schedule,worldfact,worldlore），应分子目录  按职责拆分子目录，禁止长前缀代目录；新增文件勿继续恶化平铺
ENGINE-STRUCT-009  packages/rpg-engine/src/tools:1:1  当前=5  允许=clustered-dirs  目录含 5 个源文件且职责组≥2（builtinregistry,effect,host,resolvetoolpolicy,types），应分子目录  按职责拆分子目录，禁止长前缀代目录；新增文件勿继续恶化平铺
ENGINE-STRUCT-009  packages/rpg-engine/src/validation/package:1:1  当前=5  允许=clustered-dirs  目录含 5 个源文件且职责组≥2（assets,card,schedule,toolpolicy,voicemail），应分子目录  按职责拆分子目录，禁止长前缀代目录；新增文件勿继续恶化平铺
check:engine-structure checked=140 errors=0 warnings=54

==> vitest (@airpc/rpg-engine)

> @airpc/rpg-engine@0.0.1 test
> vitest run


 RUN  v3.2.7 /Users/bolbiao/workspace/airpc-engine/packages/rpg-engine

 ✓ tests/host/isolation-recurring-e2e.test.ts (3 tests) 272ms
 ✓ tests/host/active-story-lock.test.ts (3 tests) 306ms
 ✓ tests/host/free-call-pipeline.test.ts (4 tests) 365ms
 ✓ tests/host/schedule-once-early-dial.test.ts (3 tests) 376ms
 ✓ tests/host/clock-tick-e2e.test.ts (4 tests) 451ms
 ✓ tests/host/engine-plan-7.1-7.3.test.ts (6 tests) 560ms
 ✓ tests/host/end-story-next-e2e.test.ts (1 test) 182ms
 ✓ tests/validation/golden-handoff.validate.test.ts (10 tests) 894ms
 ✓ tests/host/voicemail-mailbox-listen.test.ts (2 tests) 243ms
 ✓ tests/host/chat-turns-e2e.test.ts (2 tests) 455ms
 ✓ tests/validation/validatePackage.referencedAgents.test.ts (5 tests) 563ms
 ✓ tests/host/engine-plan-7.4-7.5.test.ts (8 tests) 734ms
 ✓ tests/host/golden-handoff.test.ts (2 tests) 646ms
   ✓ golden_handoff > layout sidecar exists on disk but is never required by engine  408ms
 ✓ tests/host/a-to-b-memory-e2e.test.ts (1 test) 260ms
 ✓ tests/host/schedule-card-recurring.test.ts (4 tests) 640ms
 ✓ tests/validation/voicemail-validate.modes.test.ts (4 tests) 532ms
 ✓ tests/validation/voicemail-validate.effects.test.ts (2 tests) 482ms
   ✓ validatePackage voicemail effects (V2-VM-3) > VOICEMAIL_ENTRY_KIND：非 voicemail 使用 mailbox_open  370ms
 ✓ tests/host/refer-to-expert-e2e.test.ts (1 test) 240ms
 ✓ tests/host/night-layer-e2e.test.ts (2 tests) 490ms
   ✓ E4d night／late_night layer > night localNowIso hits outbound_night + local time hard block  321ms
 ✓ tests/host/content-reload-preserves-session.test.ts (2 tests) 471ms
   ✓ content reload preserves runtime > loadWorkspace 默认不清 sessions / profiles；resetRuntime 才踢  358ms
 ✓ tests/host/manual-story-loop.test.ts (2 tests) 293ms
 ✓ tests/host/schedule-no-story-save.test.ts (1 test) 117ms
 ✓ tests/host/end-story-free-e2e.test.ts (1 test) 141ms
 ✓ tests/host/playback-phase.test.ts (1 test) 102ms
 ✓ tests/host/schedule-outbound.test.ts (2 tests) 127ms
 ✓ tests/validation/schedule-package-division.test.ts (1 test) 125ms
 ✓ tests/validation/validatePackage.timeBuckets.test.ts (1 test) 178ms
 ✓ tests/validation/collectReferencedAgentIds.test.ts (5 tests) 20ms
 ✓ tests/host/wet.test.ts (8 tests) 13ms
 ✓ tests/validation/wrong-number-act1.validate.test.ts (1 test) 86ms
 ✓ tests/runtime/voicemail-create-effect-reject.test.ts (1 test) 3ms
 ✓ tests/runtime/effect-sink-plan-status.test.ts (7 tests) 53ms
 ✓ tests/runtime/voicemail-schedule-divert.test.ts (2 tests) 7ms
 ✓ tests/lore/bootstrap-fallback.test.ts (6 tests) 143ms
 ✓ tests/host/ports-injection.test.ts (9 tests) 5ms
 ✓ tests/runtime/end-story-cleanup.test.ts (5 tests) 9ms
 ✓ tests/schedule/card-reference-and-classify.test.ts (9 tests) 5ms
 ✓ tests/runtime/composer.test.ts (6 tests) 6ms
 ✓ tests/runtime/voicemail-ports.test.ts (2 tests) 4ms
 ✓ tests/runtime/voicemail-materialize.test.ts (3 tests) 6ms
 ✓ tests/schema/voicemail-schema.test.ts (6 tests) 13ms
 ✓ tests/runtime/composer.localHourRange.test.ts (7 tests) 5ms
 ✓ tests/runtime/outbound-window.test.ts (7 tests) 4ms
 ✓ tests/runtime/effect-s11.test.ts (5 tests) 4ms
 ✓ tests/schema/callcard-schema-tighten.test.ts (5 tests) 3ms
 ✓ tests/runtime/voicemail-attach-divert.test.ts (3 tests) 8ms
 ✓ tests/schema/user-schema.test.ts (4 tests) 8ms
 ✓ tests/runtime/pick-pending-entry-mode.test.ts (4 tests) 2ms
 ✓ tests/runtime/select-call-flow-prompt.test.ts (2 tests) 2ms
 ✓ tests/host/log-redact.test.ts (1 test) 1ms
 ✓ tests/runtime/composer.personality.test.ts (4 tests) 2ms
 ✓ tests/index.smoke.test.ts (1 test) 1ms
 ✓ tests/runtime/exit-selector.test.ts (3 tests) 2ms

 Test Files  53 passed (53)
      Tests  194 passed (194)
   Start at  15:51:47
   Duration  4.94s (transform 810ms, setup 0ms, collect 11.83s, tests 10.66s, environment 10ms, prepare 3.42s)


==> gate self-tests (engine-structure)
▶ check:engine-structure
  ✔ 有效行数忽略空行 (0.469208ms)
  ✔ host 文件分类 (0.12225ms)
  ✔ 圈复杂度统计分支 (3.323916ms)
  ✔ 新文件超过文件硬上限失败 (13.428458ms)
  ✔ 新函数超过函数硬上限失败 (2.758ms)
  ✔ 圈复杂度超过硬上限失败 (1.422083ms)
  ✔ 历史超限文件保持基线通过 (4.624542ms)
  ✔ 历史文件增加一行失败 (3.375625ms)
  ✔ 大目录基线通配被拒绝 (1.108291ms)
  ✔ src 平放测试失败 (1.2925ms)
  ✔ 无理由 suppress 失败 (1.059417ms)
  ✔ 合格小文件通过 (0.6495ms)
  ✔ validateBaselineDoc 拒绝通配 (0.102459ms)
  ✔ 输出格式可被 path:line:col 解析 (3.328083ms)
  ✔ 真实引擎包在基线下可过结构门禁 (138.994333ms)
✔ check:engine-structure (177.021958ms)
ℹ tests 15
ℹ suites 1
ℹ pass 15
ℹ fail 0
ℹ cancelled 0
ℹ skipped 0
ℹ todo 0
ℹ duration_ms 314.397833

quality:engine ok
[gbx] ■ verify:npm run quality:engine · npm run quality:studio done exit=0 elapsed=7s
