[2026-07-21T09:34:27.225Z] checkpoint preflight skipped=true working tree is dirty before execution; commit/stash first, use a clean worktree, or omit --checkpoint.
[2026-07-21T09:34:27.225Z] start status=BLOCKED mock=false
[2026-07-21T09:34:27.230Z] iter=1 status=BLOCKED
[2026-07-21T09:35:21.601Z] checkpoint preflight skipped=false 
[2026-07-21T09:35:21.608Z] start status=BLOCKED mock=false
[2026-07-21T09:35:21.613Z] iter=1 status=BLOCKED
[2026-07-21T09:35:24.464Z] checkpoint preflight skipped=false 
[2026-07-21T09:35:24.465Z] start status=BLOCKED mock=false
[2026-07-21T09:35:24.468Z] iter=1 status=BLOCKED
[2026-07-21T09:35:27.949Z] checkpoint preflight skipped=true checkpoints disabled (default; pass --checkpoint to enable)
[2026-07-21T09:35:27.950Z] start status=BLOCKED mock=false
[2026-07-21T09:35:27.953Z] iter=1 status=BLOCKED
[2026-07-21T09:35:31.641Z] checkpoint preflight skipped=true checkpoints disabled (default; pass --checkpoint to enable)
[2026-07-21T09:35:31.641Z] start status=BLOCKED mock=false
[2026-07-21T09:35:31.644Z] iter=1 status=BLOCKED
[2026-07-21T09:35:39.970Z] checkpoint preflight skipped=true checkpoints disabled (default; pass --checkpoint to enable)
[2026-07-21T09:35:39.970Z] start status=BLOCKED mock=false
[2026-07-21T09:35:39.973Z] iter=1 status=BLOCKED
[2026-07-21T09:37:05.431Z] clear-blocked afterManual=false → EXECUTE_BATCH (remaining todos=6 → EXECUTE_BATCH)
[2026-07-21T09:37:05.433Z] checkpoint preflight skipped=true checkpoints disabled (default; pass --checkpoint to enable)
[2026-07-21T09:37:05.434Z] start status=EXECUTE_BATCH mock=false
[2026-07-21T09:37:05.434Z] iter=1 status=EXECUTE_BATCH
[2026-07-21T10:03:06.164Z] iter=2 status=BATCH_REVIEW
[2026-07-21T10:05:38.712Z] batch review → FIX_BATCH (review fail blocker=0 critical=0)
[2026-07-21T10:05:38.714Z] iter=3 status=FIX_BATCH
[2026-07-21T10:06:54.518Z] iter=4 status=VERIFY_BATCH
[2026-07-21T10:07:01.925Z] checkbox missing: V2-S7-1,V2-S7-2
[2026-07-21T10:07:01.925Z] verify ok=true checks=false → FIX_BATCH (checkbox_missing; tasks not checked: V2-S7-1,V2-S7-2) fingerprint=-
[2026-07-21T10:07:01.926Z] iter=5 status=FIX_BATCH
[2026-07-21T10:08:18.027Z] iter=6 status=VERIFY_BATCH
[2026-07-21T10:08:25.273Z] checkpoint skipped=true sha=null checkpoints disabled
[2026-07-21T10:08:25.273Z] verify ok=true checks=true → EXECUTE_BATCH (batch verify pass; more todos) fingerprint=-
[2026-07-21T10:08:25.274Z] iter=7 status=EXECUTE_BATCH
[2026-07-21T10:23:04.806Z] iter=8 status=BATCH_REVIEW
[2026-07-21T10:28:07.863Z] batch review → FIX_BATCH (review fail blocker=0 critical=0)
[2026-07-21T10:28:07.864Z] iter=9 status=FIX_BATCH
[2026-07-21T10:36:43.140Z] iter=10 status=VERIFY_BATCH
[2026-07-21T10:36:51.832Z] checkpoint skipped=true sha=null checkpoints disabled
[2026-07-21T10:36:51.832Z] verify ok=true checks=true → EXECUTE_BATCH (batch verify pass; more todos) fingerprint=-
[2026-07-21T10:36:51.835Z] iter=11 status=EXECUTE_BATCH
[2026-07-21T11:03:04.947Z] iter=12 status=BATCH_REVIEW
[2026-07-21T11:16:22.727Z] batch review → FIX_BATCH (review fail blocker=0 critical=0)
[2026-07-21T11:16:22.729Z] iter=13 status=FIX_BATCH
[2026-07-21T11:18:04.782Z] iter=14 status=VERIFY_BATCH
[2026-07-21T11:18:10.124Z] verify ok=false checks=true → FIX_BATCH (batch verify failed) fingerprint=06c3de99b2e2a806535642bccc64552fc628e00d
[2026-07-21T11:18:10.124Z] iter=15 status=FIX_BATCH
[2026-07-21T11:25:05.912Z] iter=16 status=VERIFY_BATCH
[2026-07-21T11:25:14.060Z] checkpoint skipped=true sha=null checkpoints disabled
[2026-07-21T11:25:14.060Z] verify ok=true checks=true → FULL_REVIEW (batch verify pass; no todos left) fingerprint=-
[2026-07-21T11:25:14.061Z] iter=17 status=FULL_REVIEW
[2026-07-21T11:28:05.913Z] full review → READY_FOR_MANUAL_QA (full review pass)
[2026-07-21T11:28:05.915Z] iter=18 status=READY_FOR_MANUAL_QA
