[gbx] ▶ verify:npm run quality:studio start cmd=/bin/sh cwd=/Users/bolbiao/workspace/airpc-engine

> quality:studio
> node scripts/studio-quality/quality-studio.mjs


==> ensure-modal-layout (pre-typecheck)
ensure-modal-layout: nothing to remove

==> ensure-migrated-layout (pre-typecheck)
ensure-migrated-layout: nothing to remove

==> lint (@airpc/studio-v2)

> @airpc/studio-v2@0.0.1 lint
> node ./scripts/run-eslint.mjs . --max-warnings 0


==> typecheck (@airpc/studio-v2)

> @airpc/studio-v2@0.0.1 typecheck
> tsc -p tsconfig.json --noEmit


==> check:comments
check:comments ok (271 files)

==> check:studio-structure
WARN STUDIO-STRUCT-003  apps/studioV2/app/api/characters/route.ts:54:1  函数 POST 圈复杂度 12 超过告警线 10  重构条件分支，避免继续堆叠
WARN STUDIO-STRUCT-003  apps/studioV2/app/api/memory/route.ts:10:1  函数 GET 圈复杂度 11 超过告警线 10  重构条件分支，避免继续堆叠
WARN STUDIO-STRUCT-003  apps/studioV2/app/api/users/[userId]/route.ts:41:1  函数 PUT 圈复杂度 12 超过告警线 10  重构条件分支，避免继续堆叠
WARN STUDIO-STRUCT-003  apps/studioV2/app/api/users/route.ts:33:1  函数 POST 圈复杂度 13 超过告警线 10  重构条件分支，避免继续堆叠
WARN STUDIO-STRUCT-001  apps/studioV2/src/bis/pageBis/characters/detail/form/characterDefMapper.ts:1:1  other 有效行数 377 超过告警线 350  尽快拆分，避免逼近硬上限
WARN STUDIO-STRUCT-002  apps/studioV2/src/bis/pageBis/characters/detail/form/characterDefMapper.ts:150:1  函数 characterDefToSummary 有效行数 61 超过告警线 60  考虑拆分以保持可测性
WARN STUDIO-STRUCT-002  apps/studioV2/src/bis/pageBis/characters/detail/form/characterDefMapper.ts:217:1  函数 mergeDetailFormIntoCharacterDef 有效行数 94 超过告警线 60  考虑拆分以保持可测性
WARN STUDIO-STRUCT-002  apps/studioV2/src/bis/pageBis/characters/detail/form/characterDetailForm.ts:93:1  函数 applyCharacterDetailForm 有效行数 67 超过告警线 60  考虑拆分以保持可测性
WARN STUDIO-STRUCT-003  apps/studioV2/src/bis/pageBis/characters/detail/form/characterDetailFormValidate.ts:125:1  函数 validateScenes 圈复杂度 13 超过告警线 10  重构条件分支，避免继续堆叠
WARN STUDIO-STRUCT-003  apps/studioV2/src/bis/pageBis/users/form/mapper/mapUserProfile.ts:14:1  函数 userToSummary 圈复杂度 12 超过告警线 10  重构条件分支，避免继续堆叠
WARN STUDIO-STRUCT-002  apps/studioV2/src/commonUiComponents/form/blocks/AvatarUpload/index.tsx:19:5  函数 FormAvatarUpload 有效行数 72 超过告警线 60  考虑拆分以保持可测性
WARN STUDIO-STRUCT-002  apps/studioV2/src/commonUiComponents/form/blocks/LocalHourRangeField/index.tsx:38:5  函数 FormLocalHourRangeField 有效行数 72 超过告警线 60  考虑拆分以保持可测性
WARN STUDIO-STRUCT-002  apps/studioV2/src/commonUiComponents/form/blocks/OptionMultiSelect/index.tsx:28:49  函数 FormOptionMultiSelect 有效行数 70 超过告警线 60  考虑拆分以保持可测性
WARN STUDIO-STRUCT-002  apps/studioV2/src/commonUiComponents/form/blocks/PromptSceneListEditor/com/PromptSceneCardBody/index.tsx:34:2  函数 PromptSceneCardBody 有效行数 72 超过告警线 60  考虑拆分以保持可测性
WARN STUDIO-STRUCT-002  apps/studioV2/src/commonUiComponents/form/blocks/PromptSceneListEditor/index.tsx:26:5  函数 FormPromptSceneListEditor 有效行数 65 超过告警线 60  考虑拆分以保持可测性
WARN STUDIO-STRUCT-003  apps/studioV2/src/commonUiComponents/form/blocks/PromptSceneListEditor/promptSceneListHelpers.ts:26:1  函数 asPromptSceneList 圈复杂度 11 超过告警线 10  重构条件分支，避免继续堆叠
WARN STUDIO-STRUCT-002  apps/studioV2/src/commonUiComponents/form/blocks/PromptVariantListEditor/index.tsx:36:5  函数 FormPromptVariantListEditor 有效行数 96 超过告警线 60  考虑拆分以保持可测性
WARN STUDIO-STRUCT-002  apps/studioV2/src/commonUiComponents/form/blocks/StringListEditor/index.tsx:24:5  函数 FormStringListEditor 有效行数 72 超过告警线 60  考虑拆分以保持可测性
WARN STUDIO-STRUCT-002  apps/studioV2/src/pageComponents/assets/com/AssetDetailEditForm.tsx:40:2  函数 AssetDetailEditForm 有效行数 68 超过告警线 60  考虑拆分以保持可测性
WARN STUDIO-STRUCT-002  apps/studioV2/src/pageComponents/assets/hooks/useAssetLibraryPage.ts:19:1  函数 useAssetLibraryPage 有效行数 78 超过告警线 60  考虑拆分以保持可测性
WARN STUDIO-STRUCT-003  apps/studioV2/src/pageComponents/assets/hooks/useAssetLibraryPage.ts:19:1  函数 useAssetLibraryPage 圈复杂度 11 超过告警线 10  重构条件分支，避免继续堆叠
WARN STUDIO-STRUCT-002  apps/studioV2/src/pageComponents/characters/CharacterLibraryView.tsx:22:41  函数 CharacterLibraryView 有效行数 82 超过告警线 60  考虑拆分以保持可测性
WARN STUDIO-STRUCT-002  apps/studioV2/src/pageComponents/characters/com/CharacterDetailEditForm.tsx:41:2  函数 CharacterDetailEditForm 有效行数 69 超过告警线 60  考虑拆分以保持可测性
WARN STUDIO-STRUCT-002  apps/studioV2/src/pageComponents/characters/com/memory/CharacterMemoryMainBody.tsx:48:5  函数 CharacterMemoryMainBody 有效行数 62 超过告警线 60  考虑拆分以保持可测性
WARN STUDIO-STRUCT-002  apps/studioV2/src/pageComponents/characters/com/schedule/CharacterSchedulePanel.tsx:25:2  函数 CharacterSchedulePanel 有效行数 82 超过告警线 60  考虑拆分以保持可测性
WARN STUDIO-STRUCT-002  apps/studioV2/src/pageComponents/characters/com/schedule/hooks/useCharacterSchedulePanel.ts:43:1  函数 useCharacterSchedulePanel 有效行数 82 超过告警线 60  考虑拆分以保持可测性
WARN STUDIO-STRUCT-002  apps/studioV2/src/pageComponents/characters/hooks/useCharacterLibraryPage.ts:18:1  函数 useCharacterLibraryPage 有效行数 98 超过告警线 60  考虑拆分以保持可测性
WARN STUDIO-STRUCT-003  apps/studioV2/src/pageComponents/characters/hooks/useCharacterLibraryPage.ts:18:1  函数 useCharacterLibraryPage 圈复杂度 15 超过告警线 10  重构条件分支，避免继续堆叠
WARN STUDIO-STRUCT-002  apps/studioV2/src/pageComponents/debugger/com/CallRunPanel.tsx:43:52  函数 CallRunPanel 有效行数 72 超过告警线 60  考虑拆分以保持可测性
WARN STUDIO-STRUCT-002  apps/studioV2/src/pageComponents/home/WorkbenchSideCol.tsx:21:37  函数 WorkbenchSideCol 有效行数 78 超过告警线 60  考虑拆分以保持可测性
WARN STUDIO-STRUCT-002  apps/studioV2/src/pageComponents/packages/create/CreatePackageView.tsx:23:38  函数 CreatePackageView 有效行数 71 超过告警线 60  考虑拆分以保持可测性
WARN STUDIO-STRUCT-002  apps/studioV2/src/pageComponents/packages/export/ExportPackageForm.tsx:33:45  函数 ExportPackageForm 有效行数 65 超过告警线 60  考虑拆分以保持可测性
WARN STUDIO-STRUCT-002  apps/studioV2/src/pageComponents/packages/list/PackageListView.tsx:34:36  函数 PackageListView 有效行数 93 超过告警线 60  考虑拆分以保持可测性
WARN STUDIO-STRUCT-002  apps/studioV2/src/pageComponents/settings/com/SettingsEnginePanels.tsx:92:62  函数 SchemaEnginePanel 有效行数 65 超过告警线 60  考虑拆分以保持可测性
WARN STUDIO-STRUCT-002  apps/studioV2/src/pageComponents/storyEditor/BottomToolBar.tsx:34:54  函数 BottomToolBar 有效行数 70 超过告警线 60  考虑拆分以保持可测性
WARN STUDIO-STRUCT-002  apps/studioV2/src/pageComponents/storyEditor/FloatingPanelShell.tsx:61:64  函数 FloatingPanelShell 有效行数 80 超过告警线 60  考虑拆分以保持可测性
WARN STUDIO-STRUCT-002  apps/studioV2/src/pageComponents/storyEditor/canvas/StoryCanvasStage.tsx:69:53  函数 StoryCanvasInner 有效行数 84 超过告警线 60  考虑拆分以保持可测性
WARN STUDIO-STRUCT-002  apps/studioV2/src/pageComponents/storyEditor/canvas/createStoryCanvasNodeCommands.ts:42:1  函数 createStoryCanvasNodeCommands 有效行数 89 超过告警线 60  考虑拆分以保持可测性
WARN STUDIO-STRUCT-002  apps/studioV2/src/pageComponents/storyEditor/canvas/nodes/CallCardFlowNode.tsx:27:48  函数 CallCardFlowNode 有效行数 77 超过告警线 60  考虑拆分以保持可测性
WARN STUDIO-STRUCT-002  apps/studioV2/src/pageComponents/storyEditor/canvas/useStoryCanvasGraph.ts:79:1  函数 useStoryCanvasGraph 有效行数 68 超过告警线 60  考虑拆分以保持可测性
WARN STUDIO-STRUCT-002  apps/studioV2/src/pageComponents/storyEditor/com/panel/ChapterEndNextFields.tsx:25:2  函数 ChapterEndNextFields 有效行数 63 超过告警线 60  考虑拆分以保持可测性
WARN STUDIO-STRUCT-002  apps/studioV2/src/pageComponents/storyEditor/com/panel/ChapterPropertyForm.tsx:38:2  函数 ChapterPropertyForm 有效行数 63 超过告警线 60  考虑拆分以保持可测性
WARN STUDIO-STRUCT-002  apps/studioV2/src/pageComponents/storyEditor/com/panel/ExitListEditor/com/ExitListRow.tsx:22:50  函数 ExitListRow 有效行数 94 超过告警线 60  考虑拆分以保持可测性
WARN STUDIO-STRUCT-002  apps/studioV2/src/pageComponents/storyEditor/com/panel/ExitListEditor/com/effects/ScheduleCallCardEffectPanel.tsx:20:2  函数 ScheduleCallCardEffectPanel 有效行数 73 超过告警线 60  考虑拆分以保持可测性
WARN STUDIO-STRUCT-003  apps/studioV2/src/pageComponents/storyEditor/com/panel/ExitListEditor/com/effects/ScheduleCallCardEffectPanel.tsx:20:2  函数 ScheduleCallCardEffectPanel 圈复杂度 12 超过告警线 10  重构条件分支，避免继续堆叠
WARN STUDIO-STRUCT-002  apps/studioV2/src/pageComponents/storyEditor/com/panel/NodePropertyForm.tsx:54:2  函数 NodePropertyForm 有效行数 80 超过告警线 60  考虑拆分以保持可测性
WARN STUDIO-STRUCT-002  apps/studioV2/src/pageComponents/storyEditor/hooks/forms/useStoryEditorAssetForms.ts:23:1  函数 useStoryEditorAssetForms 有效行数 88 超过告警线 60  考虑拆分以保持可测性
WARN STUDIO-STRUCT-002  apps/studioV2/src/pageComponents/storyEditor/hooks/forms/useStoryEditorCharacterForms.ts:33:1  函数 useStoryEditorCharacterForms 有效行数 84 超过告警线 60  考虑拆分以保持可测性
WARN STUDIO-STRUCT-002  apps/studioV2/src/pageComponents/storyEditor/hooks/shell/useStoryEditorShellController.ts:25:1  函数 useStoryEditorShellController 有效行数 72 超过告警线 60  考虑拆分以保持可测性
WARN STUDIO-STRUCT-002  apps/studioV2/src/pageComponents/storyEditor/library/AssetPickerFloat.tsx:30:2  函数 AssetPickerFloat 有效行数 74 超过告警线 60  考虑拆分以保持可测性
WARN STUDIO-STRUCT-002  apps/studioV2/src/pageComponents/storyEditor/library/PackageConfigFloat.tsx:24:2  函数 PackageConfigFloat 有效行数 64 超过告警线 60  考虑拆分以保持可测性
WARN STUDIO-STRUCT-002  apps/studioV2/src/pageComponents/users/UserLibraryList.tsx:32:58  函数 UserLibraryList 有效行数 61 超过告警线 60  考虑拆分以保持可测性
WARN STUDIO-STRUCT-002  apps/studioV2/src/pageComponents/users/UserLibraryView.tsx:59:36  函数 UserLibraryView 有效行数 80 超过告警线 60  考虑拆分以保持可测性
WARN STUDIO-STRUCT-002  apps/studioV2/src/pageComponents/users/com/UserDetailEditForm.tsx:41:2  函数 UserDetailEditForm 有效行数 68 超过告警线 60  考虑拆分以保持可测性
WARN STUDIO-STRUCT-002  apps/studioV2/src/pageComponents/users/hooks/useUserLibraryPage.ts:18:1  函数 useUserLibraryPage 有效行数 96 超过告警线 60  考虑拆分以保持可测性
WARN STUDIO-STRUCT-003  apps/studioV2/src/pageComponents/users/hooks/useUserLibraryPage.ts:18:1  函数 useUserLibraryPage 圈复杂度 15 超过告警线 10  重构条件分支，避免继续堆叠
WARN STUDIO-STRUCT-003  apps/studioV2/src/utils/server/http/apiResponse.server.ts:23:1  函数 httpStatusForCode 圈复杂度 12 超过告警线 10  重构条件分支，避免继续堆叠
check:studio-structure ok (271 files, 57 warnings)

==> test:studio

> test:studio
> npm run test -w @airpc/studio-v2


> @airpc/studio-v2@0.0.1 test
> vitest run


 RUN  v3.2.7 /Users/bolbiao/workspace/airpc-engine/apps/studioV2

 ✓ tests/storyEditor/dockToolMode.test.ts (7 tests) 4ms
 ✓ tests/storyEditor/dockNodeFactory.test.ts (7 tests) 4ms
 ✓ tests/commonUi/formFieldConfig.test.ts (5 tests) 3ms
 ✓ tests/storyEditor/packageAndAssetFloat.test.ts (5 tests) 5ms
 ✓ tests/users/userForm.test.ts (7 tests) 3ms
 ✓ tests/characters/characterForm.test.ts (5 tests) 4ms
 ✓ tests/storyEditor/nodePropertyAndRole.test.ts (17 tests) 5ms
 ✓ tests/commonUi/modalContract.test.ts (3 tests) 2ms
 ✓ tests/characters/createFormItems.test.ts (3 tests) 4ms
 ✓ tests/domain/createStudioId.test.ts (2 tests) 24ms
 ✓ tests/storyEditor/mockEditorCharacters.test.ts (4 tests) 7ms
 ✓ tests/assets/assetForm.test.ts (8 tests) 18ms
 ✓ tests/characters/characterDefMapper.test.ts (3 tests) 4ms
 ✓ tests/packages/createPackageForm.test.ts (2 tests) 4ms
 ✓ tests/commonUi/paginationSlice.test.ts (5 tests) 4ms
 ↓ tests/tmp-remove-flat-prompt-scene.test.ts (1 test | 1 skipped)
 ✓ tests/commonUi/autoFormContract.test.ts (8 tests) 4ms

 Test Files  16 passed | 1 skipped (17)
      Tests  91 passed | 1 skipped (92)
   Start at  18:08:23
   Duration  1.22s (transform 842ms, setup 0ms, collect 1.88s, tests 98ms, environment 2ms, prepare 1.18s)


==> gate self-tests (comments + structure)
▶ check:comments
  ✔ 合格契约通过 (9.930834ms)
  ✔ 缺失导出意图注释失败 (1.969583ms)
  ✔ 缺失字段说明失败 (1.109542ms)
  ✔ 复述占位注释失败 (1.129292ms)
  ✔ 无原因抑制失败（含裸 eslint-disable） (2.761166ms)
  ✔ 带原因抑制通过 (1.5805ms)
  ✔ 输出格式含规则编号与位置 (0.963458ms)
✔ check:comments (20.173375ms)
▶ check:studio-structure
  ✔ 有效行数忽略空行但不忽略注释 (0.520916ms)
  ✔ page.tsx 分类正确 (0.151959ms)
  ✔ 圈复杂度统计分支 (3.550208ms)
  ✔ 合格基线通过，且排除 generated (9.190792ms)
  ✔ page 行数硬上限失败 (3.520417ms)
  ✔ 函数复杂度硬上限失败 (3.144334ms)
  ✔ client 引擎写口失败 (2.94275ms)
  ✔ 业务旁平放测试失败 (3.534791ms)
  ✔ 深挖引擎内部路径失败 (1.733291ms)
  ✔ 目录异责平铺失败 (3.036666ms)
  ✔ 业务 barrel index 失败 (1.302458ms)
  ✔ 旧式顶层业务目录失败 (1.646375ms)
  ✔ 兼容转发壳失败 (2.385833ms)
  ✔ 同一语义区重复入口失败 (2.269958ms)
  ✔ commonUiComponents 平铺组件失败 (2.410916ms)
  ✔ 新增或修改代码使用空格缩进失败 (3.118542ms)
  ✔ 自定义组件引用缺少用途注释失败 (2.33225ms)
  ✔ 组件 props 未在入口显式解构失败 (2.470042ms)
  ✔ 入口格式合格通过 (2.332458ms)
  ✔ UI 组件裸 fetch 失败 (1.689ms)
  ✔ 大范围豁免被拒绝 (1.355125ms)
  ✔ 精确豁免生效 (2.293334ms)
  ✔ validateAllowlist 拒绝 apps/** (0.106708ms)
  ✔ 输出格式含规则编号与位置（路径可定位） (1.653125ms)
✔ check:studio-structure (59.890166ms)
ℹ tests 31
ℹ suites 2
ℹ pass 31
ℹ fail 0
ℹ cancelled 0
ℹ skipped 0
ℹ todo 0
ℹ duration_ms 201.136333

quality:studio ok
[gbx] ■ verify:npm run quality:studio done exit=0 elapsed=7s
