[2026-07-20T06:36:58.718Z] checkpoint preflight skipped=true checkpoints disabled (default; pass --checkpoint to enable)
[2026-07-20T06:36:58.719Z] start status=EXECUTE_BATCH mock=false
[2026-07-20T06:36:58.724Z] iter=1 status=EXECUTE_BATCH
[2026-07-20T06:45:31.100Z] iter=2 status=BATCH_REVIEW
[2026-07-20T06:46:50.048Z] batch review → FIX_BATCH (review fail blocker=0 critical=0)
[2026-07-20T06:46:50.049Z] iter=3 status=FIX_BATCH
[2026-07-20T06:46:50.062Z] iter=4 status=BLOCKED
[2026-07-20T06:57:21.467Z] clear-blocked afterManual=true → VERIFY_BATCH (--after-manual: active batch already ✅ → VERIFY_BATCH)
[2026-07-20T06:57:21.467Z] checkpoint preflight skipped=true checkpoints disabled (default; pass --checkpoint to enable)
[2026-07-20T06:57:21.467Z] start status=VERIFY_BATCH mock=false
[2026-07-20T06:57:21.467Z] iter=1 status=VERIFY_BATCH
[2026-07-20T06:57:30.425Z] verify ok=false checks=true → FIX_BATCH (batch verify failed) fingerprint=70219d0e928cc2716b86d19bf8bdf8f5ec128f57
[2026-07-20T06:57:30.426Z] iter=2 status=FIX_BATCH
[2026-07-20T07:04:53.963Z] checkpoint preflight skipped=true checkpoints disabled (default; pass --checkpoint to enable)
[2026-07-20T07:04:53.968Z] start status=FIX_BATCH mock=false
[2026-07-20T07:04:53.971Z] iter=1 status=FIX_BATCH
[2026-07-20T07:05:17.163Z] iter=3 status=VERIFY_BATCH
[2026-07-20T07:05:24.668Z] checkpoint skipped=true sha=null checkpoints disabled
[2026-07-20T07:05:24.669Z] verify ok=true checks=true → EXECUTE_BATCH (batch verify pass; more todos) fingerprint=-
[2026-07-20T07:05:24.670Z] iter=4 status=EXECUTE_BATCH
[2026-07-20T07:09:20.887Z] iter=2 status=VERIFY_BATCH
[2026-07-20T07:09:26.864Z] checkbox missing: V2-S4-3,V2-S4-4
[2026-07-20T07:09:26.865Z] verify ok=false checks=false → FIX_BATCH (batch verify failed) fingerprint=a5fac399cc918b91b444baf2a047d24a61305ef8
[2026-07-20T07:09:26.866Z] iter=3 status=FIX_BATCH
[2026-07-20T07:10:43.030Z] iter=4 status=VERIFY_BATCH
[2026-07-20T07:10:51.216Z] checkbox missing: V2-S4-3,V2-S4-4
[2026-07-20T07:10:51.216Z] verify ok=true checks=false → FIX_BATCH (checkbox_missing; tasks not checked: V2-S4-3,V2-S4-4) fingerprint=-
[2026-07-20T07:10:51.217Z] iter=5 status=FIX_BATCH
[2026-07-20T07:11:29.599Z] iter=6 status=VERIFY_BATCH
[2026-07-20T07:11:37.364Z] checkpoint skipped=true sha=null checkpoints disabled
[2026-07-20T07:11:37.365Z] verify ok=true checks=true → EXECUTE_BATCH (batch verify pass; more todos) fingerprint=-
[2026-07-20T07:11:37.365Z] iter=7 status=EXECUTE_BATCH
[2026-07-20T07:14:42.509Z] iter=5 status=BATCH_REVIEW
[2026-07-20T07:14:42.524Z] iter=6 status=BLOCKED
[2026-07-20T07:18:36.147Z] iter=8 status=BATCH_REVIEW
[2026-07-20T07:20:36.142Z] batch review → FIX_BATCH (review fail blocker=0 critical=0)
[2026-07-20T07:20:36.143Z] iter=9 status=FIX_BATCH
[2026-07-20T07:24:11.000Z] iter=10 status=VERIFY_BATCH
[2026-07-20T07:24:16.145Z] checkbox missing: V2-S4-5,V2-S4-6
[2026-07-20T07:24:16.145Z] verify ok=false checks=false → FIX_BATCH (batch verify failed) fingerprint=fea8f96f3d8aa1682a17af297661d125eef10550
[2026-07-20T07:24:16.145Z] iter=11 status=FIX_BATCH
[2026-07-20T07:31:57.499Z] iter=12 status=VERIFY_BATCH
[2026-07-20T07:32:07.974Z] checkbox missing: V2-S4-5,V2-S4-6
[2026-07-20T07:32:07.974Z] verify ok=true checks=false → FIX_BATCH (checkbox_missing; tasks not checked: V2-S4-5,V2-S4-6) fingerprint=-
[2026-07-20T07:32:07.974Z] iter=13 status=FIX_BATCH
[2026-07-20T07:32:47.923Z] iter=14 status=VERIFY_BATCH
[2026-07-20T07:32:55.731Z] checkpoint skipped=true sha=null checkpoints disabled
[2026-07-20T07:32:55.731Z] verify ok=true checks=true → EXECUTE_BATCH (batch verify pass; more todos) fingerprint=-
[2026-07-20T07:32:55.731Z] iter=15 status=EXECUTE_BATCH
[2026-07-20T07:37:46.039Z] iter=16 status=BATCH_REVIEW
[2026-07-20T07:39:27.082Z] batch review → FIX_BATCH (review fail blocker=0 critical=0)
[2026-07-20T07:39:27.083Z] iter=17 status=FIX_BATCH
[2026-07-20T07:43:45.420Z] iter=18 status=VERIFY_BATCH
[2026-07-20T07:43:52.035Z] verify ok=false checks=true → FIX_BATCH (batch verify failed) fingerprint=7196fa89f86c7087d80df12284dea63e6a35ae42
[2026-07-20T07:43:52.035Z] iter=19 status=FIX_BATCH
[2026-07-20T07:48:57.969Z] iter=20 status=VERIFY_BATCH
[2026-07-20T07:49:09.073Z] checkpoint skipped=true sha=null checkpoints disabled
[2026-07-20T07:49:09.073Z] verify ok=true checks=true → EXECUTE_BATCH (batch verify pass; more todos) fingerprint=-
[2026-07-20T07:49:09.074Z] iter=21 status=EXECUTE_BATCH
[2026-07-20T07:50:52.579Z] iter=22 status=BATCH_REVIEW
[2026-07-20T07:52:15.057Z] batch review → FIX_BATCH (review fail blocker=0 critical=0)
[2026-07-20T07:52:15.058Z] iter=23 status=FIX_BATCH
[2026-07-20T07:53:27.932Z] iter=24 status=VERIFY_BATCH
[2026-07-20T07:53:35.827Z] checkpoint skipped=true sha=null checkpoints disabled
[2026-07-20T07:53:35.827Z] verify ok=true checks=true → FULL_REVIEW (batch verify pass; no todos left) fingerprint=-
[2026-07-20T07:53:35.828Z] iter=25 status=FULL_REVIEW
[2026-07-20T07:54:57.526Z] full review → READY_FOR_MANUAL_QA (full review pass)
[2026-07-20T07:54:57.532Z] iter=26 status=READY_FOR_MANUAL_QA
