[gbx] ▶ verify:npm test start cmd=/bin/sh cwd=/Users/bolbiao/workspace/airpc-engine

> test
> npm run check:engine-imports && npm run test -w @airpc/rpg-engine


> check:engine-imports
> node scripts/check-engine-imports.mjs

check:engine-imports ok (42 files)

> @airpc/rpg-engine@0.0.1 test
> vitest run


 RUN  v3.2.7 /Users/bolbiao/workspace/airpc-engine/packages/rpg-engine

 ✓ tests/memory/sqlite-memory.test.ts (8 tests) 135ms
 ✓ tests/host/manual-story-loop.test.ts (2 tests) 202ms
 ✓ tests/host/content-reload-preserves-session.test.ts (2 tests) 215ms
 ✓ tests/host/active-story-lock.test.ts (3 tests) 258ms
 ✓ tests/host/isolation-recurring-e2e.test.ts (2 tests) 289ms
 ✓ tests/host/free-call-pipeline.test.ts (4 tests) 399ms
 ✓ tests/host/refer-to-expert-e2e.test.ts (1 test) 125ms
 ✓ tests/host/a-to-b-memory-e2e.test.ts (1 test) 125ms
 ✓ tests/host/golden-handoff.test.ts (2 tests) 192ms
 ✓ tests/host/schedule-outbound.test.ts (2 tests) 86ms
 ✓ tests/host/night-layer-e2e.test.ts (2 tests) 245ms
 ✓ tests/host/playback-phase.test.ts (1 test) 182ms
 ✓ tests/lore/bootstrap-fallback.test.ts (3 tests) 46ms
 ✓ tests/validation/golden-handoff.validate.test.ts (10 tests) 982ms
 ✓ tests/runtime/effect-sink-plan-status.test.ts (3 tests) 13ms
 ✓ tests/runtime/composer.test.ts (10 tests) 14ms
 ✓ tests/runtime/pick-pending-entry-mode.test.ts (4 tests) 2ms
 ✓ tests/host/log-redact.test.ts (1 test) 1ms
 ✓ tests/runtime/effect-s11.test.ts (5 tests) 5ms
 ✓ tests/runtime/select-call-flow-prompt.test.ts (2 tests) 4ms
 ✓ tests/schema/callcard-schema-tighten.test.ts (4 tests) 7ms
 ✓ tests/runtime/exit-selector.test.ts (3 tests) 2ms
 ✓ tests/index.smoke.test.ts (1 test) 1ms

 Test Files  23 passed (23)
      Tests  76 passed (76)
   Start at  12:17:42
   Duration  2.10s (transform 663ms, setup 0ms, collect 4.73s, tests 3.53s, environment 2ms, prepare 1.84s)

[gbx] ■ verify:npm test done exit=0 elapsed=3s
