[gbx] ▶ verify:npm test start cmd=/bin/sh cwd=/Users/bolbiao/workspace/airpc-engine

> test
> npm run check:engine-imports && npm run test -w @airpc/rpg-engine


> check:engine-imports
> node scripts/check-engine-imports.mjs

check:engine-imports ok (42 files)

> @airpc/rpg-engine@0.0.1 test
> vitest run


 RUN  v3.2.7 /Users/bolbiao/workspace/airpc-engine/packages/rpg-engine

 ✓ tests/host/schedule-outbound.test.ts (2 tests) 129ms
 ✓ tests/host/refer-to-expert-e2e.test.ts (1 test) 195ms
 ✓ tests/host/manual-story-loop.test.ts (2 tests) 195ms
 ✓ tests/host/active-story-lock.test.ts (3 tests) 230ms
 ✓ tests/host/free-call-pipeline.test.ts (4 tests) 249ms
 ✓ tests/host/golden-handoff.test.ts (2 tests) 250ms
 ✓ tests/runtime/pick-pending-entry-mode.test.ts (4 tests) 31ms
 ✓ tests/lore/bootstrap-fallback.test.ts (3 tests) 101ms
 ✓ tests/schema/callcard-schema-tighten.test.ts (4 tests) 3ms
 ✓ tests/runtime/select-call-flow-prompt.test.ts (2 tests) 2ms
 ✓ tests/host/playback-phase.test.ts (1 test) 92ms
 ✓ tests/runtime/effect-sink-plan-status.test.ts (3 tests) 5ms
 ✓ tests/runtime/effect-s11.test.ts (5 tests) 4ms
 ✓ tests/runtime/composer.test.ts (9 tests) 6ms
 ✓ tests/memory/sqlite-memory.test.ts (5 tests) 33ms
 ✓ tests/validation/golden-handoff.validate.test.ts (10 tests) 966ms
 ✓ tests/index.smoke.test.ts (1 test) 14ms
 ✓ tests/host/a-to-b-memory-e2e.test.ts (1 test) 291ms
 ✓ tests/host/log-redact.test.ts (1 test) 5ms
 ✓ tests/host/content-reload-preserves-session.test.ts (2 tests) 379ms
 ✓ tests/runtime/exit-selector.test.ts (3 tests) 5ms

 Test Files  21 passed (21)
      Tests  68 passed (68)
   Start at  11:58:03
   Duration  1.90s (transform 435ms, setup 0ms, collect 4.14s, tests 3.18s, environment 4ms, prepare 1.49s)

[gbx] ■ verify:npm test done exit=0 elapsed=3s
