[gbx] ▶ verify:npm test start cmd=/bin/sh cwd=/Users/bolbiao/workspace/airpc-engine

> test
> npm run check:engine-imports && npm run test -w @airpc/rpg-engine


> check:engine-imports
> node scripts/check-engine-imports.mjs

check:engine-imports ok (42 files)

> @airpc/rpg-engine@0.0.1 test
> vitest run


 RUN  v3.2.7 /Users/bolbiao/workspace/airpc-engine/packages/rpg-engine

 ✓ tests/host/playback-phase.test.ts (1 test) 91ms
 ✓ tests/host/a-to-b-memory-e2e.test.ts (1 test) 135ms
 ✓ tests/host/manual-story-loop.test.ts (2 tests) 151ms
 ✓ tests/host/active-story-lock.test.ts (3 tests) 167ms
 ✓ tests/host/free-call-pipeline.test.ts (4 tests) 219ms
 ✓ tests/host/clock-tick-e2e.test.ts (4 tests) 311ms
 ✓ tests/runtime/effect-sink-plan-status.test.ts (3 tests) 17ms
 ✓ tests/memory/sqlite-memory.test.ts (8 tests) 104ms
 ✓ tests/runtime/effect-s11.test.ts (5 tests) 6ms
 ✓ tests/host/isolation-recurring-e2e.test.ts (2 tests) 166ms
 ✓ tests/validation/golden-handoff.validate.test.ts (10 tests) 729ms
 ✓ tests/host/night-layer-e2e.test.ts (2 tests) 342ms
 ✓ tests/host/chat-turns-e2e.test.ts (2 tests) 147ms
 ✓ tests/host/schedule-outbound.test.ts (2 tests) 92ms
 ✓ tests/host/golden-handoff.test.ts (2 tests) 206ms
 ✓ tests/lore/bootstrap-fallback.test.ts (6 tests) 24ms
 ✓ tests/host/content-reload-preserves-session.test.ts (2 tests) 201ms
 ✓ tests/runtime/select-call-flow-prompt.test.ts (2 tests) 2ms
 ✓ tests/runtime/pick-pending-entry-mode.test.ts (4 tests) 2ms
 ✓ tests/runtime/composer.test.ts (10 tests) 9ms
 ✓ tests/schema/callcard-schema-tighten.test.ts (4 tests) 4ms
 ✓ tests/host/log-redact.test.ts (1 test) 2ms
 ✓ tests/host/refer-to-expert-e2e.test.ts (1 test) 187ms
 ✓ tests/runtime/exit-selector.test.ts (3 tests) 2ms
 ✓ tests/index.smoke.test.ts (1 test) 4ms

 Test Files  25 passed (25)
      Tests  85 passed (85)
   Start at  12:57:46
   Duration  1.88s (transform 390ms, setup 0ms, collect 4.16s, tests 3.32s, environment 3ms, prepare 1.32s)

[gbx] ■ verify:npm test done exit=0 elapsed=3s
