[gbx] ▶ verify:npm test start cmd=/bin/sh cwd=/Users/bolbiao/workspace/airpc-engine

> test
> npm run check:engine-imports && npm run test -w @airpc/rpg-engine


> check:engine-imports
> node scripts/check-engine-imports.mjs

check:engine-imports ok (42 files)

> @airpc/rpg-engine@0.0.1 test
> vitest run


 RUN  v3.2.7 /Users/bolbiao/workspace/airpc-engine/packages/rpg-engine

 ✓ tests/host/content-reload-preserves-session.test.ts (2 tests) 116ms
 ✓ tests/host/isolation-recurring-e2e.test.ts (2 tests) 148ms
 ✓ tests/host/manual-story-loop.test.ts (2 tests) 158ms
 ✓ tests/host/golden-handoff.test.ts (2 tests) 175ms
 ✓ tests/host/active-story-lock.test.ts (3 tests) 184ms
 ✓ tests/host/free-call-pipeline.test.ts (4 tests) 339ms
 ✓ tests/host/a-to-b-memory-e2e.test.ts (1 test) 83ms
 ✓ tests/host/schedule-outbound.test.ts (2 tests) 120ms
 ✓ tests/validation/golden-handoff.validate.test.ts (10 tests) 536ms
 ✓ tests/host/playback-phase.test.ts (1 test) 103ms
 ✓ tests/host/night-layer-e2e.test.ts (2 tests) 178ms
 ✓ tests/host/refer-to-expert-e2e.test.ts (1 test) 142ms
 ✓ tests/runtime/select-call-flow-prompt.test.ts (2 tests) 1ms
 ✓ tests/lore/bootstrap-fallback.test.ts (6 tests) 32ms
 ✓ tests/memory/sqlite-memory.test.ts (8 tests) 76ms
 ✓ tests/runtime/effect-sink-plan-status.test.ts (3 tests) 4ms
 ✓ tests/runtime/effect-s11.test.ts (5 tests) 6ms
 ✓ tests/runtime/composer.test.ts (10 tests) 7ms
 ✓ tests/schema/callcard-schema-tighten.test.ts (4 tests) 6ms
 ✓ tests/runtime/pick-pending-entry-mode.test.ts (4 tests) 3ms
 ✓ tests/host/log-redact.test.ts (1 test) 4ms
 ✓ tests/runtime/exit-selector.test.ts (3 tests) 2ms
 ✓ tests/index.smoke.test.ts (1 test) 2ms

 Test Files  23 passed (23)
      Tests  79 passed (79)
   Start at  12:31:09
   Duration  1.66s (transform 461ms, setup 0ms, collect 3.67s, tests 2.43s, environment 3ms, prepare 1.34s)

[gbx] ■ verify:npm test done exit=0 elapsed=2s
