[gbx] ▶ verify:npm test start cmd=/bin/sh cwd=/Users/bolbiao/workspace/airpc-engine

> test
> npm run check:engine-imports && npm run test -w @airpc/rpg-engine


> check:engine-imports
> node scripts/check-engine-imports.mjs

check:engine-imports ok (42 files)

> @airpc/rpg-engine@0.0.1 test
> vitest run


 RUN  v3.2.7 /Users/bolbiao/workspace/airpc-engine/packages/rpg-engine

 ✓ tests/host/a-to-b-memory-e2e.test.ts (1 test) 145ms
 ✓ tests/host/content-reload-preserves-session.test.ts (2 tests) 156ms
 ✓ tests/host/golden-handoff.test.ts (2 tests) 168ms
 ✓ tests/host/isolation-recurring-e2e.test.ts (2 tests) 272ms
 ✓ tests/host/active-story-lock.test.ts (3 tests) 406ms
 ✓ tests/host/free-call-pipeline.test.ts (4 tests) 426ms
 ✓ tests/host/refer-to-expert-e2e.test.ts (1 test) 215ms
 ✓ tests/lore/bootstrap-fallback.test.ts (3 tests) 83ms
 ✓ tests/validation/golden-handoff.validate.test.ts (10 tests) 1111ms
   ✓ validatePackage > FREE_CARD_MISSING when freeCardId file removed  448ms
 ✓ tests/host/manual-story-loop.test.ts (2 tests) 410ms
 ✓ tests/host/schedule-outbound.test.ts (2 tests) 563ms
   ✓ schedule → outbound (S3) > Free 挂机写入 schedule → advanceClock → agent_outbound begin Manual  555ms
 ✓ tests/memory/sqlite-memory.test.ts (5 tests) 92ms
 ✓ tests/host/playback-phase.test.ts (1 test) 290ms
 ✓ tests/runtime/pick-pending-entry-mode.test.ts (4 tests) 2ms
 ✓ tests/host/log-redact.test.ts (1 test) 13ms
 ✓ tests/index.smoke.test.ts (1 test) 5ms
 ✓ tests/runtime/composer.test.ts (9 tests) 144ms
 ✓ tests/runtime/exit-selector.test.ts (3 tests) 4ms
 ✓ tests/runtime/effect-sink-plan-status.test.ts (3 tests) 15ms
 ✓ tests/schema/callcard-schema-tighten.test.ts (4 tests) 62ms
 ✓ tests/runtime/effect-s11.test.ts (5 tests) 85ms
 ✓ tests/runtime/select-call-flow-prompt.test.ts (2 tests) 4ms

 Test Files  22 passed (22)
      Tests  70 passed (70)
   Start at  12:03:14
   Duration  5.93s (transform 792ms, setup 0ms, collect 13.23s, tests 4.67s, environment 4ms, prepare 3.98s)

[gbx] ■ verify:npm test done exit=0 elapsed=8s
