[gbx] ▶ verify:npm test start cmd=/bin/sh cwd=/Users/bolbiao/workspace/airpc-engine

> test
> npm run check:engine-imports && npm run test -w @airpc/rpg-engine


> check:engine-imports
> node scripts/check-engine-imports.mjs

check:engine-imports ok (42 files)

> @airpc/rpg-engine@0.0.1 test
> vitest run


 RUN  v3.2.7 /Users/bolbiao/workspace/airpc-engine/packages/rpg-engine

 ✓ tests/host/isolation-recurring-e2e.test.ts (2 tests) 199ms
 ✓ tests/host/night-layer-e2e.test.ts (2 tests) 205ms
 ✓ tests/host/manual-story-loop.test.ts (2 tests) 209ms
 ✓ tests/host/content-reload-preserves-session.test.ts (2 tests) 214ms
 ✓ tests/host/active-story-lock.test.ts (3 tests) 250ms
 ✓ tests/host/free-call-pipeline.test.ts (4 tests) 363ms
 ✓ tests/memory/sqlite-memory.test.ts (8 tests) 86ms
 ✓ tests/host/playback-phase.test.ts (1 test) 165ms
 ✓ tests/validation/golden-handoff.validate.test.ts (10 tests) 837ms
 ✓ tests/host/a-to-b-memory-e2e.test.ts (1 test) 406ms
   ✓ E4b A→B knowledge／memory > doubao-sister exit writes xiaoyu knowledge + semantic memory  406ms
 ✓ tests/host/refer-to-expert-e2e.test.ts (1 test) 400ms
   ✓ E4a refer_to_expert E2E > invokeTool(refer_to_expert) → endCall → unlock + schedule → advanceClock pending  399ms
 ✓ tests/host/golden-handoff.test.ts (2 tests) 429ms
   ✓ golden_handoff > full handoff: 澜星 success → 小雨 user_dial → meet_ok unmount  311ms
 ✓ tests/host/schedule-outbound.test.ts (2 tests) 510ms
   ✓ schedule → outbound (S3) > Free 挂机写入 schedule → advanceClock → agent_outbound begin Manual  485ms
 ✓ tests/lore/bootstrap-fallback.test.ts (3 tests) 57ms
 ✓ tests/runtime/select-call-flow-prompt.test.ts (2 tests) 7ms
 ✓ tests/runtime/effect-sink-plan-status.test.ts (3 tests) 15ms
 ✓ tests/runtime/effect-s11.test.ts (5 tests) 8ms
 ✓ tests/runtime/composer.test.ts (10 tests) 35ms
 ✓ tests/schema/callcard-schema-tighten.test.ts (4 tests) 3ms
 ✓ tests/runtime/pick-pending-entry-mode.test.ts (4 tests) 6ms
 ✓ tests/host/log-redact.test.ts (1 test) 2ms
 ✓ tests/runtime/exit-selector.test.ts (3 tests) 2ms
 ✓ tests/index.smoke.test.ts (1 test) 2ms

 Test Files  23 passed (23)
      Tests  76 passed (76)
   Start at  12:19:29
   Duration  3.22s (transform 821ms, setup 0ms, collect 6.46s, tests 4.41s, environment 6ms, prepare 3.50s)

[gbx] ■ verify:npm test done exit=0 elapsed=4s
