[gbx] ▶ verify:npm test start cmd=/bin/sh cwd=/Users/bolbiao/workspace/airpc-engine

> test
> npm run check:engine-imports && npm run test -w @airpc/rpg-engine


> check:engine-imports
> node scripts/check-engine-imports.mjs

check:engine-imports ok (42 files)

> @airpc/rpg-engine@0.0.1 test
> vitest run


 RUN  v3.2.7 /Users/bolbiao/workspace/airpc-engine/packages/rpg-engine

 ✓ tests/host/playback-phase.test.ts (1 test) 81ms
 ✓ tests/host/content-reload-preserves-session.test.ts (2 tests) 106ms
 ✓ tests/host/refer-to-expert-e2e.test.ts (1 test) 120ms
 ✓ tests/host/manual-story-loop.test.ts (2 tests) 161ms
 ✓ tests/host/free-call-pipeline.test.ts (4 tests) 237ms
 ✓ tests/host/active-story-lock.test.ts (3 tests) 265ms
 ✓ tests/lore/bootstrap-fallback.test.ts (3 tests) 40ms
 ✓ tests/memory/sqlite-memory.test.ts (5 tests) 46ms
 ✓ tests/host/schedule-outbound.test.ts (2 tests) 148ms
 ✓ tests/validation/golden-handoff.validate.test.ts (10 tests) 562ms
 ✓ tests/runtime/pick-pending-entry-mode.test.ts (4 tests) 3ms
 ✓ tests/host/golden-handoff.test.ts (2 tests) 214ms
 ✓ tests/runtime/composer.test.ts (9 tests) 9ms
 ✓ tests/runtime/effect-sink-plan-status.test.ts (3 tests) 5ms
 ✓ tests/host/log-redact.test.ts (1 test) 2ms
 ✓ tests/runtime/effect-s11.test.ts (5 tests) 5ms
 ✓ tests/schema/callcard-schema-tighten.test.ts (4 tests) 3ms
 ✓ tests/runtime/exit-selector.test.ts (3 tests) 1ms
 ✓ tests/runtime/select-call-flow-prompt.test.ts (2 tests) 3ms
 ✓ tests/index.smoke.test.ts (1 test) 2ms

 Test Files  20 passed (20)
      Tests  67 passed (67)
   Start at  11:53:35
   Duration  1.43s (transform 355ms, setup 0ms, collect 3.58s, tests 2.01s, environment 2ms, prepare 1.01s)

[gbx] ■ verify:npm test done exit=0 elapsed=2s
