[gbx] ▶ verify:npm test start cmd=/bin/sh cwd=/Users/bolbiao/workspace/airpc-engine

> test
> npm run check:engine-imports && npm run test -w @airpc/rpg-engine


> check:engine-imports
> node scripts/check-engine-imports.mjs

check:engine-imports ok (42 files)

> @airpc/rpg-engine@0.0.1 test
> vitest run


 RUN  v3.2.7 /Users/bolbiao/workspace/airpc-engine/packages/rpg-engine

 ✓ tests/host/night-layer-e2e.test.ts (2 tests) 112ms
 ✓ tests/host/isolation-recurring-e2e.test.ts (2 tests) 112ms
 ✓ tests/host/manual-story-loop.test.ts (2 tests) 128ms
 ✓ tests/host/golden-handoff.test.ts (2 tests) 135ms
 ✓ tests/host/active-story-lock.test.ts (3 tests) 186ms
 ✓ tests/host/free-call-pipeline.test.ts (4 tests) 213ms
 ✓ tests/host/refer-to-expert-e2e.test.ts (1 test) 81ms
 ✓ tests/host/schedule-outbound.test.ts (2 tests) 92ms
 ✓ tests/host/playback-phase.test.ts (1 test) 127ms
 ✓ tests/host/content-reload-preserves-session.test.ts (2 tests) 135ms
 ✓ tests/host/a-to-b-memory-e2e.test.ts (1 test) 207ms
 ✓ tests/memory/sqlite-memory.test.ts (8 tests) 126ms
 ✓ tests/validation/golden-handoff.validate.test.ts (10 tests) 666ms
 ✓ tests/lore/bootstrap-fallback.test.ts (6 tests) 69ms
 ✓ tests/runtime/pick-pending-entry-mode.test.ts (4 tests) 2ms
 ✓ tests/host/log-redact.test.ts (1 test) 1ms
 ✓ tests/runtime/composer.test.ts (10 tests) 5ms
 ✓ tests/schema/callcard-schema-tighten.test.ts (4 tests) 3ms
 ✓ tests/runtime/effect-s11.test.ts (5 tests) 8ms
 ✓ tests/runtime/effect-sink-plan-status.test.ts (3 tests) 15ms
 ✓ tests/runtime/exit-selector.test.ts (3 tests) 2ms
 ✓ tests/runtime/select-call-flow-prompt.test.ts (2 tests) 6ms
 ✓ tests/index.smoke.test.ts (1 test) 1ms

 Test Files  23 passed (23)
      Tests  79 passed (79)
   Start at  12:32:07
   Duration  1.63s (transform 460ms, setup 0ms, collect 3.88s, tests 2.43s, environment 3ms, prepare 1.22s)

[gbx] ■ verify:npm test done exit=0 elapsed=2s
