[gbx] ▶ verify:npm test start cmd=/bin/sh cwd=/Users/bolbiao/workspace/airpc-engine

> test
> npm run check:engine-imports && npm run test -w @airpc/rpg-engine


> check:engine-imports
> node scripts/check-engine-imports.mjs

check:engine-imports ok (43 files)

> @airpc/rpg-engine@0.0.1 test
> vitest run


 RUN  v3.2.7 /Users/bolbiao/workspace/airpc-engine/packages/rpg-engine

 ✓ tests/host/active-story-lock.test.ts (3 tests) 149ms
 ✓ tests/host/content-reload-preserves-session.test.ts (2 tests) 168ms
 ✓ tests/host/clock-tick-e2e.test.ts (4 tests) 184ms
 ✓ tests/host/engine-plan-7.1-7.3.test.ts (6 tests) 241ms
 ✓ tests/host/free-call-pipeline.test.ts (4 tests) 283ms
 ✓ tests/host/engine-plan-7.4-7.5.test.ts (8 tests) 285ms
 ✓ tests/validation/golden-handoff.validate.test.ts (10 tests) 570ms
 ✓ tests/host/isolation-recurring-e2e.test.ts (3 tests) 141ms
 ✓ tests/host/playback-phase.test.ts (1 test) 109ms
 ✓ tests/host/schedule-card-recurring.test.ts (4 tests) 214ms
 ✓ tests/host/refer-to-expert-e2e.test.ts (1 test) 80ms
 ✓ tests/host/schedule-once-early-dial.test.ts (3 tests) 265ms
 ✓ tests/host/chat-turns-e2e.test.ts (2 tests) 216ms
 ✓ tests/schema/callcard-schema-tighten.test.ts (4 tests) 3ms
 ✓ tests/host/manual-story-loop.test.ts (2 tests) 170ms
 ✓ tests/host/end-story-free-e2e.test.ts (1 test) 72ms
 ✓ tests/host/schedule-outbound.test.ts (2 tests) 76ms
 ✓ tests/host/golden-handoff.test.ts (2 tests) 160ms
 ✓ tests/host/end-story-next-e2e.test.ts (1 test) 136ms
 ✓ tests/lore/bootstrap-fallback.test.ts (6 tests) 32ms
 ✓ tests/host/night-layer-e2e.test.ts (2 tests) 341ms
 ✓ tests/memory/sqlite-memory.test.ts (8 tests) 66ms
 ✓ tests/runtime/effect-sink-plan-status.test.ts (7 tests) 48ms
 ✓ tests/host/a-to-b-memory-e2e.test.ts (1 test) 225ms
 ✓ tests/host/wet.test.ts (8 tests) 22ms
 ✓ tests/runtime/end-story-cleanup.test.ts (5 tests) 12ms
 ✓ tests/host/log-redact.test.ts (1 test) 2ms
 ✓ tests/runtime/composer.test.ts (10 tests) 10ms
 ✓ tests/runtime/pick-pending-entry-mode.test.ts (4 tests) 2ms
 ✓ tests/runtime/effect-s11.test.ts (5 tests) 5ms
 ✓ tests/runtime/select-call-flow-prompt.test.ts (2 tests) 1ms
 ✓ tests/runtime/exit-selector.test.ts (3 tests) 2ms
 ✓ tests/index.smoke.test.ts (1 test) 1ms

 Test Files  33 passed (33)
      Tests  126 passed (126)
   Start at  10:54:41
   Duration  2.34s (transform 557ms, setup 0ms, collect 5.43s, tests 4.29s, environment 4ms, prepare 1.50s)

[gbx] ■ verify:npm test done exit=0 elapsed=3s
