[gbx] ▶ verify:npm test start cmd=/bin/sh cwd=/Users/bolbiao/workspace/airpc-engine

> test
> npm run check:engine-imports && npm run test -w @airpc/rpg-engine


> check:engine-imports
> node scripts/check-engine-imports.mjs

check:engine-imports ok (43 files)

> @airpc/rpg-engine@0.0.1 test
> vitest run


 RUN  v3.2.7 /Users/bolbiao/workspace/airpc-engine/packages/rpg-engine

 ✓ tests/host/schedule-once-early-dial.test.ts (3 tests) 200ms
 ✓ tests/host/free-call-pipeline.test.ts (4 tests) 210ms
 ✓ tests/host/schedule-card-recurring.test.ts (4 tests) 222ms
 ✓ tests/host/clock-tick-e2e.test.ts (4 tests) 245ms
 ✓ tests/host/engine-plan-7.1-7.3.test.ts (6 tests) 294ms
 ✓ tests/host/engine-plan-7.4-7.5.test.ts (8 tests) 342ms
 ✓ tests/validation/golden-handoff.validate.test.ts (10 tests) 676ms
 ✓ tests/host/a-to-b-memory-e2e.test.ts (1 test) 101ms
 ✓ tests/host/end-story-free-e2e.test.ts (1 test) 184ms
 ✓ tests/host/chat-turns-e2e.test.ts (2 tests) 236ms
 ✓ tests/host/isolation-recurring-e2e.test.ts (3 tests) 279ms
 ✓ tests/host/content-reload-preserves-session.test.ts (2 tests) 278ms
 ✓ tests/host/active-story-lock.test.ts (3 tests) 300ms
 ✓ tests/host/schedule-outbound.test.ts (2 tests) 119ms
 ✓ tests/host/golden-handoff.test.ts (2 tests) 221ms
 ✓ tests/host/manual-story-loop.test.ts (2 tests) 211ms
 ✓ tests/host/playback-phase.test.ts (1 test) 113ms
 ✓ tests/host/refer-to-expert-e2e.test.ts (1 test) 155ms
 ✓ tests/memory/sqlite-memory.test.ts (8 tests) 51ms
 ✓ tests/host/night-layer-e2e.test.ts (2 tests) 260ms
 ✓ tests/host/end-story-next-e2e.test.ts (1 test) 257ms
 ✓ tests/lore/bootstrap-fallback.test.ts (6 tests) 114ms
 ✓ tests/runtime/effect-sink-plan-status.test.ts (7 tests) 57ms
 ✓ tests/host/wet.test.ts (8 tests) 13ms
 ✓ tests/runtime/effect-s11.test.ts (5 tests) 5ms
 ✓ tests/runtime/pick-pending-entry-mode.test.ts (4 tests) 2ms
 ✓ tests/runtime/composer.test.ts (10 tests) 7ms
 ✓ tests/runtime/end-story-cleanup.test.ts (5 tests) 9ms
 ✓ tests/runtime/select-call-flow-prompt.test.ts (2 tests) 4ms
 ✓ tests/host/log-redact.test.ts (1 test) 2ms
 ✓ tests/schema/callcard-schema-tighten.test.ts (4 tests) 4ms
 ✓ tests/runtime/exit-selector.test.ts (3 tests) 2ms
 ✓ tests/index.smoke.test.ts (1 test) 2ms

 Test Files  33 passed (33)
      Tests  126 passed (126)
   Start at  09:35:32
   Duration  2.74s (transform 637ms, setup 0ms, collect 6.31s, tests 5.17s, environment 7ms, prepare 1.83s)

[gbx] ■ verify:npm test done exit=0 elapsed=4s
