[gbx] ▶ verify:npm run quality:studio start cmd=/bin/sh cwd=/Users/bolbiao/workspace/airpc-engine

> quality:studio
> node scripts/studio-quality/quality-studio.mjs


==> lint (@airpc/studio-v2)

> @airpc/studio-v2@0.0.1 lint
> node ./scripts/run-eslint.mjs . --max-warnings 0


==> typecheck (@airpc/studio-v2)

> @airpc/studio-v2@0.0.1 typecheck
> tsc -p tsconfig.json --noEmit


==> check:comments
check:comments ok (27 files)

==> check:studio-structure
check:studio-structure ok (27 files, 0 warnings)

==> test:studio

> test:studio
> npm run test -w @airpc/studio-v2


> @airpc/studio-v2@0.0.1 test
> vitest run


 RUN  v3.2.7 /Users/bolbiao/workspace/airpc-engine/apps/studioV2

 ✓ tests/domain/createStudioId.test.ts (2 tests) 2ms

 Test Files  1 passed (1)
      Tests  2 passed (2)
   Start at  09:59:30
   Duration  344ms (transform 25ms, setup 0ms, collect 22ms, tests 2ms, environment 0ms, prepare 74ms)


==> gate self-tests (comments + structure)
▶ check:comments
  ✔ 合格契约通过 (10.839334ms)
  ✔ 缺失导出意图注释失败 (2.042125ms)
  ✔ 缺失字段说明失败 (1.133333ms)
  ✔ 复述占位注释失败 (1.156625ms)
  ✔ 无原因抑制失败（含裸 eslint-disable） (2.650625ms)
  ✔ 带原因抑制通过 (1.433291ms)
  ✔ 输出格式含规则编号与位置 (0.957084ms)
✔ check:comments (20.921166ms)
▶ check:studio-structure
  ✔ 有效行数忽略空行但不忽略注释 (0.508291ms)
  ✔ page.tsx 分类正确 (0.159875ms)
  ✔ 圈复杂度统计分支 (4.442833ms)
  ✔ 合格基线通过，且排除 generated (7.303916ms)
  ✔ page 行数硬上限失败 (2.018875ms)
  ✔ 函数复杂度硬上限失败 (1.402334ms)
  ✔ client 引擎写口失败 (1.717791ms)
  ✔ 业务旁平放测试失败 (3.36075ms)
  ✔ 深挖引擎内部路径失败 (1.582792ms)
  ✔ 目录异责平铺失败 (2.360458ms)
  ✔ 业务 barrel index 失败 (1.558584ms)
  ✔ UI 组件裸 fetch 失败 (1.009458ms)
  ✔ 大范围豁免被拒绝 (0.723416ms)
  ✔ 精确豁免生效 (0.79925ms)
  ✔ validateAllowlist 拒绝 apps/** (0.076375ms)
  ✔ 输出格式含规则编号与位置（路径可定位） (1.02075ms)
✔ check:studio-structure (31.029291ms)
ℹ tests 23
ℹ suites 2
ℹ pass 23
ℹ fail 0
ℹ cancelled 0
ℹ skipped 0
ℹ todo 0
ℹ duration_ms 179.165458

quality:studio ok
[gbx] ■ verify:npm run quality:studio done exit=0 elapsed=4s
