[gbx] ▶ verify:npm test start cmd=/bin/sh cwd=/Users/bolbiao/workspace/airpc-engine

> test
> npm run check:engine-imports && npm run test -w @airpc/rpg-engine


> check:engine-imports
> node scripts/check-engine-imports.mjs

check:engine-imports ok (43 files)

> @airpc/rpg-engine@0.0.1 test
> vitest run


 RUN  v3.2.7 /Users/bolbiao/workspace/airpc-engine/packages/rpg-engine

 ✓ tests/host/night-layer-e2e.test.ts (2 tests) 111ms
 ✓ tests/host/manual-story-loop.test.ts (2 tests) 135ms
 ✓ tests/host/isolation-recurring-e2e.test.ts (3 tests) 167ms
 ✓ tests/host/schedule-card-recurring.test.ts (4 tests) 223ms
 ✓ tests/host/engine-plan-7.1-7.3.test.ts (6 tests) 303ms
 ✓ tests/host/engine-plan-7.4-7.5.test.ts (8 tests) 331ms
 ✓ tests/validation/golden-handoff.validate.test.ts (10 tests) 505ms
 ✓ tests/host/chat-turns-e2e.test.ts (2 tests) 149ms
 ✓ tests/host/golden-handoff.test.ts (2 tests) 122ms
 ✓ tests/host/schedule-once-early-dial.test.ts (3 tests) 211ms
 ✓ tests/host/clock-tick-e2e.test.ts (4 tests) 290ms
 ✓ tests/host/content-reload-preserves-session.test.ts (2 tests) 281ms
 ✓ tests/host/end-story-next-e2e.test.ts (1 test) 93ms
 ✓ tests/host/free-call-pipeline.test.ts (4 tests) 278ms
 ✓ tests/host/a-to-b-memory-e2e.test.ts (1 test) 93ms
 ✓ tests/host/active-story-lock.test.ts (3 tests) 228ms
 ✓ tests/host/refer-to-expert-e2e.test.ts (1 test) 139ms
 ✓ tests/host/schedule-outbound.test.ts (2 tests) 128ms
 ✓ tests/host/end-story-free-e2e.test.ts (1 test) 117ms
 ✓ tests/lore/bootstrap-fallback.test.ts (6 tests) 29ms
 ✓ tests/memory/sqlite-memory.test.ts (8 tests) 54ms
 ✓ tests/runtime/composer.test.ts (10 tests) 5ms
 ✓ tests/host/wet.test.ts (8 tests) 17ms
 ✓ tests/runtime/effect-sink-plan-status.test.ts (7 tests) 48ms
 ✓ tests/host/playback-phase.test.ts (1 test) 142ms
 ✓ tests/runtime/pick-pending-entry-mode.test.ts (4 tests) 2ms
 ✓ tests/runtime/select-call-flow-prompt.test.ts (2 tests) 1ms
 ✓ tests/runtime/effect-s11.test.ts (5 tests) 4ms
 ✓ tests/runtime/end-story-cleanup.test.ts (5 tests) 10ms
 ✓ tests/runtime/exit-selector.test.ts (3 tests) 2ms
 ✓ tests/host/log-redact.test.ts (1 test) 4ms
 ✓ tests/schema/callcard-schema-tighten.test.ts (4 tests) 135ms
 ✓ tests/index.smoke.test.ts (1 test) 1ms

 Test Files  33 passed (33)
      Tests  126 passed (126)
   Start at  10:53:52
   Duration  2.36s (transform 528ms, setup 0ms, collect 5.60s, tests 4.36s, environment 4ms, prepare 1.57s)

[gbx] ■ verify:npm test done exit=0 elapsed=3s
