[gbx] ▶ verify:npm test start cmd=/bin/sh cwd=/Users/bolbiao/workspace/airpc-engine

> test
> npm run check:engine-imports && npm run test -w @airpc/rpg-engine


> check:engine-imports
> node scripts/check-engine-imports.mjs

check:engine-imports ok (43 files)

> @airpc/rpg-engine@0.0.1 test
> vitest run


 RUN  v3.2.7 /Users/bolbiao/workspace/airpc-engine/packages/rpg-engine

 ✓ tests/host/schedule-once-early-dial.test.ts (3 tests) 324ms
 ✓ tests/host/isolation-recurring-e2e.test.ts (3 tests) 343ms
 ✓ tests/host/free-call-pipeline.test.ts (4 tests) 375ms
 ✓ tests/host/schedule-card-recurring.test.ts (4 tests) 417ms
 ✓ tests/host/clock-tick-e2e.test.ts (4 tests) 475ms
 ✓ tests/host/engine-plan-7.4-7.5.test.ts (8 tests) 546ms
 ✓ tests/validation/golden-handoff.validate.test.ts (10 tests) 907ms
 ✓ tests/host/chat-turns-e2e.test.ts (2 tests) 217ms
 ✓ tests/host/a-to-b-memory-e2e.test.ts (1 test) 201ms
 ✓ tests/host/manual-story-loop.test.ts (2 tests) 217ms
 ✓ tests/host/playback-phase.test.ts (1 test) 133ms
 ✓ tests/host/engine-plan-7.1-7.3.test.ts (6 tests) 437ms
 ✓ tests/host/golden-handoff.test.ts (2 tests) 257ms
 ✓ tests/memory/sqlite-memory.test.ts (8 tests) 73ms
 ✓ tests/host/refer-to-expert-e2e.test.ts (1 test) 148ms
 ✓ tests/host/end-story-free-e2e.test.ts (1 test) 138ms
 ✓ tests/host/end-story-next-e2e.test.ts (1 test) 98ms
 ✓ tests/host/night-layer-e2e.test.ts (2 tests) 103ms
 ✓ tests/host/active-story-lock.test.ts (3 tests) 335ms
 ✓ tests/host/content-reload-preserves-session.test.ts (2 tests) 280ms
 ✓ tests/lore/bootstrap-fallback.test.ts (6 tests) 29ms
 ✓ tests/host/schedule-outbound.test.ts (2 tests) 130ms
 ✓ tests/schema/callcard-schema-tighten.test.ts (4 tests) 8ms
 ✓ tests/host/wet.test.ts (8 tests) 12ms
 ✓ tests/runtime/effect-s11.test.ts (5 tests) 5ms
 ✓ tests/runtime/end-story-cleanup.test.ts (5 tests) 7ms
 ✓ tests/runtime/effect-sink-plan-status.test.ts (7 tests) 52ms
 ✓ tests/runtime/pick-pending-entry-mode.test.ts (4 tests) 6ms
 ✓ tests/runtime/select-call-flow-prompt.test.ts (2 tests) 3ms
 ✓ tests/host/log-redact.test.ts (1 test) 2ms
 ✓ tests/runtime/composer.test.ts (10 tests) 7ms
 ✓ tests/index.smoke.test.ts (1 test) 2ms
 ✓ tests/runtime/exit-selector.test.ts (3 tests) 3ms

 Test Files  33 passed (33)
      Tests  126 passed (126)
   Start at  09:58:44
   Duration  2.98s (transform 566ms, setup 0ms, collect 6.44s, tests 6.29s, environment 6ms, prepare 2.27s)

[gbx] ■ verify:npm test done exit=0 elapsed=4s
