[gbx] ▶ verify:npm test start cmd=/bin/sh cwd=/Users/bolbiao/workspace/airpc-engine

> test
> npm run check:engine-imports && npm run test -w @airpc/rpg-engine


> check:engine-imports
> node scripts/check-engine-imports.mjs

check:engine-imports ok (43 files)

> @airpc/rpg-engine@0.0.1 test
> vitest run


 RUN  v3.2.7 /Users/bolbiao/workspace/airpc-engine/packages/rpg-engine

 ✓ tests/host/chat-turns-e2e.test.ts (2 tests) 325ms
 ✓ tests/host/schedule-card-recurring.test.ts (4 tests) 534ms
   ✓ ScheduleCard + recurring (V1-E1–E3) > V1-E3：物化 → agent_outbound → beginCall frozenCard 为 ScheduleCard  353ms
 ✓ tests/host/golden-handoff.test.ts (2 tests) 540ms
   ✓ golden_handoff > full handoff: 澜星 success → 小雨 user_dial → meet_ok unmount  449ms
 ✓ tests/host/free-call-pipeline.test.ts (4 tests) 609ms
 ✓ tests/host/engine-plan-7.1-7.3.test.ts (6 tests) 698ms
   ✓ 引擎 §7.1–7.3 回归 (V1-E9) > §7.1 recurring 不允许裸任务 > ScheduleCard recurring 触发后可 resolve(agent_outbound) 并 beginCall  345ms
 ✓ tests/host/engine-plan-7.4-7.5.test.ts (8 tests) 739ms
   ✓ 引擎 §7.4–7.5 回归 (V1-E10) > §7.4 章节结束点清场并安排下一章节 > end_story(next)：completed + 释放 lock + 清旧 pending/once + 挂下一章入口  318ms
 ✓ tests/validation/golden-handoff.validate.test.ts (10 tests) 1235ms
 ✓ tests/host/end-story-next-e2e.test.ts (1 test) 533ms
   ✓ end_story next → chapter entry (V1-E7 host) > wait_user_dial：入口角色 story_pending；其它角色 Free；无 ActiveStoryLock  531ms
 ✓ tests/host/night-layer-e2e.test.ts (2 tests) 479ms
   ✓ E4d night／late_night layer > late_night localNowIso hits outbound_late_night  404ms
 ✓ tests/host/active-story-lock.test.ts (3 tests) 816ms
   ✓ ActiveStoryLock resolver gate > beginCall activates StorySave; simulate_start bypasses lock gate  448ms
 ✓ tests/host/schedule-once-early-dial.test.ts (3 tests) 659ms
   ✓ schedule_call_card linked pending + early dial (V1-E4/E5) > 用户提前呼入：actualEntry=inbound_user_dial，once→consumed，tick 不重复外呼  427ms
 ✓ tests/host/isolation-recurring-e2e.test.ts (3 tests) 634ms
   ✓ E4c isolation + recurring > 双 userId：A 的 schedule once 点火不影响 B  505ms
 ✓ tests/host/clock-tick-e2e.test.ts (4 tests) 705ms
   ✓ E9 clock / daily tick simulator > once：快进到期 → outbound pending；toNextIntent 推到 fireAt  503ms
 ✓ tests/memory/sqlite-memory.test.ts (8 tests) 95ms
 ✓ tests/host/manual-story-loop.test.ts (2 tests) 605ms
 ✓ tests/host/playback-phase.test.ts (1 test) 121ms
 ✓ tests/host/a-to-b-memory-e2e.test.ts (1 test) 174ms
 ✓ tests/host/schedule-outbound.test.ts (2 tests) 148ms
 ✓ tests/host/content-reload-preserves-session.test.ts (2 tests) 319ms
 ✓ tests/host/refer-to-expert-e2e.test.ts (1 test) 330ms
   ✓ E4a refer_to_expert E2E > invokeTool(refer_to_expert) → endCall → unlock + schedule → advanceClock pending  328ms
 ✓ tests/host/wet.test.ts (8 tests) 26ms
 ✓ tests/lore/bootstrap-fallback.test.ts (6 tests) 90ms
 ✓ tests/runtime/end-story-cleanup.test.ts (5 tests) 10ms
 ✓ tests/runtime/effect-sink-plan-status.test.ts (7 tests) 50ms
 ✓ tests/runtime/composer.test.ts (10 tests) 15ms
 ✓ tests/host/end-story-free-e2e.test.ts (1 test) 300ms
 ✓ tests/runtime/pick-pending-entry-mode.test.ts (4 tests) 7ms
 ✓ tests/runtime/effect-s11.test.ts (5 tests) 14ms
 ✓ tests/runtime/select-call-flow-prompt.test.ts (2 tests) 3ms
 ✓ tests/host/log-redact.test.ts (1 test) 2ms
 ✓ tests/schema/callcard-schema-tighten.test.ts (4 tests) 9ms
 ✓ tests/runtime/exit-selector.test.ts (3 tests) 18ms
 ✓ tests/index.smoke.test.ts (1 test) 15ms

 Test Files  33 passed (33)
      Tests  126 passed (126)
   Start at  08:54:40
   Duration  5.32s (transform 752ms, setup 0ms, collect 10.20s, tests 10.86s, environment 9ms, prepare 5.38s)

[gbx] ■ verify:npm test done exit=0 elapsed=6s
