[gbx] ▶ verify:npm run quality:studio start cmd=/bin/sh cwd=/Users/bolbiao/workspace/airpc-engine

> quality:studio
> node scripts/studio-quality/quality-studio.mjs


==> lint (@airpc/studio-v2)

> @airpc/studio-v2@0.0.1 lint
> node ./scripts/run-eslint.mjs . --max-warnings 0


==> typecheck (@airpc/studio-v2)

> @airpc/studio-v2@0.0.1 typecheck
> tsc -p tsconfig.json --noEmit


==> check:comments
check:comments ok (103 files)

==> check:studio-structure
WARN STUDIO-STRUCT-003  apps/studioV2/features/assets/AssetLibraryView.tsx:35:37  函数 AssetLibraryView 圈复杂度 12 超过告警线 10  重构条件分支，避免继续堆叠
WARN STUDIO-STRUCT-002  apps/studioV2/features/debugger/CallRunPanel.tsx:43:52  函数 CallRunPanel 有效行数 72 超过告警线 60  考虑拆分以保持可测性
WARN STUDIO-STRUCT-002  apps/studioV2/features/home/workbench/shell/WorkbenchSideCol.tsx:21:37  函数 WorkbenchSideCol 有效行数 78 超过告警线 60  考虑拆分以保持可测性
WARN STUDIO-STRUCT-002  apps/studioV2/features/packages/create/CreatePackageView.tsx:22:38  函数 CreatePackageView 有效行数 87 超过告警线 60  考虑拆分以保持可测性
WARN STUDIO-STRUCT-002  apps/studioV2/features/packages/export/ExportPackageForm.tsx:33:45  函数 ExportPackageForm 有效行数 65 超过告警线 60  考虑拆分以保持可测性
WARN STUDIO-STRUCT-002  apps/studioV2/features/packages/list/PackageListView.tsx:24:36  函数 PackageListView 有效行数 80 超过告警线 60  考虑拆分以保持可测性
WARN STUDIO-STRUCT-002  apps/studioV2/features/settings/SettingsEnginePanels.tsx:92:62  函数 SchemaEnginePanel 有效行数 65 超过告警线 60  考虑拆分以保持可测性
WARN STUDIO-STRUCT-003  apps/studioV2/features/users/UserLibraryView.tsx:26:36  函数 UserLibraryView 圈复杂度 11 超过告警线 10  重构条件分支，避免继续堆叠
STUDIO-STRUCT-002  apps/studioV2/features/assets/AssetLibraryView.tsx:35:37  函数 AssetLibraryView 有效行数 120 超过硬上限 100  拆出步骤函数、命令对象或纯计算
STUDIO-STRUCT-002  apps/studioV2/features/characters/CharacterLibraryView.tsx:29:41  函数 CharacterLibraryView 有效行数 122 超过硬上限 100  拆出步骤函数、命令对象或纯计算
STUDIO-STRUCT-002  apps/studioV2/features/users/UserLibraryView.tsx:26:36  函数 UserLibraryView 有效行数 136 超过硬上限 100  拆出步骤函数、命令对象或纯计算
STUDIO-STRUCT-008  apps/studioV2/domain/library:1:1  目录含 4 个源文件且职责组≥2（assets,charac,librar,userpr），应分子目录  按 domain/commands/features 等职责拆分子目录，禁止长前缀代目录
STUDIO-STRUCT-008  apps/studioV2/features/debugger:1:1  目录含 5 个源文件且职责组≥2（panel,shell,wet），应分子目录  按 domain/commands/features 等职责拆分子目录，禁止长前缀代目录
STUDIO-STRUCT-008  apps/studioV2/features/settings:1:1  目录含 7 个源文件且职责组≥2（panel,settings,shell），应分子目录  按 domain/commands/features 等职责拆分子目录，禁止长前缀代目录
STUDIO-STRUCT-008  apps/studioV2/services:1:1  目录含 6 个源文件且职责组≥2（service,mockde,mockli,mockpa,mockse,mockwo），应分子目录  按 domain/commands/features 等职责拆分子目录，禁止长前缀代目录
check:studio-structure failed (7 errors, 8 warnings, 103 files)
check:studio-structure failed (exit 1)

quality:studio FAILED
[gbx] ■ verify:npm run quality:studio done exit=1 elapsed=4s
