[gbx] ▶ verify:npm test start cmd=/bin/sh cwd=/Users/bolbiao/workspace/airpc-engine

> test
> npm run check:engine-imports && npm run test -w @airpc/rpg-engine


> check:engine-imports
> node scripts/check-engine-imports.mjs

check:engine-imports ok (43 files)

> @airpc/rpg-engine@0.0.1 test
> vitest run


 RUN  v3.2.7 /Users/bolbiao/workspace/airpc-engine/packages/rpg-engine

 ✓ tests/host/chat-turns-e2e.test.ts (2 tests) 179ms
 ✓ tests/host/manual-story-loop.test.ts (2 tests) 180ms
 ✓ tests/host/active-story-lock.test.ts (3 tests) 222ms
 ✓ tests/host/free-call-pipeline.test.ts (4 tests) 233ms
 ✓ tests/host/schedule-card-recurring.test.ts (4 tests) 249ms
 ✓ tests/host/clock-tick-e2e.test.ts (4 tests) 332ms
 ✓ tests/host/content-reload-preserves-session.test.ts (2 tests) 140ms
 ✓ tests/host/golden-handoff.test.ts (2 tests) 157ms
 ✓ tests/host/night-layer-e2e.test.ts (2 tests) 120ms
 ✓ tests/validation/golden-handoff.validate.test.ts (10 tests) 620ms
 ✓ tests/host/a-to-b-memory-e2e.test.ts (1 test) 93ms
 ✓ tests/host/playback-phase.test.ts (1 test) 104ms
 ✓ tests/host/isolation-recurring-e2e.test.ts (3 tests) 224ms
 ✓ tests/lore/bootstrap-fallback.test.ts (6 tests) 29ms
 ✓ tests/runtime/select-call-flow-prompt.test.ts (2 tests) 1ms
 ✓ tests/runtime/composer.test.ts (10 tests) 6ms
 ✓ tests/host/wet.test.ts (8 tests) 33ms
 ✓ tests/memory/sqlite-memory.test.ts (8 tests) 56ms
 ✓ tests/host/schedule-outbound.test.ts (2 tests) 165ms
 ✓ tests/runtime/pick-pending-entry-mode.test.ts (4 tests) 5ms
 ✓ tests/host/refer-to-expert-e2e.test.ts (1 test) 189ms
 ✓ tests/runtime/effect-s11.test.ts (5 tests) 5ms
 ✓ tests/index.smoke.test.ts (1 test) 1ms
 ✓ tests/schema/callcard-schema-tighten.test.ts (4 tests) 3ms
 ✓ tests/runtime/effect-sink-plan-status.test.ts (3 tests) 4ms
 ✓ tests/host/log-redact.test.ts (1 test) 1ms
 ✓ tests/runtime/exit-selector.test.ts (3 tests) 2ms

 Test Files  27 passed (27)
      Tests  98 passed (98)
   Start at  19:38:10
   Duration  1.97s (transform 474ms, setup 0ms, collect 4.56s, tests 3.35s, environment 4ms, prepare 1.44s)

[gbx] ■ verify:npm test done exit=0 elapsed=3s
