[gbx] ▶ verify:npm test start cmd=/bin/sh cwd=/Users/bolbiao/workspace/airpc-engine

> test
> npm run check:engine-imports && npm run test -w @airpc/rpg-engine


> check:engine-imports
> node scripts/check-engine-imports.mjs

check:engine-imports ok (43 files)

> @airpc/rpg-engine@0.0.1 test
> vitest run


 RUN  v3.2.7 /Users/bolbiao/workspace/airpc-engine/packages/rpg-engine

 ✓ tests/host/night-layer-e2e.test.ts (2 tests) 122ms
 ✓ tests/host/content-reload-preserves-session.test.ts (2 tests) 130ms
 ✓ tests/host/active-story-lock.test.ts (3 tests) 164ms
 ✓ tests/host/engine-plan-7.1-7.3.test.ts (6 tests) 271ms
 ✓ tests/host/engine-plan-7.4-7.5.test.ts (8 tests) 340ms
 ✓ tests/host/isolation-recurring-e2e.test.ts (3 tests) 360ms
 ✓ tests/host/end-story-next-e2e.test.ts (1 test) 128ms
 ✓ tests/validation/golden-handoff.validate.test.ts (10 tests) 707ms
 ✓ tests/host/chat-turns-e2e.test.ts (2 tests) 304ms
 ✓ tests/host/clock-tick-e2e.test.ts (4 tests) 356ms
 ✓ tests/host/golden-handoff.test.ts (2 tests) 218ms
 ✓ tests/host/manual-story-loop.test.ts (2 tests) 235ms
 ✓ tests/host/schedule-card-recurring.test.ts (4 tests) 436ms
 ✓ tests/host/free-call-pipeline.test.ts (4 tests) 318ms
 ✓ tests/lore/bootstrap-fallback.test.ts (6 tests) 32ms
 ✓ tests/host/end-story-free-e2e.test.ts (1 test) 138ms
 ✓ tests/host/schedule-outbound.test.ts (2 tests) 120ms
 ✓ tests/host/refer-to-expert-e2e.test.ts (1 test) 160ms
 ✓ tests/host/schedule-once-early-dial.test.ts (3 tests) 319ms
 ✓ tests/runtime/effect-sink-plan-status.test.ts (7 tests) 51ms
 ✓ tests/host/playback-phase.test.ts (1 test) 195ms
 ✓ tests/host/wet.test.ts (8 tests) 16ms
 ✓ tests/runtime/end-story-cleanup.test.ts (5 tests) 7ms
 ✓ tests/runtime/composer.test.ts (10 tests) 5ms
 ✓ tests/memory/sqlite-memory.test.ts (8 tests) 152ms
 ✓ tests/host/a-to-b-memory-e2e.test.ts (1 test) 267ms
 ✓ tests/runtime/select-call-flow-prompt.test.ts (2 tests) 2ms
 ✓ tests/runtime/pick-pending-entry-mode.test.ts (4 tests) 5ms
 ✓ tests/runtime/effect-s11.test.ts (5 tests) 7ms
 ✓ tests/host/log-redact.test.ts (1 test) 2ms
 ✓ tests/schema/callcard-schema-tighten.test.ts (4 tests) 21ms
 ✓ tests/index.smoke.test.ts (1 test) 2ms
 ✓ tests/runtime/exit-selector.test.ts (3 tests) 3ms

 Test Files  33 passed (33)
      Tests  126 passed (126)
   Start at  09:36:11
   Duration  2.68s (transform 662ms, setup 0ms, collect 6.08s, tests 5.59s, environment 4ms, prepare 1.97s)

[gbx] ■ verify:npm test done exit=0 elapsed=3s
