[gbx] ▶ verify:npm run quality:studio start cmd=/bin/sh cwd=/Users/bolbiao/workspace/airpc-engine

> quality:studio
> node scripts/studio-quality/quality-studio.mjs


==> lint (@airpc/studio-v2)

> @airpc/studio-v2@0.0.1 lint
> node ./scripts/run-eslint.mjs . --max-warnings 0


==> typecheck (@airpc/studio-v2)

> @airpc/studio-v2@0.0.1 typecheck
> tsc -p tsconfig.json --noEmit


==> check:comments
check:comments ok (27 files)

==> check:studio-structure
check:studio-structure ok (27 files, 0 warnings)

==> test:studio

> test:studio
> npm run test -w @airpc/studio-v2


> @airpc/studio-v2@0.0.1 test
> vitest run


 RUN  v3.2.7 /Users/bolbiao/workspace/airpc-engine/apps/studioV2

 ✓ tests/domain/createStudioId.test.ts (2 tests) 2ms

 Test Files  1 passed (1)
      Tests  2 passed (2)
   Start at  09:58:43
   Duration  373ms (transform 37ms, setup 0ms, collect 25ms, tests 2ms, environment 0ms, prepare 145ms)


==> gate self-tests (comments + structure)
▶ check:comments
  ✔ 合格契约通过 (10.293833ms)
  ✔ 缺失导出意图注释失败 (1.990042ms)
  ✔ 缺失字段说明失败 (1.2025ms)
  ✔ 复述占位注释失败 (1.25925ms)
  ✔ 无原因抑制失败（含裸 eslint-disable） (2.939334ms)
  ✔ 带原因抑制通过 (1.29975ms)
  ✔ 输出格式含规则编号与位置 (1.633959ms)
✔ check:comments (21.367958ms)
▶ check:studio-structure
  ✔ 有效行数忽略空行但不忽略注释 (0.482708ms)
  ✔ page.tsx 分类正确 (0.15025ms)
  ✔ 圈复杂度统计分支 (3.580459ms)
  ✔ 合格基线通过，且排除 generated (7.474417ms)
  ✔ page 行数硬上限失败 (1.98525ms)
  ✔ 函数复杂度硬上限失败 (1.757625ms)
  ✔ client 引擎写口失败 (1.891917ms)
  ✔ 业务旁平放测试失败 (3.115333ms)
  ✔ 深挖引擎内部路径失败 (1.830375ms)
  ✔ 目录异责平铺失败 (3.563834ms)
  ✔ 业务 barrel index 失败 (1.150125ms)
  ✔ UI 组件裸 fetch 失败 (1.069875ms)
  ✔ 大范围豁免被拒绝 (0.870125ms)
  ✔ 精确豁免生效 (0.92525ms)
  ✔ validateAllowlist 拒绝 apps/** (0.074459ms)
  ✔ 输出格式含规则编号与位置（路径可定位） (1.049792ms)
✔ check:studio-structure (31.90525ms)
ℹ tests 23
ℹ suites 2
ℹ pass 23
ℹ fail 0
ℹ cancelled 0
ℹ skipped 0
ℹ todo 0
ℹ duration_ms 177.231958

quality:studio ok
[gbx] ■ verify:npm run quality:studio done exit=0 elapsed=5s
