[gbx] ▶ verify:npm test start cmd=/bin/sh cwd=/Users/bolbiao/workspace/airpc-engine

> test
> npm run check:engine-imports && npm run test -w @airpc/rpg-engine


> check:engine-imports
> node scripts/check-engine-imports.mjs

check:engine-imports ok (43 files)

> @airpc/rpg-engine@0.0.1 test
> vitest run


 RUN  v3.2.7 /Users/bolbiao/workspace/airpc-engine/packages/rpg-engine

 ✓ tests/host/active-story-lock.test.ts (3 tests) 198ms
 ✓ tests/host/isolation-recurring-e2e.test.ts (3 tests) 243ms
 ✓ tests/host/schedule-once-early-dial.test.ts (3 tests) 246ms
 ✓ tests/host/clock-tick-e2e.test.ts (4 tests) 297ms
 ✓ tests/host/engine-plan-7.4-7.5.test.ts (8 tests) 469ms
 ✓ tests/host/engine-plan-7.1-7.3.test.ts (6 tests) 516ms
 ✓ tests/validation/golden-handoff.validate.test.ts (10 tests) 587ms
 ✓ tests/host/manual-story-loop.test.ts (2 tests) 163ms
 ✓ tests/host/golden-handoff.test.ts (2 tests) 167ms
 ✓ tests/host/free-call-pipeline.test.ts (4 tests) 264ms
 ✓ tests/host/end-story-next-e2e.test.ts (1 test) 108ms
 ✓ tests/host/night-layer-e2e.test.ts (2 tests) 137ms
 ✓ tests/host/schedule-card-recurring.test.ts (4 tests) 364ms
 ✓ tests/host/refer-to-expert-e2e.test.ts (1 test) 146ms
 ✓ tests/host/chat-turns-e2e.test.ts (2 tests) 240ms
 ✓ tests/host/content-reload-preserves-session.test.ts (2 tests) 190ms
 ✓ tests/host/end-story-free-e2e.test.ts (1 test) 203ms
 ✓ tests/host/playback-phase.test.ts (1 test) 161ms
 ✓ tests/host/schedule-outbound.test.ts (2 tests) 182ms
 ✓ tests/host/a-to-b-memory-e2e.test.ts (1 test) 200ms
 ✓ tests/memory/sqlite-memory.test.ts (8 tests) 70ms
 ✓ tests/lore/bootstrap-fallback.test.ts (6 tests) 48ms
 ✓ tests/host/wet.test.ts (8 tests) 16ms
 ✓ tests/runtime/exit-selector.test.ts (3 tests) 2ms
 ✓ tests/runtime/composer.test.ts (10 tests) 5ms
 ✓ tests/index.smoke.test.ts (1 test) 1ms
 ✓ tests/runtime/effect-s11.test.ts (5 tests) 8ms
 ✓ tests/runtime/effect-sink-plan-status.test.ts (7 tests) 49ms
 ✓ tests/runtime/pick-pending-entry-mode.test.ts (4 tests) 2ms
 ✓ tests/runtime/end-story-cleanup.test.ts (5 tests) 8ms
 ✓ tests/runtime/select-call-flow-prompt.test.ts (2 tests) 1ms
 ✓ tests/host/log-redact.test.ts (1 test) 1ms
 ✓ tests/schema/callcard-schema-tighten.test.ts (4 tests) 3ms

 Test Files  33 passed (33)
      Tests  126 passed (126)
   Start at  08:55:21
   Duration  2.64s (transform 570ms, setup 0ms, collect 6.01s, tests 5.30s, environment 4ms, prepare 1.86s)

[gbx] ■ verify:npm test done exit=0 elapsed=3s
