[gbx] ▶ verify:npm run check:studio-structure start cmd=/bin/sh cwd=/Users/bolbiao/workspace/airpc-engine

> check:studio-structure
> node scripts/studio-quality/check-studio-structure.mjs && node --test scripts/studio-quality/tests/check-studio-structure.test.mjs

check:studio-structure ok (27 files, 0 warnings)
▶ check:studio-structure
  ✔ 有效行数忽略空行但不忽略注释 (0.501292ms)
  ✔ page.tsx 分类正确 (0.146083ms)
  ✔ 圈复杂度统计分支 (3.769459ms)
  ✔ 合格基线通过，且排除 generated (8.268583ms)
  ✔ page 行数硬上限失败 (2.848875ms)
  ✔ 函数复杂度硬上限失败 (3.692458ms)
  ✔ client 引擎写口失败 (2.654125ms)
  ✖ 业务旁平放测试失败 (9.655792ms)
  ✔ 深挖引擎内部路径失败 (2.201208ms)
  ✔ 目录异责平铺失败 (3.190583ms)
  ✔ 业务 barrel index 失败 (1.100125ms)
  ✔ UI 组件裸 fetch 失败 (1.160667ms)
  ✔ 大范围豁免被拒绝 (1.041083ms)
  ✔ 精确豁免生效 (1.256542ms)
  ✔ validateAllowlist 拒绝 apps/** (0.156583ms)
  ✔ 输出格式含规则编号与位置（路径可定位） (3.972833ms)
✖ check:studio-structure (46.740375ms)
ℹ tests 16
ℹ suites 1
ℹ pass 15
ℹ fail 1
ℹ cancelled 0
ℹ skipped 0
ℹ todo 0
ℹ duration_ms 205.031875

✖ failing tests:

test at scripts/studio-quality/tests/check-studio-structure.test.mjs:85:3
✖ 业务旁平放测试失败 (9.655792ms)
  AssertionError [ERR_ASSERTION]: The expression evaluated to a falsy value:
  
    assert.ok(errors.some((v) => v.ruleId === "STUDIO-STRUCT-007"))
  
      at TestContext.<anonymous> (file:///Users/bolbiao/workspace/airpc-engine/scripts/studio-quality/tests/check-studio-structure.test.mjs:87:12)
      at async Test.run (node:internal/test_runner/test:1208:7)
      at async Suite.processPendingSubtests (node:internal/test_runner/test:831:7) {
    generatedMessage: true,
    code: 'ERR_ASSERTION',
    actual: false,
    expected: true,
    operator: '==',
    diff: 'simple'
  }
[gbx] ■ verify:npm run check:studio-structure done exit=1 elapsed=1s
