[gbx] ▶ verify:npm run check:studio-structure start cmd=/bin/sh cwd=/Users/bolbiao/workspace/airpc-engine

> check:studio-structure
> node scripts/studio-quality/check-studio-structure.mjs && node --test scripts/studio-quality/tests/check-studio-structure.test.mjs

check:studio-structure ok (27 files, 0 warnings)
▶ check:studio-structure
  ✔ 有效行数忽略空行但不忽略注释 (0.685041ms)
  ✔ page.tsx 分类正确 (0.178792ms)
  ✔ 圈复杂度统计分支 (3.432084ms)
  ✔ 合格基线通过，且排除 generated (7.579708ms)
  ✔ page 行数硬上限失败 (2.06225ms)
  ✔ 函数复杂度硬上限失败 (1.941709ms)
  ✔ client 引擎写口失败 (2.422166ms)
  ✔ 业务旁平放测试失败 (2.471125ms)
  ✔ 深挖引擎内部路径失败 (1.575958ms)
  ✔ 目录异责平铺失败 (4.107625ms)
  ✔ 业务 barrel index 失败 (1.201833ms)
  ✔ UI 组件裸 fetch 失败 (1.10625ms)
  ✔ 大范围豁免被拒绝 (0.846667ms)
  ✔ 精确豁免生效 (0.997125ms)
  ✔ validateAllowlist 拒绝 apps/** (0.099125ms)
  ✔ 输出格式含规则编号与位置（路径可定位） (1.32725ms)
✔ check:studio-structure (33.058792ms)
ℹ tests 16
ℹ suites 1
ℹ pass 16
ℹ fail 0
ℹ cancelled 0
ℹ skipped 0
ℹ todo 0
ℹ duration_ms 229.6005
[gbx] ■ verify:npm run check:studio-structure done exit=0 elapsed=1s
