[gbx] ▶ verify:npm test start cmd=/bin/sh cwd=/Users/bolbiao/workspace/airpc-engine

> test
> npm run check:engine-imports && npm run test -w @airpc/rpg-engine


> check:engine-imports
> node scripts/check-engine-imports.mjs

check:engine-imports ok (43 files)

> @airpc/rpg-engine@0.0.1 test
> vitest run


 RUN  v3.2.7 /Users/bolbiao/workspace/airpc-engine/packages/rpg-engine

 ✓ tests/host/end-story-next-e2e.test.ts (1 test) 87ms
 ✓ tests/host/clock-tick-e2e.test.ts (4 tests) 166ms
 ✓ tests/host/schedule-card-recurring.test.ts (4 tests) 167ms
 ✓ tests/host/chat-turns-e2e.test.ts (2 tests) 210ms
 ✓ tests/host/free-call-pipeline.test.ts (4 tests) 258ms
 ✓ tests/host/engine-plan-7.1-7.3.test.ts (6 tests) 305ms
 ✓ tests/validation/golden-handoff.validate.test.ts (10 tests) 500ms
 ✓ tests/host/night-layer-e2e.test.ts (2 tests) 136ms
 ✓ tests/host/golden-handoff.test.ts (2 tests) 109ms
 ✓ tests/host/content-reload-preserves-session.test.ts (2 tests) 162ms
 ✓ tests/host/manual-story-loop.test.ts (2 tests) 134ms
 ✓ tests/host/a-to-b-memory-e2e.test.ts (1 test) 157ms
 ✓ tests/host/active-story-lock.test.ts (3 tests) 320ms
 ✓ tests/host/end-story-free-e2e.test.ts (1 test) 128ms
 ✓ tests/host/schedule-outbound.test.ts (2 tests) 113ms
 ✓ tests/host/refer-to-expert-e2e.test.ts (1 test) 129ms
 ✓ tests/host/isolation-recurring-e2e.test.ts (3 tests) 240ms
 ✓ tests/host/playback-phase.test.ts (1 test) 140ms
 ✓ tests/host/schedule-once-early-dial.test.ts (3 tests) 362ms
 ✓ tests/lore/bootstrap-fallback.test.ts (6 tests) 48ms
 ✓ tests/runtime/effect-s11.test.ts (5 tests) 4ms
 ✓ tests/memory/sqlite-memory.test.ts (8 tests) 62ms
 ✓ tests/host/wet.test.ts (8 tests) 27ms
 ✓ tests/runtime/pick-pending-entry-mode.test.ts (4 tests) 4ms
 ✓ tests/runtime/composer.test.ts (10 tests) 5ms
 ✓ tests/runtime/select-call-flow-prompt.test.ts (2 tests) 1ms
 ✓ tests/runtime/end-story-cleanup.test.ts (5 tests) 8ms
 ✓ tests/host/log-redact.test.ts (1 test) 2ms
 ✓ tests/schema/callcard-schema-tighten.test.ts (4 tests) 3ms
 ✓ tests/runtime/exit-selector.test.ts (3 tests) 3ms
 ✓ tests/runtime/effect-sink-plan-status.test.ts (7 tests) 47ms
 ✓ tests/index.smoke.test.ts (1 test) 1ms

 Test Files  32 passed (32)
      Tests  118 passed (118)
   Start at  22:42:00
   Duration  2.21s (transform 525ms, setup 0ms, collect 5.34s, tests 4.04s, environment 4ms, prepare 1.41s)

[gbx] ■ verify:npm test done exit=0 elapsed=3s
