[gbx] ▶ verify:npm test start cmd=/bin/sh cwd=/Users/bolbiao/workspace/airpc-engine

> test
> npm run check:engine-imports && npm run test -w @airpc/rpg-engine


> check:engine-imports
> node scripts/check-engine-imports.mjs

check:engine-imports ok (43 files)

> @airpc/rpg-engine@0.0.1 test
> vitest run


 RUN  v3.2.7 /Users/bolbiao/workspace/airpc-engine/packages/rpg-engine

 ✓ tests/runtime/end-story-cleanup.test.ts (2 tests) 6ms
 ✓ tests/host/isolation-recurring-e2e.test.ts (3 tests) 127ms
 ✓ tests/host/schedule-once-early-dial.test.ts (3 tests) 134ms
 ✓ tests/host/schedule-card-recurring.test.ts (4 tests) 243ms
 ✓ tests/host/free-call-pipeline.test.ts (4 tests) 257ms
 ✓ tests/host/clock-tick-e2e.test.ts (4 tests) 385ms
 ✓ tests/host/end-story-free-e2e.test.ts (1 test) 112ms
 ✓ tests/host/refer-to-expert-e2e.test.ts (1 test) 93ms
 ✓ tests/validation/golden-handoff.validate.test.ts (10 tests) 510ms
 ✓ tests/host/active-story-lock.test.ts (3 tests) 164ms
 ✓ tests/host/manual-story-loop.test.ts (2 tests) 185ms
 ✓ tests/host/chat-turns-e2e.test.ts (2 tests) 233ms
 ✓ tests/host/schedule-outbound.test.ts (2 tests) 102ms
 ✓ tests/host/playback-phase.test.ts (1 test) 90ms
 ✓ tests/host/content-reload-preserves-session.test.ts (2 tests) 217ms
 ✓ tests/host/golden-handoff.test.ts (2 tests) 215ms
 ✓ tests/host/night-layer-e2e.test.ts (2 tests) 222ms
 ✓ tests/host/a-to-b-memory-e2e.test.ts (1 test) 161ms
 ✓ tests/lore/bootstrap-fallback.test.ts (6 tests) 32ms
 ✓ tests/runtime/pick-pending-entry-mode.test.ts (4 tests) 4ms
 ✓ tests/host/wet.test.ts (8 tests) 25ms
 ✓ tests/memory/sqlite-memory.test.ts (8 tests) 50ms
 ✓ tests/runtime/composer.test.ts (10 tests) 7ms
 ✓ tests/runtime/effect-s11.test.ts (5 tests) 10ms
 ✓ tests/runtime/select-call-flow-prompt.test.ts (2 tests) 3ms
 ✓ tests/host/log-redact.test.ts (1 test) 1ms
 ✓ tests/schema/callcard-schema-tighten.test.ts (4 tests) 3ms
 ✓ tests/runtime/exit-selector.test.ts (3 tests) 1ms
 ✓ tests/runtime/effect-sink-plan-status.test.ts (3 tests) 4ms
 ✓ tests/index.smoke.test.ts (1 test) 1ms

 Test Files  30 passed (30)
      Tests  104 passed (104)
   Start at  22:33:29
   Duration  2.05s (transform 536ms, setup 0ms, collect 4.98s, tests 3.60s, environment 3ms, prepare 1.43s)

[gbx] ■ verify:npm test done exit=0 elapsed=3s
