[2026-07-16T09:04:05.418Z] checkpoint preflight skipped=true checkpoints disabled (default; pass --checkpoint to enable)
[2026-07-16T09:04:05.418Z] start status=EXECUTE_BATCH mock=false
[2026-07-16T09:04:05.425Z] iter=1 status=EXECUTE_BATCH
[2026-07-16T09:28:36.752Z] iter=2 status=BATCH_REVIEW
[2026-07-16T09:31:07.793Z] batch review → FIX_BATCH (review fail blocker=0 critical=1)
[2026-07-16T09:31:07.797Z] iter=3 status=FIX_BATCH
[2026-07-16T09:31:07.818Z] iter=4 status=BLOCKED
[2026-07-16T09:33:00.948Z] checkpoint preflight skipped=true checkpoints disabled (default; pass --checkpoint to enable)
[2026-07-16T09:33:00.949Z] start status=BLOCKED mock=false
[2026-07-16T09:33:00.953Z] iter=1 status=BLOCKED
[2026-07-16T09:33:54.916Z] checkpoint preflight skipped=true checkpoints disabled (default; pass --checkpoint to enable)
[2026-07-16T09:33:54.916Z] start status=BLOCKED mock=false
[2026-07-16T09:33:54.920Z] iter=1 status=BLOCKED
[2026-07-16T09:42:22.623Z] clear-blocked → EXECUTE_BATCH
[2026-07-16T09:42:22.627Z] checkpoint preflight skipped=true checkpoints disabled (default; pass --checkpoint to enable)
[2026-07-16T09:42:22.627Z] start status=EXECUTE_BATCH mock=false
[2026-07-16T09:42:22.627Z] iter=1 status=EXECUTE_BATCH
[2026-07-16T09:45:31.400Z] iter=2 status=BATCH_REVIEW
[2026-07-16T09:47:00.210Z] batch review → FIX_BATCH (review fail blocker=0 critical=1)
[2026-07-16T09:47:00.213Z] iter=3 status=FIX_BATCH
[2026-07-16T09:47:00.248Z] iter=4 status=BLOCKED
[2026-07-16T10:26:49.670Z] clear-blocked afterManual=true → FIX_BATCH (--after-manual: fixTrigger=review_fail, missing=V2-S1,V2-S2,V2-S3 → FIX_BATCH)
[2026-07-16T10:26:49.670Z] checkpoint preflight skipped=true checkpoints disabled (default; pass --checkpoint to enable)
[2026-07-16T10:26:49.670Z] start status=FIX_BATCH mock=false
[2026-07-16T10:26:49.671Z] iter=1 status=FIX_BATCH
[2026-07-16T10:28:58.171Z] iter=2 status=VERIFY_BATCH
[2026-07-16T10:29:03.800Z] checkbox missing: V2-S1,V2-S2,V2-S3
[2026-07-16T10:29:03.800Z] verify ok=true checks=false → FIX_BATCH (batch verify failed) fingerprint=-
[2026-07-16T10:29:03.800Z] iter=3 status=FIX_BATCH
[2026-07-16T10:29:35.550Z] iter=4 status=VERIFY_BATCH
[2026-07-16T10:29:40.845Z] checkpoint skipped=true sha=null checkpoints disabled
[2026-07-16T10:29:40.845Z] verify ok=true checks=true → EXECUTE_BATCH (batch verify pass; more todos) fingerprint=-
[2026-07-16T10:29:40.846Z] iter=5 status=EXECUTE_BATCH
[2026-07-16T10:33:07.128Z] iter=6 status=BATCH_REVIEW
[2026-07-16T10:34:15.754Z] batch review → FIX_BATCH (review fail blocker=0 critical=0)
[2026-07-16T10:34:15.754Z] iter=7 status=FIX_BATCH
[2026-07-16T10:37:07.686Z] iter=8 status=VERIFY_BATCH
[2026-07-16T10:37:11.901Z] verify ok=false checks=true → FIX_BATCH (batch verify failed) fingerprint=95764b18420f5dcae835fbd90ae1ded0056fcb9c
[2026-07-16T10:37:11.901Z] iter=9 status=FIX_BATCH
[2026-07-16T10:48:08.102Z] iter=10 status=VERIFY_BATCH
[2026-07-16T10:48:11.687Z] verify ok=false checks=true → FIX_BATCH (batch verify failed) fingerprint=ce8fab57adc3ae2e0d0e0bf2d4cb56f8f49396cf
[2026-07-16T10:48:11.688Z] iter=11 status=FIX_BATCH
[2026-07-16T11:13:42.404Z] iter=12 status=VERIFY_BATCH
[2026-07-16T11:13:47.603Z] checkpoint skipped=true sha=null checkpoints disabled
[2026-07-16T11:13:47.603Z] verify ok=true checks=true → EXECUTE_BATCH (batch verify pass; more todos) fingerprint=-
[2026-07-16T11:13:47.603Z] iter=13 status=EXECUTE_BATCH
[2026-07-16T11:24:13.846Z] iter=14 status=BATCH_REVIEW
[2026-07-16T11:28:01.422Z] batch review → FIX_BATCH (review fail blocker=0 critical=1)
[2026-07-16T11:28:01.422Z] iter=15 status=FIX_BATCH
[2026-07-16T11:49:26.331Z] fixer failed exit=1
[2026-07-16T11:49:26.335Z] iter=16 status=BLOCKED
[2026-07-17T01:04:29.404Z] clear-blocked afterManual=true → VERIFY_BATCH (--after-manual: active batch already ✅ → VERIFY_BATCH)
[2026-07-17T01:04:29.404Z] checkpoint preflight skipped=true checkpoints disabled (default; pass --checkpoint to enable)
[2026-07-17T01:04:29.404Z] start status=VERIFY_BATCH mock=false
[2026-07-17T01:04:29.404Z] iter=1 status=VERIFY_BATCH
[2026-07-17T01:04:36.492Z] checkpoint skipped=true sha=null checkpoints disabled
[2026-07-17T01:04:36.493Z] verify ok=true checks=true → EXECUTE_BATCH (batch verify pass; more todos) fingerprint=-
[2026-07-17T01:04:36.493Z] iter=2 status=EXECUTE_BATCH
[2026-07-17T01:08:45.914Z] iter=3 status=BATCH_REVIEW
[2026-07-17T01:10:00.026Z] batch review → FIX_BATCH (review fail blocker=0 critical=1)
[2026-07-17T01:10:00.031Z] iter=4 status=FIX_BATCH
[2026-07-17T01:14:39.554Z] iter=5 status=VERIFY_BATCH
[2026-07-17T01:14:43.609Z] verify ok=false checks=true → FIX_BATCH (batch verify failed) fingerprint=95764b18420f5dcae835fbd90ae1ded0056fcb9c
[2026-07-17T01:14:43.609Z] iter=6 status=FIX_BATCH
[2026-07-17T01:16:38.257Z] iter=7 status=VERIFY_BATCH
[2026-07-17T01:16:45.026Z] checkpoint skipped=true sha=null checkpoints disabled
[2026-07-17T01:16:45.027Z] verify ok=true checks=true → EXECUTE_BATCH (batch verify pass; more todos) fingerprint=-
[2026-07-17T01:16:45.028Z] iter=8 status=EXECUTE_BATCH
[2026-07-17T01:22:37.204Z] iter=9 status=BATCH_REVIEW
[2026-07-17T01:23:33.814Z] batch review → FIX_BATCH (review fail blocker=0 critical=0)
[2026-07-17T01:23:33.821Z] iter=10 status=FIX_BATCH
[2026-07-17T01:25:50.582Z] iter=11 status=VERIFY_BATCH
[2026-07-17T01:25:55.374Z] verify ok=false checks=true → FIX_BATCH (batch verify failed) fingerprint=95764b18420f5dcae835fbd90ae1ded0056fcb9c
[2026-07-17T01:25:55.388Z] iter=12 status=FIX_BATCH
[2026-07-17T01:33:08.008Z] iter=13 status=VERIFY_BATCH
[2026-07-17T01:33:13.736Z] checkpoint skipped=true sha=null checkpoints disabled
[2026-07-17T01:33:13.736Z] verify ok=true checks=true → EXECUTE_BATCH (batch verify pass; more todos) fingerprint=-
[2026-07-17T01:33:13.737Z] iter=14 status=EXECUTE_BATCH
[2026-07-17T01:36:14.695Z] iter=15 status=BATCH_REVIEW
[2026-07-17T01:37:31.013Z] batch review → FIX_BATCH (review fail blocker=0 critical=2)
[2026-07-17T01:37:31.014Z] iter=16 status=FIX_BATCH
[2026-07-17T01:45:01.914Z] iter=17 status=VERIFY_BATCH
[2026-07-17T01:45:07.471Z] checkbox missing: V2-A3,V2-U1,V2-U2
[2026-07-17T01:45:07.472Z] verify ok=false checks=false → FIX_BATCH (batch verify failed) fingerprint=35f3fff5d1c40c11a6de6fc08368cfbad1eb009d
[2026-07-17T01:45:07.472Z] iter=18 status=FIX_BATCH
[2026-07-17T01:47:00.663Z] iter=19 status=VERIFY_BATCH
[2026-07-17T01:47:07.082Z] checkbox missing: V2-A3,V2-U1,V2-U2
[2026-07-17T01:47:07.082Z] verify ok=true checks=false → FIX_BATCH (batch verify failed) fingerprint=-
[2026-07-17T01:47:07.083Z] iter=20 status=FIX_BATCH
[2026-07-17T01:47:42.962Z] iter=21 status=VERIFY_BATCH
[2026-07-17T01:47:48.097Z] checkpoint skipped=true sha=null checkpoints disabled
[2026-07-17T01:47:48.097Z] verify ok=true checks=true → EXECUTE_BATCH (batch verify pass; more todos) fingerprint=-
[2026-07-17T01:47:48.097Z] iter=22 status=EXECUTE_BATCH
[2026-07-17T01:54:14.833Z] iter=23 status=BATCH_REVIEW
[2026-07-17T01:55:28.228Z] batch review → FIX_BATCH (review fail blocker=0 critical=0)
[2026-07-17T01:55:28.229Z] iter=24 status=FIX_BATCH
[2026-07-17T02:01:02.604Z] iter=25 status=VERIFY_BATCH
[2026-07-17T02:01:09.862Z] checkbox missing: V2-U3,V2-E1,V2-E2
[2026-07-17T02:01:09.862Z] verify ok=true checks=false → FIX_BATCH (batch verify failed) fingerprint=-
[2026-07-17T02:01:09.863Z] iter=26 status=FIX_BATCH
[2026-07-17T02:01:51.339Z] iter=27 status=VERIFY_BATCH
[2026-07-17T02:02:00.266Z] checkpoint skipped=true sha=null checkpoints disabled
[2026-07-17T02:02:00.266Z] verify ok=true checks=true → EXECUTE_BATCH (batch verify pass; more todos) fingerprint=-
[2026-07-17T02:02:00.266Z] iter=28 status=EXECUTE_BATCH
[2026-07-17T02:07:51.693Z] iter=29 status=BATCH_REVIEW
[2026-07-17T02:09:02.768Z] batch review → FIX_BATCH (review fail blocker=0 critical=1)
[2026-07-17T02:09:02.769Z] iter=30 status=FIX_BATCH
[2026-07-17T02:12:53.591Z] iter=31 status=VERIFY_BATCH
[2026-07-17T02:12:58.131Z] verify ok=false checks=true → FIX_BATCH (batch verify failed) fingerprint=95764b18420f5dcae835fbd90ae1ded0056fcb9c
[2026-07-17T02:12:58.132Z] iter=32 status=FIX_BATCH
[2026-07-17T02:15:20.859Z] iter=33 status=VERIFY_BATCH
[2026-07-17T02:15:25.218Z] verify ok=false checks=true → FIX_BATCH (batch verify failed) fingerprint=95764b18420f5dcae835fbd90ae1ded0056fcb9c
[2026-07-17T02:15:25.219Z] iter=34 status=FIX_BATCH
[2026-07-17T02:18:46.761Z] iter=35 status=VERIFY_BATCH
[2026-07-17T02:18:51.209Z] verify ok=false checks=true → FIX_BATCH (batch verify failed) fingerprint=95764b18420f5dcae835fbd90ae1ded0056fcb9c
[2026-07-17T02:18:51.211Z] [gbx] ========== BLOCKED ========== | [gbx] reason: ineffective fix loop; verify still failing with same fingerprint (2/2) | [gbx] activeTaskIds: V2-E3,V2-E4,V2-E5 | [gbx] failedCommand: npm run quality:studio (exit 1) | [gbx] errorLocations: (none parsed; see verify report tails) | [gbx]   | V2/src/pageComponents/settings/com/SettingsEnginePanels.tsx:92:62  函数 SchemaEnginePanel 有效行数 65 超过告警线 60  考虑拆分以保持可测性 | [gbx]   | WARN STUDIO-STRUCT-002  apps/studioV2/src/pageComponents/storyEditor/StoryEditorShell.tsx:36:60  函数 StoryEditorShell 有效行数 95 超过告警线 60  考虑拆分以保持可测性 | [gbx]   | WARN STUDIO-STRUCT-002  apps/studioV2/src/pageComponents/storyEditor/canvas/useStoryCanvasGraph.ts:54:1  函数 useStoryCanvasGraph 有效行数 98 超过告警线 60  考虑拆分以保持可测性 | [gbx]   | WARN STUDIO-STRUCT-002  apps/studioV2/src/pageComponents/storyEditor/com/NodePropertyForm.tsx:39:60  函数 NodePropertyForm 有效行数 77 超过告警线 60  考虑拆分以保持可测性 | [gbx]   | WARN STUDIO-STRUCT-002  apps/studioV2/src/pageComponents/users/hooks/useUserLibraryPage.ts:18:1  函数 useUserLibraryPage 有效行数 69 超过告警线 60  考虑拆分以保持可测性 | [gbx]   | WARN STUDIO-STRUCT-001  apps/studioV2/src/utils/ajaxProxy/library/mockLibraryData.ts:1:1  other 有效行数 358 超过告警线 350  尽快拆分，避免逼近硬上限 | [gbx]   | STUDIO-STRUCT-008  apps/studioV2/src/pageComponents/storyEditor/com:1:1  目录含 5 个源文件且职责组≥2（character,dock,panel），应分子目录  按 domain/commands/features 等职责拆分子目录，禁止长前缀代目录 | [gbx]   | check:studio-structure failed (1 errors, 16 warnings, 148 files) | [gbx]   | check:studio-structure failed (exit 1) | [gbx]   | quality:studio FAILED | [gbx]   | [gbx] ■ verify:npm run quality:studio done exit=1 elapsed=4s | [gbx] verify report: /Users/bolbiao/workspace/airpc-engine/.ai-workflow-v2-step2/reports/latest-verify.json | [gbx] review report: /Users/bolbiao/workspace/airpc-engine/.ai-workflow-v2-step2/reviews/latest.json | [gbx] hint: fix the locations above, then re-run gbx (often with --reset-state if status stuck BLOCKED) | [gbx] =============================
[2026-07-17T02:18:51.211Z] iter=36 status=BLOCKED
[2026-07-17T02:18:51.211Z] [gbx] ========== BLOCKED ========== | [gbx] reason: ineffective fix loop; verify still failing with same fingerprint (2/2) | [gbx] activeTaskIds: V2-E3,V2-E4,V2-E5 | [gbx] failedCommand: npm run quality:studio (exit 1) | [gbx] errorLocations: (none parsed; see verify report tails) | [gbx]   | V2/src/pageComponents/settings/com/SettingsEnginePanels.tsx:92:62  函数 SchemaEnginePanel 有效行数 65 超过告警线 60  考虑拆分以保持可测性 | [gbx]   | WARN STUDIO-STRUCT-002  apps/studioV2/src/pageComponents/storyEditor/StoryEditorShell.tsx:36:60  函数 StoryEditorShell 有效行数 95 超过告警线 60  考虑拆分以保持可测性 | [gbx]   | WARN STUDIO-STRUCT-002  apps/studioV2/src/pageComponents/storyEditor/canvas/useStoryCanvasGraph.ts:54:1  函数 useStoryCanvasGraph 有效行数 98 超过告警线 60  考虑拆分以保持可测性 | [gbx]   | WARN STUDIO-STRUCT-002  apps/studioV2/src/pageComponents/storyEditor/com/NodePropertyForm.tsx:39:60  函数 NodePropertyForm 有效行数 77 超过告警线 60  考虑拆分以保持可测性 | [gbx]   | WARN STUDIO-STRUCT-002  apps/studioV2/src/pageComponents/users/hooks/useUserLibraryPage.ts:18:1  函数 useUserLibraryPage 有效行数 69 超过告警线 60  考虑拆分以保持可测性 | [gbx]   | WARN STUDIO-STRUCT-001  apps/studioV2/src/utils/ajaxProxy/library/mockLibraryData.ts:1:1  other 有效行数 358 超过告警线 350  尽快拆分，避免逼近硬上限 | [gbx]   | STUDIO-STRUCT-008  apps/studioV2/src/pageComponents/storyEditor/com:1:1  目录含 5 个源文件且职责组≥2（character,dock,panel），应分子目录  按 domain/commands/features 等职责拆分子目录，禁止长前缀代目录 | [gbx]   | check:studio-structure failed (1 errors, 16 warnings, 148 files) | [gbx]   | check:studio-structure failed (exit 1) | [gbx]   | quality:studio FAILED | [gbx]   | [gbx] ■ verify:npm run quality:studio done exit=1 elapsed=4s | [gbx] verify report: /Users/bolbiao/workspace/airpc-engine/.ai-workflow-v2-step2/reports/latest-verify.json | [gbx] review report: /Users/bolbiao/workspace/airpc-engine/.ai-workflow-v2-step2/reviews/latest.json | [gbx] hint: fix the locations above, then re-run gbx (often with --reset-state if status stuck BLOCKED) | [gbx] =============================
[2026-07-17T02:51:13.967Z] clear-blocked afterManual=true → FULL_REVIEW (no remaining todos → FULL_REVIEW)
[2026-07-17T02:51:13.967Z] checkpoint preflight skipped=true checkpoints disabled (default; pass --checkpoint to enable)
[2026-07-17T02:51:13.967Z] start status=FULL_REVIEW mock=false
[2026-07-17T02:51:13.967Z] iter=1 status=FULL_REVIEW
[2026-07-17T02:52:58.196Z] full review → FULL_FIX (review fail blocker=0 critical=1)
[2026-07-17T02:52:58.197Z] iter=2 status=FULL_FIX
[2026-07-17T02:54:30.957Z] iter=3 status=FULL_VERIFY
[2026-07-17T02:54:36.391Z] final checkpoint skipped=true sha=null checkpoints disabled
[2026-07-17T02:54:36.392Z] iter=4 status=READY_FOR_MANUAL_QA
