[gbx] ▶ verify:npm run quality:studio start cmd=/bin/sh cwd=/Users/bolbiao/workspace/airpc-engine

> quality:studio
> node scripts/studio-quality/quality-studio.mjs


==> ensure-modal-layout (pre-typecheck)
ensure-modal-layout: nothing to remove

==> ensure-migrated-layout (pre-typecheck)
removed obsolete flat file: apps/studioV2/src/pageComponents/characters/com/useCharacterLibraryPage.ts
removed obsolete flat file: apps/studioV2/src/pageComponents/assets/com/useAssetLibraryPage.ts
removed obsolete flat file: apps/studioV2/src/bis/pageBis/characters/createCharacterForm.ts
removed obsolete flat file: apps/studioV2/src/bis/pageBis/characters/createCharacter_bis.ts
removed obsolete flat file: apps/studioV2/src/bis/pageBis/characters/characterDetailForm.ts
removed obsolete flat file: apps/studioV2/src/bis/pageBis/characters/deleteCharacter_bis.ts
ensure-migrated-layout: removed 6 file(s)

==> lint (@airpc/studio-v2)

> @airpc/studio-v2@0.0.1 lint
> node ./scripts/run-eslint.mjs . --max-warnings 0


==> typecheck (@airpc/studio-v2)

> @airpc/studio-v2@0.0.1 typecheck
> tsc -p tsconfig.json --noEmit


==> check:comments
check:comments ok (126 files)

==> check:studio-structure
WARN STUDIO-STRUCT-002  apps/studioV2/src/commonUiComponents/modal/form/FormModal.tsx:72:1  函数 FormModalFrame 有效行数 65 超过告警线 60  考虑拆分以保持可测性
WARN STUDIO-STRUCT-002  apps/studioV2/src/pageComponents/characters/com/CharacterDetailEditForm.tsx:42:3  函数 CharacterDetailEditForm 有效行数 84 超过告警线 60  考虑拆分以保持可测性
WARN STUDIO-STRUCT-002  apps/studioV2/src/pageComponents/characters/hooks/useCharacterLibraryPage.ts:18:1  函数 useCharacterLibraryPage 有效行数 71 超过告警线 60  考虑拆分以保持可测性
WARN STUDIO-STRUCT-002  apps/studioV2/src/pageComponents/debugger/com/CallRunPanel.tsx:43:52  函数 CallRunPanel 有效行数 72 超过告警线 60  考虑拆分以保持可测性
WARN STUDIO-STRUCT-002  apps/studioV2/src/pageComponents/home/WorkbenchSideCol.tsx:21:37  函数 WorkbenchSideCol 有效行数 78 超过告警线 60  考虑拆分以保持可测性
WARN STUDIO-STRUCT-002  apps/studioV2/src/pageComponents/packages/create/CreatePackageView.tsx:22:38  函数 CreatePackageView 有效行数 63 超过告警线 60  考虑拆分以保持可测性
WARN STUDIO-STRUCT-002  apps/studioV2/src/pageComponents/packages/export/ExportPackageForm.tsx:33:45  函数 ExportPackageForm 有效行数 65 超过告警线 60  考虑拆分以保持可测性
WARN STUDIO-STRUCT-002  apps/studioV2/src/pageComponents/packages/list/PackageListView.tsx:30:36  函数 PackageListView 有效行数 84 超过告警线 60  考虑拆分以保持可测性
WARN STUDIO-STRUCT-002  apps/studioV2/src/pageComponents/settings/com/SettingsEnginePanels.tsx:92:62  函数 SchemaEnginePanel 有效行数 65 超过告警线 60  考虑拆分以保持可测性
WARN STUDIO-STRUCT-002  apps/studioV2/src/pageComponents/users/UserLibraryDetail.tsx:26:62  函数 UserLibraryDetail 有效行数 66 超过告警线 60  考虑拆分以保持可测性
check:studio-structure ok (126 files, 10 warnings)

==> test:studio

> test:studio
> npm run test -w @airpc/studio-v2


> @airpc/studio-v2@0.0.1 test
> vitest run


 RUN  v3.2.7 /Users/bolbiao/workspace/airpc-engine/apps/studioV2

 ✓ tests/commonUi/modalContract.test.ts (2 tests) 5ms
 ✓ tests/domain/createStudioId.test.ts (2 tests) 1ms
 ✓ tests/commonUi/formFieldConfig.test.ts (4 tests) 2ms
 ✓ tests/commonUi/paginationSlice.test.ts (5 tests) 2ms
 ✓ tests/packages/createPackageForm.test.ts (2 tests) 2ms
 ✓ tests/characters/characterForm.test.ts (4 tests) 7ms
 ✓ tests/assets/assetForm.test.ts (6 tests) 3ms

 Test Files  7 passed (7)
      Tests  25 passed (25)
   Start at  09:33:13
   Duration  350ms (transform 297ms, setup 0ms, collect 474ms, tests 21ms, environment 1ms, prepare 433ms)


==> gate self-tests (comments + structure)
▶ check:comments
  ✔ 合格契约通过 (10.284416ms)
  ✔ 缺失导出意图注释失败 (2.02925ms)
  ✔ 缺失字段说明失败 (1.091917ms)
  ✔ 复述占位注释失败 (1.144083ms)
  ✔ 无原因抑制失败（含裸 eslint-disable） (2.767042ms)
  ✔ 带原因抑制通过 (1.40125ms)
  ✔ 输出格式含规则编号与位置 (1.025875ms)
✔ check:comments (20.46125ms)
▶ check:studio-structure
  ✔ 有效行数忽略空行但不忽略注释 (0.615417ms)
  ✔ page.tsx 分类正确 (0.15575ms)
  ✔ 圈复杂度统计分支 (3.572417ms)
  ✔ 合格基线通过，且排除 generated (8.179208ms)
  ✔ page 行数硬上限失败 (2.3725ms)
  ✔ 函数复杂度硬上限失败 (1.930916ms)
  ✔ client 引擎写口失败 (2.651125ms)
  ✔ 业务旁平放测试失败 (2.888416ms)
  ✔ 深挖引擎内部路径失败 (2.32475ms)
  ✔ 目录异责平铺失败 (2.728875ms)
  ✔ 业务 barrel index 失败 (0.992625ms)
  ✔ 旧式顶层业务目录失败 (1.136541ms)
  ✔ 兼容转发壳失败 (1.747833ms)
  ✔ 同一语义区重复入口失败 (1.61475ms)
  ✔ UI 组件裸 fetch 失败 (1.169709ms)
  ✔ 大范围豁免被拒绝 (0.997167ms)
  ✔ 精确豁免生效 (1.099041ms)
  ✔ validateAllowlist 拒绝 apps/** (0.068208ms)
  ✔ 输出格式含规则编号与位置（路径可定位） (1.232417ms)
✔ check:studio-structure (38.485125ms)
ℹ tests 26
ℹ suites 2
ℹ pass 26
ℹ fail 0
ℹ cancelled 0
ℹ skipped 0
ℹ todo 0
ℹ duration_ms 174.508167

quality:studio ok
[gbx] ■ verify:npm run quality:studio done exit=0 elapsed=6s
