[gbx] ▶ verify:npm run quality:studio start cmd=/bin/sh cwd=/Users/bolbiao/workspace/airpc-engine

> quality:studio
> node scripts/studio-quality/quality-studio.mjs


==> ensure-modal-layout (pre-typecheck)
ensure-modal-layout: nothing to remove

==> ensure-migrated-layout (pre-typecheck)
ensure-migrated-layout: nothing to remove

==> lint (@airpc/studio-v2)

> @airpc/studio-v2@0.0.1 lint
> node ./scripts/run-eslint.mjs . --max-warnings 0


==> typecheck (@airpc/studio-v2)

> @airpc/studio-v2@0.0.1 typecheck
> tsc -p tsconfig.json --noEmit


==> check:comments
check:comments ok (141 files)

==> check:studio-structure
WARN STUDIO-STRUCT-002  apps/studioV2/src/commonUiComponents/modal/form/FormModal.tsx:72:1  函数 FormModalFrame 有效行数 65 超过告警线 60  考虑拆分以保持可测性
WARN STUDIO-STRUCT-002  apps/studioV2/src/pageComponents/assets/hooks/useAssetLibraryPage.ts:19:1  函数 useAssetLibraryPage 有效行数 78 超过告警线 60  考虑拆分以保持可测性
WARN STUDIO-STRUCT-003  apps/studioV2/src/pageComponents/assets/hooks/useAssetLibraryPage.ts:19:1  函数 useAssetLibraryPage 圈复杂度 11 超过告警线 10  重构条件分支，避免继续堆叠
WARN STUDIO-STRUCT-002  apps/studioV2/src/pageComponents/characters/com/CharacterDetailEditForm.tsx:42:3  函数 CharacterDetailEditForm 有效行数 84 超过告警线 60  考虑拆分以保持可测性
WARN STUDIO-STRUCT-002  apps/studioV2/src/pageComponents/characters/hooks/useCharacterLibraryPage.ts:18:1  函数 useCharacterLibraryPage 有效行数 71 超过告警线 60  考虑拆分以保持可测性
WARN STUDIO-STRUCT-002  apps/studioV2/src/pageComponents/debugger/com/CallRunPanel.tsx:43:52  函数 CallRunPanel 有效行数 72 超过告警线 60  考虑拆分以保持可测性
WARN STUDIO-STRUCT-002  apps/studioV2/src/pageComponents/home/WorkbenchSideCol.tsx:21:37  函数 WorkbenchSideCol 有效行数 78 超过告警线 60  考虑拆分以保持可测性
WARN STUDIO-STRUCT-002  apps/studioV2/src/pageComponents/packages/create/CreatePackageView.tsx:22:38  函数 CreatePackageView 有效行数 63 超过告警线 60  考虑拆分以保持可测性
WARN STUDIO-STRUCT-002  apps/studioV2/src/pageComponents/packages/export/ExportPackageForm.tsx:33:45  函数 ExportPackageForm 有效行数 65 超过告警线 60  考虑拆分以保持可测性
WARN STUDIO-STRUCT-002  apps/studioV2/src/pageComponents/packages/list/PackageListView.tsx:30:36  函数 PackageListView 有效行数 84 超过告警线 60  考虑拆分以保持可测性
WARN STUDIO-STRUCT-002  apps/studioV2/src/pageComponents/settings/com/SettingsEnginePanels.tsx:92:62  函数 SchemaEnginePanel 有效行数 65 超过告警线 60  考虑拆分以保持可测性
WARN STUDIO-STRUCT-002  apps/studioV2/src/pageComponents/storyEditor/StoryEditorShell.tsx:31:60  函数 StoryEditorShell 有效行数 67 超过告警线 60  考虑拆分以保持可测性
WARN STUDIO-STRUCT-002  apps/studioV2/src/pageComponents/storyEditor/canvas/useStoryCanvasGraph.ts:53:1  函数 useStoryCanvasGraph 有效行数 77 超过告警线 60  考虑拆分以保持可测性
WARN STUDIO-STRUCT-002  apps/studioV2/src/pageComponents/storyEditor/com/NodePropertyForm.tsx:39:60  函数 NodePropertyForm 有效行数 77 超过告警线 60  考虑拆分以保持可测性
WARN STUDIO-STRUCT-002  apps/studioV2/src/pageComponents/users/hooks/useUserLibraryPage.ts:18:1  函数 useUserLibraryPage 有效行数 69 超过告警线 60  考虑拆分以保持可测性
WARN STUDIO-STRUCT-001  apps/studioV2/src/utils/ajaxProxy/library/mockLibraryData.ts:1:1  other 有效行数 358 超过告警线 350  尽快拆分，避免逼近硬上限
check:studio-structure ok (141 files, 16 warnings)

==> test:studio

> test:studio
> npm run test -w @airpc/studio-v2


> @airpc/studio-v2@0.0.1 test
> vitest run


 RUN  v3.2.7 /Users/bolbiao/workspace/airpc-engine/apps/studioV2

 ✓ tests/commonUi/modalContract.test.ts (3 tests) 2ms
 ✓ tests/domain/createStudioId.test.ts (2 tests) 2ms
 ✓ tests/commonUi/formFieldConfig.test.ts (4 tests) 2ms
 ✓ tests/storyEditor/nodePropertyAndRole.test.ts (4 tests) 3ms
 ✓ tests/characters/characterForm.test.ts (4 tests) 4ms
 ✓ tests/users/userForm.test.ts (7 tests) 3ms
 ✓ tests/assets/assetForm.test.ts (8 tests) 9ms
 ✓ tests/commonUi/paginationSlice.test.ts (5 tests) 2ms
 ✓ tests/packages/createPackageForm.test.ts (2 tests) 2ms

 Test Files  9 passed (9)
      Tests  39 passed (39)
   Start at  10:01:09
   Duration  465ms (transform 423ms, setup 0ms, collect 668ms, tests 30ms, environment 1ms, prepare 535ms)


==> gate self-tests (comments + structure)
▶ check:comments
  ✔ 合格契约通过 (9.654042ms)
  ✔ 缺失导出意图注释失败 (1.91075ms)
  ✔ 缺失字段说明失败 (1.452459ms)
  ✔ 复述占位注释失败 (1.423666ms)
  ✔ 无原因抑制失败（含裸 eslint-disable） (2.651333ms)
  ✔ 带原因抑制通过 (1.286125ms)
  ✔ 输出格式含规则编号与位置 (0.836834ms)
✔ check:comments (19.913208ms)
▶ check:studio-structure
  ✔ 有效行数忽略空行但不忽略注释 (0.505791ms)
  ✔ page.tsx 分类正确 (0.147167ms)
  ✔ 圈复杂度统计分支 (3.692792ms)
  ✔ 合格基线通过，且排除 generated (7.986459ms)
  ✔ page 行数硬上限失败 (2.775792ms)
  ✔ 函数复杂度硬上限失败 (2.195292ms)
  ✔ client 引擎写口失败 (2.5285ms)
  ✔ 业务旁平放测试失败 (3.100667ms)
  ✔ 深挖引擎内部路径失败 (2.369292ms)
  ✔ 目录异责平铺失败 (2.918625ms)
  ✔ 业务 barrel index 失败 (1.02575ms)
  ✔ 旧式顶层业务目录失败 (1.434083ms)
  ✔ 兼容转发壳失败 (2.246208ms)
  ✔ 同一语义区重复入口失败 (1.917417ms)
  ✔ UI 组件裸 fetch 失败 (2.089125ms)
  ✔ 大范围豁免被拒绝 (1.252292ms)
  ✔ 精确豁免生效 (1.164375ms)
  ✔ validateAllowlist 拒绝 apps/** (0.084333ms)
  ✔ 输出格式含规则编号与位置（路径可定位） (1.488666ms)
✔ check:studio-structure (41.98475ms)
ℹ tests 26
ℹ suites 2
ℹ pass 26
ℹ fail 0
ℹ cancelled 0
ℹ skipped 0
ℹ todo 0
ℹ duration_ms 185.563583

quality:studio ok
[gbx] ■ verify:npm run quality:studio done exit=0 elapsed=7s
