[gbx] ▶ verify:npm run quality:studio start cmd=/bin/sh cwd=/Users/bolbiao/workspace/airpc-engine

> quality:studio
> node scripts/studio-quality/quality-studio.mjs


==> lint (@airpc/studio-v2)

> @airpc/studio-v2@0.0.1 lint
> node ./scripts/run-eslint.mjs . --max-warnings 0


==> typecheck (@airpc/studio-v2)

> @airpc/studio-v2@0.0.1 typecheck
> tsc -p tsconfig.json --noEmit


==> check:comments
check:comments ok (101 files)

==> check:studio-structure
WARN STUDIO-STRUCT-002  apps/studioV2/src/pageComponents/debugger/com/CallRunPanel.tsx:43:52  函数 CallRunPanel 有效行数 72 超过告警线 60  考虑拆分以保持可测性
WARN STUDIO-STRUCT-002  apps/studioV2/src/pageComponents/home/WorkbenchSideCol.tsx:21:37  函数 WorkbenchSideCol 有效行数 78 超过告警线 60  考虑拆分以保持可测性
WARN STUDIO-STRUCT-002  apps/studioV2/src/pageComponents/packages/create/CreatePackageView.tsx:22:38  函数 CreatePackageView 有效行数 87 超过告警线 60  考虑拆分以保持可测性
WARN STUDIO-STRUCT-002  apps/studioV2/src/pageComponents/packages/export/ExportPackageForm.tsx:33:45  函数 ExportPackageForm 有效行数 65 超过告警线 60  考虑拆分以保持可测性
WARN STUDIO-STRUCT-002  apps/studioV2/src/pageComponents/packages/list/PackageListView.tsx:24:36  函数 PackageListView 有效行数 80 超过告警线 60  考虑拆分以保持可测性
WARN STUDIO-STRUCT-002  apps/studioV2/src/pageComponents/settings/com/SettingsEnginePanels.tsx:92:62  函数 SchemaEnginePanel 有效行数 65 超过告警线 60  考虑拆分以保持可测性
WARN STUDIO-STRUCT-002  apps/studioV2/src/pageComponents/users/UserLibraryDetail.tsx:26:62  函数 UserLibraryDetail 有效行数 66 超过告警线 60  考虑拆分以保持可测性
check:studio-structure ok (101 files, 7 warnings)

==> test:studio

> test:studio
> npm run test -w @airpc/studio-v2


> @airpc/studio-v2@0.0.1 test
> vitest run


 RUN  v3.2.7 /Users/bolbiao/workspace/airpc-engine/apps/studioV2

 ✓ tests/domain/createStudioId.test.ts (2 tests) 1ms
 ✓ tests/commonUi/formFieldConfig.test.ts (4 tests) 2ms

 Test Files  2 passed (2)
      Tests  6 passed (6)
   Start at  18:29:03
   Duration  216ms (transform 44ms, setup 0ms, collect 48ms, tests 3ms, environment 0ms, prepare 87ms)


==> gate self-tests (comments + structure)
▶ check:comments
  ✔ 合格契约通过 (9.590583ms)
  ✔ 缺失导出意图注释失败 (1.96575ms)
  ✔ 缺失字段说明失败 (1.168917ms)
  ✔ 复述占位注释失败 (1.225916ms)
  ✔ 无原因抑制失败（含裸 eslint-disable） (2.772625ms)
  ✔ 带原因抑制通过 (1.687584ms)
  ✔ 输出格式含规则编号与位置 (0.926083ms)
✔ check:comments (20.089709ms)
▶ check:studio-structure
  ✔ 有效行数忽略空行但不忽略注释 (0.516625ms)
  ✔ page.tsx 分类正确 (0.154917ms)
  ✔ 圈复杂度统计分支 (3.804667ms)
  ✔ 合格基线通过，且排除 generated (8.415666ms)
  ✔ page 行数硬上限失败 (2.458042ms)
  ✔ 函数复杂度硬上限失败 (2.373042ms)
  ✔ client 引擎写口失败 (2.787625ms)
  ✔ 业务旁平放测试失败 (2.798542ms)
  ✔ 深挖引擎内部路径失败 (2.314208ms)
  ✔ 目录异责平铺失败 (3.059958ms)
  ✔ 业务 barrel index 失败 (1.035833ms)
  ✔ 旧式顶层业务目录失败 (1.277ms)
  ✔ 兼容转发壳失败 (2.239125ms)
  ✔ 同一语义区重复入口失败 (1.97875ms)
  ✔ UI 组件裸 fetch 失败 (1.340084ms)
  ✔ 大范围豁免被拒绝 (1.1255ms)
  ✔ 精确豁免生效 (1.117583ms)
  ✔ validateAllowlist 拒绝 apps/** (0.080459ms)
  ✔ 输出格式含规则编号与位置（路径可定位） (1.365708ms)
✔ check:studio-structure (41.2795ms)
ℹ tests 26
ℹ suites 2
ℹ pass 26
ℹ fail 0
ℹ cancelled 0
ℹ skipped 0
ℹ todo 0
ℹ duration_ms 187.233708

quality:studio ok
[gbx] ■ verify:npm run quality:studio done exit=0 elapsed=6s
