[gbx] ▶ verify:npm run quality:studio start cmd=/bin/sh cwd=/Users/bolbiao/workspace/airpc-engine

> quality:studio
> node scripts/studio-quality/quality-studio.mjs


==> ensure-modal-layout (pre-typecheck)
ensure-modal-layout: nothing to remove

==> ensure-migrated-layout (pre-typecheck)
ensure-migrated-layout: nothing to remove

==> lint (@airpc/studio-v2)

> @airpc/studio-v2@0.0.1 lint
> node ./scripts/run-eslint.mjs . --max-warnings 0


==> typecheck (@airpc/studio-v2)

> @airpc/studio-v2@0.0.1 typecheck
> tsc -p tsconfig.json --noEmit


==> check:comments
STUDIO-COMMENT-002  apps/studioV2/src/bis/pageBis/storyEditor/addEditorCharacterForm.ts:16:3  严格契约字段「EditorCharacterLibraryOption.agentId」缺少字段级说明  补充单位、可空语义、所有权、持久化或生命周期说明
STUDIO-COMMENT-002  apps/studioV2/src/bis/pageBis/storyEditor/addEditorCharacterForm.ts:17:3  严格契约字段「EditorCharacterLibraryOption.displayName」缺少字段级说明  补充单位、可空语义、所有权、持久化或生命周期说明
STUDIO-COMMENT-001  apps/studioV2/src/bis/pageBis/storyEditor/addEditorCharacterForm.ts:62:1  严格契约目录中的导出「ADD_EDITOR_CHARACTER_INITIAL_VALUES」缺少意图注释或 JSDoc  在声明上方补充说明为什么存在、约束或副作用
check:comments failed (3 issues, 144 files)
check:comments failed (exit 1)

quality:studio FAILED
[gbx] ■ verify:npm run quality:studio done exit=1 elapsed=4s
